{"C:\\Users\\adrad\\OneDrive\\Desktop\\bot_backend\\src\\app.module.ts": {"path":"C:\\Users\\adrad\\OneDrive\\Desktop\\bot_backend\\src\\app.module.ts","statementMap":{"0":{"start":{"line":1,"column":0},"end":{"line":1,"column":40}},"1":{"start":{"line":2,"column":0},"end":{"line":2,"column":46}},"2":{"start":{"line":3,"column":0},"end":{"line":3,"column":54}},"3":{"start":{"line":4,"column":0},"end":{"line":4,"column":61}},"4":{"start":{"line":5,"column":0},"end":{"line":5,"column":58}},"5":{"start":{"line":6,"column":0},"end":{"line":6,"column":48}},"6":{"start":{"line":7,"column":0},"end":{"line":7,"column":51}},"7":{"start":{"line":8,"column":0},"end":{"line":8,"column":60}},"8":{"start":{"line":9,"column":0},"end":{"line":9,"column":57}},"9":{"start":{"line":10,"column":0},"end":{"line":10,"column":69}},"10":{"start":{"line":11,"column":0},"end":{"line":11,"column":63}},"11":{"start":{"line":12,"column":0},"end":{"line":12,"column":74}},"12":{"start":{"line":13,"column":0},"end":{"line":13,"column":72}},"13":{"start":{"line":14,"column":0},"end":{"line":14,"column":57}},"14":{"start":{"line":15,"column":0},"end":{"line":15,"column":45}},"15":{"start":{"line":16,"column":0},"end":{"line":16,"column":77}},"16":{"start":{"line":17,"column":0},"end":{"line":17,"column":57}},"17":{"start":{"line":18,"column":0},"end":{"line":18,"column":51}},"18":{"start":{"line":19,"column":0},"end":{"line":19,"column":63}},"19":{"start":{"line":20,"column":0},"end":{"line":20,"column":63}},"20":{"start":{"line":21,"column":0},"end":{"line":21,"column":60}},"21":{"start":{"line":22,"column":0},"end":{"line":22,"column":81}},"22":{"start":{"line":23,"column":0},"end":{"line":23,"column":75}},"23":{"start":{"line":24,"column":0},"end":{"line":24,"column":71}},"24":{"start":{"line":53,"column":7},"end":{"line":53,"column":null}},"25":{"start":{"line":53,"column":13},"end":{"line":53,"column":22}},"26":{"start":{"line":53,"column":13},"end":{"line":53,"column":null}}},"fnMap":{},"branchMap":{},"s":{"0":0,"1":0,"2":0,"3":0,"4":0,"5":0,"6":0,"7":0,"8":0,"9":0,"10":0,"11":0,"12":0,"13":0,"14":0,"15":0,"16":0,"17":0,"18":0,"19":0,"20":0,"21":0,"22":0,"23":0,"24":0,"25":0,"26":0},"f":{},"b":{}}
,"C:\\Users\\adrad\\OneDrive\\Desktop\\bot_backend\\src\\main.ts": {"path":"C:\\Users\\adrad\\OneDrive\\Desktop\\bot_backend\\src\\main.ts","statementMap":{"0":{"start":{"line":1,"column":0},"end":{"line":1,"column":43}},"1":{"start":{"line":2,"column":0},"end":{"line":2,"column":41}},"2":{"start":{"line":3,"column":0},"end":{"line":3,"column":48}},"3":{"start":{"line":4,"column":0},"end":{"line":4,"column":65}},"4":{"start":{"line":5,"column":0},"end":{"line":5,"column":62}},"5":{"start":{"line":6,"column":0},"end":{"line":6,"column":77}},"6":{"start":{"line":7,"column":0},"end":{"line":7,"column":83}},"7":{"start":{"line":8,"column":0},"end":{"line":8,"column":47}},"8":{"start":{"line":11,"column":14},"end":{"line":13,"column":4}},"9":{"start":{"line":15,"column":24},"end":{"line":15,"column":46}},"10":{"start":{"line":16,"column":15},"end":{"line":16,"column":54}},"11":{"start":{"line":18,"column":17},"end":{"line":18,"column":38}},"12":{"start":{"line":19,"column":2},"end":{"line":19,"column":24}},"13":{"start":{"line":21,"column":2},"end":{"line":21,"column":19}},"14":{"start":{"line":23,"column":2},"end":{"line":29,"column":4}},"15":{"start":{"line":31,"column":2},"end":{"line":31,"column":56}},"16":{"start":{"line":32,"column":2},"end":{"line":32,"column":56}},"17":{"start":{"line":34,"column":17},"end":{"line":41,"column":12}},"18":{"start":{"line":43,"column":19},"end":{"line":43,"column":60}},"19":{"start":{"line":44,"column":2},"end":{"line":44,"column":49}},"20":{"start":{"line":46,"column":2},"end":{"line":46,"column":25}},"21":{"start":{"line":47,"column":2},"end":{"line":47,"column":73}},"22":{"start":{"line":48,"column":2},"end":{"line":48,"column":86}},"23":{"start":{"line":50,"column":0},"end":{"line":50,"column":12}}},"fnMap":{"0":{"name":"bootstrap","decl":{"start":{"line":10,"column":15},"end":{"line":10,"column":24}},"loc":{"start":{"line":10,"column":24},"end":{"line":49,"column":1}}}},"branchMap":{},"s":{"0":0,"1":0,"2":0,"3":0,"4":0,"5":0,"6":0,"7":0,"8":0,"9":0,"10":0,"11":0,"12":0,"13":0,"14":0,"15":0,"16":0,"17":0,"18":0,"19":0,"20":0,"21":0,"22":0,"23":0},"f":{"0":0},"b":{}}
,"C:\\Users\\adrad\\OneDrive\\Desktop\\bot_backend\\src\\appointments\\appointments.controller.ts": {"path":"C:\\Users\\adrad\\OneDrive\\Desktop\\bot_backend\\src\\appointments\\appointments.controller.ts","statementMap":{"0":{"start":{"line":1,"column":0},"end":{"line":1,"column":null}},"1":{"start":{"line":14,"column":0},"end":{"line":14,"column":61}},"2":{"start":{"line":15,"column":0},"end":{"line":15,"column":64}},"3":{"start":{"line":16,"column":0},"end":{"line":16,"column":76}},"4":{"start":{"line":17,"column":0},"end":{"line":17,"column":90}},"5":{"start":{"line":18,"column":0},"end":{"line":18,"column":61}},"6":{"start":{"line":19,"column":0},"end":{"line":19,"column":56}},"7":{"start":{"line":20,"column":0},"end":{"line":20,"column":59}},"8":{"start":{"line":21,"column":0},"end":{"line":21,"column":57}},"9":{"start":{"line":22,"column":0},"end":{"line":22,"column":55}},"10":{"start":{"line":27,"column":2},"end":{"line":27,"column":null}},"11":{"start":{"line":31,"column":2},"end":{"line":31,"column":null}},"12":{"start":{"line":38,"column":7},"end":{"line":159,"column":null}},"13":{"start":{"line":39,"column":31},"end":{"line":39,"column":52}},"14":{"start":{"line":47,"column":4},"end":{"line":47,"column":46}},"15":{"start":{"line":57,"column":4},"end":{"line":57,"column":52}},"16":{"start":{"line":68,"column":4},"end":{"line":68,"column":70}},"17":{"start":{"line":75,"column":4},"end":{"line":75,"column":48}},"18":{"start":{"line":84,"column":4},"end":{"line":84,"column":48}},"19":{"start":{"line":91,"column":4},"end":{"line":91,"column":48}},"20":{"start":{"line":98,"column":4},"end":{"line":98,"column":58}},"21":{"start":{"line":105,"column":4},"end":{"line":105,"column":49}},"22":{"start":{"line":112,"column":4},"end":{"line":112,"column":51}},"23":{"start":{"line":123,"column":4},"end":{"line":123,"column":91}},"24":{"start":{"line":135,"column":4},"end":{"line":135,"column":56}},"25":{"start":{"line":148,"column":4},"end":{"line":148,"column":58}},"26":{"start":{"line":157,"column":4},"end":{"line":157,"column":79}},"27":{"start":{"line":38,"column":13},"end":{"line":38,"column":35}},"28":{"start":{"line":46,"column":8},"end":{"line":48,"column":null}},"29":{"start":{"line":56,"column":8},"end":{"line":58,"column":null}},"30":{"start":{"line":64,"column":8},"end":{"line":69,"column":null}},"31":{"start":{"line":74,"column":8},"end":{"line":76,"column":null}},"32":{"start":{"line":83,"column":8},"end":{"line":85,"column":null}},"33":{"start":{"line":90,"column":8},"end":{"line":92,"column":null}},"34":{"start":{"line":97,"column":8},"end":{"line":99,"column":null}},"35":{"start":{"line":104,"column":8},"end":{"line":106,"column":null}},"36":{"start":{"line":111,"column":8},"end":{"line":113,"column":null}},"37":{"start":{"line":119,"column":8},"end":{"line":124,"column":null}},"38":{"start":{"line":131,"column":8},"end":{"line":136,"column":null}},"39":{"start":{"line":144,"column":8},"end":{"line":149,"column":null}},"40":{"start":{"line":156,"column":8},"end":{"line":158,"column":null}},"41":{"start":{"line":38,"column":13},"end":{"line":159,"column":null}}},"fnMap":{"0":{"name":"(anonymous_4)","decl":{"start":{"line":39,"column":2},"end":{"line":39,"column":31}},"loc":{"start":{"line":39,"column":71},"end":{"line":39,"column":75}}},"1":{"name":"(anonymous_5)","decl":{"start":{"line":46,"column":8},"end":{"line":46,"column":12}},"loc":{"start":{"line":46,"column":44},"end":{"line":48,"column":3}}},"2":{"name":"(anonymous_6)","decl":{"start":{"line":56,"column":8},"end":{"line":56,"column":15}},"loc":{"start":{"line":56,"column":59},"end":{"line":58,"column":3}}},"3":{"name":"(anonymous_7)","decl":{"start":{"line":64,"column":8},"end":{"line":64,"column":23}},"loc":{"start":{"line":66,"column":31},"end":{"line":69,"column":3}}},"4":{"name":"(anonymous_8)","decl":{"start":{"line":74,"column":8},"end":{"line":74,"column":15}},"loc":{"start":{"line":74,"column":39},"end":{"line":76,"column":3}}},"5":{"name":"(anonymous_9)","decl":{"start":{"line":83,"column":8},"end":{"line":83,"column":15}},"loc":{"start":{"line":83,"column":39},"end":{"line":85,"column":3}}},"6":{"name":"(anonymous_10)","decl":{"start":{"line":90,"column":8},"end":{"line":90,"column":15}},"loc":{"start":{"line":90,"column":39},"end":{"line":92,"column":3}}},"7":{"name":"(anonymous_11)","decl":{"start":{"line":97,"column":8},"end":{"line":97,"column":25}},"loc":{"start":{"line":97,"column":49},"end":{"line":99,"column":3}}},"8":{"name":"(anonymous_12)","decl":{"start":{"line":104,"column":8},"end":{"line":104,"column":16}},"loc":{"start":{"line":104,"column":40},"end":{"line":106,"column":3}}},"9":{"name":"(anonymous_13)","decl":{"start":{"line":111,"column":8},"end":{"line":111,"column":18}},"loc":{"start":{"line":111,"column":42},"end":{"line":113,"column":3}}},"10":{"name":"(anonymous_14)","decl":{"start":{"line":119,"column":8},"end":{"line":119,"column":24}},"loc":{"start":{"line":121,"column":38},"end":{"line":124,"column":3}}},"11":{"name":"(anonymous_15)","decl":{"start":{"line":131,"column":8},"end":{"line":131,"column":18}},"loc":{"start":{"line":133,"column":41},"end":{"line":136,"column":3}}},"12":{"name":"(anonymous_16)","decl":{"start":{"line":144,"column":8},"end":{"line":144,"column":20}},"loc":{"start":{"line":146,"column":46},"end":{"line":149,"column":3}}},"13":{"name":"(anonymous_17)","decl":{"start":{"line":156,"column":8},"end":{"line":156,"column":14}},"loc":{"start":{"line":156,"column":38},"end":{"line":158,"column":3}}}},"branchMap":{"0":{"loc":{"start":{"line":123,"column":47},"end":{"line":123,"column":75}},"type":"binary-expr","locations":[{"start":{"line":123,"column":47},"end":{"line":123,"column":64}},{"start":{"line":123,"column":68},"end":{"line":123,"column":75}}]},"1":{"loc":{"start":{"line":46,"column":26},"end":{"line":46,"column":null}},"type":"cond-expr","locations":[{"start":{"line":46,"column":44},"end":{"line":46,"column":null}},{"start":{"line":46,"column":44},"end":{"line":46,"column":null}}]},"2":{"loc":{"start":{"line":46,"column":26},"end":{"line":46,"column":44}},"type":"binary-expr","locations":[{"start":{"line":46,"column":26},"end":{"line":46,"column":null}},{"start":{"line":46,"column":26},"end":{"line":46,"column":44}}]},"3":{"loc":{"start":{"line":56,"column":42},"end":{"line":56,"column":null}},"type":"cond-expr","locations":[{"start":{"line":56,"column":59},"end":{"line":56,"column":null}},{"start":{"line":56,"column":59},"end":{"line":56,"column":null}}]},"4":{"loc":{"start":{"line":56,"column":42},"end":{"line":56,"column":59}},"type":"binary-expr","locations":[{"start":{"line":56,"column":42},"end":{"line":56,"column":null}},{"start":{"line":56,"column":42},"end":{"line":56,"column":59}}]},"5":{"loc":{"start":{"line":133,"column":17},"end":{"line":133,"column":null}},"type":"cond-expr","locations":[{"start":{"line":133,"column":41},"end":{"line":133,"column":null}},{"start":{"line":133,"column":41},"end":{"line":133,"column":null}}]},"6":{"loc":{"start":{"line":133,"column":17},"end":{"line":133,"column":41}},"type":"binary-expr","locations":[{"start":{"line":133,"column":17},"end":{"line":133,"column":null}},{"start":{"line":133,"column":17},"end":{"line":133,"column":41}}]},"7":{"loc":{"start":{"line":146,"column":29},"end":{"line":146,"column":null}},"type":"cond-expr","locations":[{"start":{"line":146,"column":46},"end":{"line":146,"column":null}},{"start":{"line":146,"column":46},"end":{"line":146,"column":null}}]},"8":{"loc":{"start":{"line":146,"column":29},"end":{"line":146,"column":46}},"type":"binary-expr","locations":[{"start":{"line":146,"column":29},"end":{"line":146,"column":null}},{"start":{"line":146,"column":29},"end":{"line":146,"column":46}}]},"9":{"loc":{"start":{"line":39,"column":52},"end":{"line":39,"column":74}},"type":"cond-expr","locations":[{"start":{"line":39,"column":71},"end":{"line":39,"column":74}},{"start":{"line":39,"column":71},"end":{"line":39,"column":74}}]},"10":{"loc":{"start":{"line":39,"column":52},"end":{"line":39,"column":71}},"type":"binary-expr","locations":[{"start":{"line":39,"column":52},"end":{"line":39,"column":74}},{"start":{"line":39,"column":52},"end":{"line":39,"column":71}}]}},"s":{"0":0,"1":0,"2":0,"3":0,"4":0,"5":0,"6":0,"7":0,"8":0,"9":0,"10":0,"11":0,"12":0,"13":0,"14":0,"15":0,"16":0,"17":0,"18":0,"19":0,"20":0,"21":0,"22":0,"23":0,"24":0,"25":0,"26":0,"27":0,"28":0,"29":0,"30":0,"31":0,"32":0,"33":0,"34":0,"35":0,"36":0,"37":0,"38":0,"39":0,"40":0,"41":0},"f":{"0":0,"1":0,"2":0,"3":0,"4":0,"5":0,"6":0,"7":0,"8":0,"9":0,"10":0,"11":0,"12":0,"13":0},"b":{"0":[0,0],"1":[0,0],"2":[0,0],"3":[0,0],"4":[0,0],"5":[0,0],"6":[0,0],"7":[0,0],"8":[0,0],"9":[0,0],"10":[0,0]}}
,"C:\\Users\\adrad\\OneDrive\\Desktop\\bot_backend\\src\\appointments\\appointments.module.ts": {"path":"C:\\Users\\adrad\\OneDrive\\Desktop\\bot_backend\\src\\appointments\\appointments.module.ts","statementMap":{"0":{"start":{"line":1,"column":0},"end":{"line":1,"column":40}},"1":{"start":{"line":2,"column":0},"end":{"line":2,"column":61}},"2":{"start":{"line":3,"column":0},"end":{"line":3,"column":67}},"3":{"start":{"line":4,"column":0},"end":{"line":4,"column":64}},"4":{"start":{"line":12,"column":7},"end":{"line":12,"column":null}},"5":{"start":{"line":12,"column":13},"end":{"line":12,"column":31}},"6":{"start":{"line":12,"column":13},"end":{"line":12,"column":null}}},"fnMap":{},"branchMap":{},"s":{"0":0,"1":0,"2":0,"3":0,"4":0,"5":0,"6":0},"f":{},"b":{}}
,"C:\\Users\\adrad\\OneDrive\\Desktop\\bot_backend\\src\\appointments\\appointments.service.ts": {"path":"C:\\Users\\adrad\\OneDrive\\Desktop\\bot_backend\\src\\appointments\\appointments.service.ts","statementMap":{"0":{"start":{"line":1,"column":0},"end":{"line":1,"column":null}},"1":{"start":{"line":7,"column":0},"end":{"line":7,"column":57}},"2":{"start":{"line":8,"column":0},"end":{"line":8,"column":66}},"3":{"start":{"line":12,"column":0},"end":{"line":12,"column":54}},"4":{"start":{"line":15,"column":76},"end":{"line":25,"column":2}},"5":{"start":{"line":28,"column":7},"end":{"line":457,"column":null}},"6":{"start":{"line":30,"column":21},"end":{"line":30,"column":29}},"7":{"start":{"line":31,"column":21},"end":{"line":31,"column":39}},"8":{"start":{"line":32,"column":21},"end":{"line":32,"column":35}},"9":{"start":{"line":38,"column":23},"end":{"line":38,"column":40}},"10":{"start":{"line":41,"column":20},"end":{"line":43,"column":6}},"11":{"start":{"line":44,"column":4},"end":{"line":44,"column":27}},"12":{"start":{"line":44,"column":17},"end":{"line":44,"column":27}},"13":{"start":{"line":47,"column":20},"end":{"line":52,"column":6}},"14":{"start":{"line":53,"column":4},"end":{"line":53,"column":27}},"15":{"start":{"line":53,"column":17},"end":{"line":53,"column":27}},"16":{"start":{"line":56,"column":18},"end":{"line":58,"column":6}},"17":{"start":{"line":59,"column":4},"end":{"line":59,"column":25}},"18":{"start":{"line":59,"column":15},"end":{"line":59,"column":25}},"19":{"start":{"line":62,"column":19},"end":{"line":65,"column":6}},"20":{"start":{"line":66,"column":4},"end":{"line":66,"column":65}},"21":{"start":{"line":66,"column":17},"end":{"line":66,"column":65}},"22":{"start":{"line":67,"column":25},"end":{"line":67,"column":85}},"23":{"start":{"line":70,"column":21},"end":{"line":74,"column":6}},"24":{"start":{"line":76,"column":62},"end":{"line":76,"column":64}},"25":{"start":{"line":78,"column":4},"end":{"line":88,"column":5}},"26":{"start":{"line":79,"column":6},"end":{"line":81,"column":7}},"27":{"start":{"line":80,"column":8},"end":{"line":80,"column":18}},"28":{"start":{"line":82,"column":6},"end":{"line":82,"column":81}},"29":{"start":{"line":84,"column":24},"end":{"line":84,"column":43}},"30":{"start":{"line":85,"column":6},"end":{"line":87,"column":9}},"31":{"start":{"line":90,"column":4},"end":{"line":90,"column":42}},"32":{"start":{"line":90,"column":32},"end":{"line":90,"column":42}},"33":{"start":{"line":93,"column":29},"end":{"line":93,"column":31}},"34":{"start":{"line":94,"column":4},"end":{"line":97,"column":5}},"35":{"start":{"line":95,"column":20},"end":{"line":95,"column":107}},"36":{"start":{"line":96,"column":6},"end":{"line":96,"column":41}},"37":{"start":{"line":99,"column":31},"end":{"line":106,"column":6}},"38":{"start":{"line":108,"column":24},"end":{"line":108,"column":65}},"39":{"start":{"line":108,"column":54},"end":{"line":108,"column":64}},"40":{"start":{"line":109,"column":4},"end":{"line":109,"column":66}},"41":{"start":{"line":109,"column":37},"end":{"line":109,"column":64}},"42":{"start":{"line":115,"column":20},"end":{"line":117,"column":6}},"43":{"start":{"line":118,"column":4},"end":{"line":118,"column":67}},"44":{"start":{"line":118,"column":18},"end":{"line":118,"column":67}},"45":{"start":{"line":120,"column":19},"end":{"line":123,"column":6}},"46":{"start":{"line":124,"column":4},"end":{"line":124,"column":65}},"47":{"start":{"line":124,"column":17},"end":{"line":124,"column":65}},"48":{"start":{"line":126,"column":23},"end":{"line":128,"column":6}},"49":{"start":{"line":129,"column":4},"end":{"line":129,"column":73}},"50":{"start":{"line":129,"column":21},"end":{"line":129,"column":73}},"51":{"start":{"line":131,"column":27},"end":{"line":131,"column":90}},"52":{"start":{"line":132,"column":4},"end":{"line":134,"column":5}},"53":{"start":{"line":133,"column":6},"end":{"line":133,"column":96}},"54":{"start":{"line":136,"column":24},"end":{"line":146,"column":6}},"55":{"start":{"line":148,"column":4},"end":{"line":161,"column":7}},"56":{"start":{"line":164,"column":4},"end":{"line":164,"column":51}},"57":{"start":{"line":166,"column":4},"end":{"line":172,"column":6}},"58":{"start":{"line":174,"column":4},"end":{"line":174,"column":23}},"59":{"start":{"line":180,"column":4},"end":{"line":189,"column":5}},"60":{"start":{"line":181,"column":24},"end":{"line":181,"column":52}},"61":{"start":{"line":182,"column":25},"end":{"line":182,"column":44}},"62":{"start":{"line":183,"column":30},"end":{"line":183,"column":61}},"63":{"start":{"line":184,"column":24},"end":{"line":184,"column":45}},"64":{"start":{"line":185,"column":24},"end":{"line":185,"column":45}},"65":{"start":{"line":186,"column":26},"end":{"line":186,"column":49}},"66":{"start":{"line":187,"column":22},"end":{"line":187,"column":40}},"67":{"start":{"line":188,"column":15},"end":{"line":188,"column":27}},"68":{"start":{"line":193,"column":23},"end":{"line":193,"column":55}},"69":{"start":{"line":194,"column":4},"end":{"line":210,"column":7}},"70":{"start":{"line":219,"column":21},"end":{"line":222,"column":6}},"71":{"start":{"line":223,"column":4},"end":{"line":223,"column":72}},"72":{"start":{"line":223,"column":19},"end":{"line":223,"column":72}},"73":{"start":{"line":225,"column":20},"end":{"line":225,"column":62}},"74":{"start":{"line":226,"column":4},"end":{"line":230,"column":5}},"75":{"start":{"line":227,"column":6},"end":{"line":229,"column":8}},"76":{"start":{"line":232,"column":28},"end":{"line":232,"column":52}},"77":{"start":{"line":233,"column":27},"end":{"line":233,"column":68}},"78":{"start":{"line":234,"column":4},"end":{"line":236,"column":5}},"79":{"start":{"line":235,"column":6},"end":{"line":235,"column":46}},"80":{"start":{"line":238,"column":4},"end":{"line":241,"column":5}},"81":{"start":{"line":239,"column":6},"end":{"line":239,"column":80}},"82":{"start":{"line":240,"column":6},"end":{"line":240,"column":101}},"83":{"start":{"line":243,"column":20},"end":{"line":247,"column":6}},"84":{"start":{"line":250,"column":24},"end":{"line":259,"column":6}},"85":{"start":{"line":261,"column":4},"end":{"line":269,"column":5}},"86":{"start":{"line":262,"column":6},"end":{"line":268,"column":9}},"87":{"start":{"line":272,"column":4},"end":{"line":274,"column":5}},"88":{"start":{"line":273,"column":6},"end":{"line":273,"column":53}},"89":{"start":{"line":276,"column":4},"end":{"line":282,"column":6}},"90":{"start":{"line":284,"column":4},"end":{"line":284,"column":19}},"91":{"start":{"line":290,"column":4},"end":{"line":290,"column":69}},"92":{"start":{"line":294,"column":4},"end":{"line":294,"column":67}},"93":{"start":{"line":298,"column":4},"end":{"line":298,"column":74}},"94":{"start":{"line":302,"column":4},"end":{"line":302,"column":69}},"95":{"start":{"line":306,"column":4},"end":{"line":306,"column":60}},"96":{"start":{"line":310,"column":4},"end":{"line":313,"column":7}},"97":{"start":{"line":319,"column":21},"end":{"line":322,"column":6}},"98":{"start":{"line":323,"column":4},"end":{"line":323,"column":72}},"99":{"start":{"line":323,"column":19},"end":{"line":323,"column":72}},"100":{"start":{"line":325,"column":4},"end":{"line":329,"column":5}},"101":{"start":{"line":326,"column":6},"end":{"line":328,"column":8}},"102":{"start":{"line":331,"column":27},"end":{"line":331,"column":87}},"103":{"start":{"line":332,"column":4},"end":{"line":334,"column":5}},"104":{"start":{"line":333,"column":6},"end":{"line":333,"column":65}},"105":{"start":{"line":336,"column":16},"end":{"line":336,"column":26}},"106":{"start":{"line":337,"column":4},"end":{"line":344,"column":7}},"107":{"start":{"line":346,"column":27},"end":{"line":357,"column":6}},"108":{"start":{"line":360,"column":4},"end":{"line":376,"column":7}},"109":{"start":{"line":379,"column":4},"end":{"line":379,"column":59}},"110":{"start":{"line":380,"column":4},"end":{"line":380,"column":51}},"111":{"start":{"line":382,"column":4},"end":{"line":393,"column":6}},"112":{"start":{"line":395,"column":4},"end":{"line":398,"column":6}},"113":{"start":{"line":404,"column":21},"end":{"line":406,"column":6}},"114":{"start":{"line":407,"column":4},"end":{"line":407,"column":72}},"115":{"start":{"line":407,"column":19},"end":{"line":407,"column":72}},"116":{"start":{"line":409,"column":28},"end":{"line":409,"column":38}},"117":{"start":{"line":410,"column":27},"end":{"line":410,"column":62}},"118":{"start":{"line":411,"column":4},"end":{"line":413,"column":5}},"119":{"start":{"line":412,"column":6},"end":{"line":412,"column":46}},"120":{"start":{"line":415,"column":20},"end":{"line":418,"column":6}},"121":{"start":{"line":420,"column":4},"end":{"line":422,"column":7}},"122":{"start":{"line":424,"column":4},"end":{"line":424,"column":19}},"123":{"start":{"line":430,"column":4},"end":{"line":434,"column":7}},"124":{"start":{"line":438,"column":24},"end":{"line":441,"column":6}},"125":{"start":{"line":442,"column":4},"end":{"line":442,"column":75}},"126":{"start":{"line":442,"column":22},"end":{"line":442,"column":75}},"127":{"start":{"line":443,"column":4},"end":{"line":443,"column":23}},"128":{"start":{"line":447,"column":16},"end":{"line":447,"column":26}},"129":{"start":{"line":448,"column":19},"end":{"line":448,"column":72}},"130":{"start":{"line":449,"column":4},"end":{"line":455,"column":7}},"131":{"start":{"line":28,"column":13},"end":{"line":28,"column":32}},"132":{"start":{"line":28,"column":13},"end":{"line":457,"column":null}}},"fnMap":{"0":{"name":"(anonymous_2)","decl":{"start":{"line":29,"column":2},"end":{"line":29,"column":null}},"loc":{"start":{"line":32,"column":47},"end":{"line":33,"column":6}}},"1":{"name":"(anonymous_3)","decl":{"start":{"line":37,"column":2},"end":{"line":37,"column":7}},"loc":{"start":{"line":37,"column":59},"end":{"line":110,"column":3}}},"2":{"name":"(anonymous_4)","decl":{"start":{"line":108,"column":47},"end":{"line":108,"column":48}},"loc":{"start":{"line":108,"column":54},"end":{"line":108,"column":64}}},"3":{"name":"(anonymous_5)","decl":{"start":{"line":109,"column":27},"end":{"line":109,"column":28}},"loc":{"start":{"line":109,"column":37},"end":{"line":109,"column":64}}},"4":{"name":"(anonymous_6)","decl":{"start":{"line":114,"column":2},"end":{"line":114,"column":7}},"loc":{"start":{"line":114,"column":36},"end":{"line":175,"column":3}}},"5":{"name":"(anonymous_7)","decl":{"start":{"line":179,"column":10},"end":{"line":179,"column":32}},"loc":{"start":{"line":179,"column":58},"end":{"line":190,"column":3}}},"6":{"name":"(anonymous_8)","decl":{"start":{"line":192,"column":10},"end":{"line":192,"column":15}},"loc":{"start":{"line":192,"column":64},"end":{"line":211,"column":3}}},"7":{"name":"(anonymous_9)","decl":{"start":{"line":213,"column":10},"end":{"line":213,"column":15}},"loc":{"start":{"line":217,"column":50},"end":{"line":285,"column":3}}},"8":{"name":"(anonymous_10)","decl":{"start":{"line":289,"column":2},"end":{"line":289,"column":7}},"loc":{"start":{"line":289,"column":26},"end":{"line":291,"column":3}}},"9":{"name":"(anonymous_11)","decl":{"start":{"line":293,"column":2},"end":{"line":293,"column":7}},"loc":{"start":{"line":293,"column":26},"end":{"line":295,"column":3}}},"10":{"name":"(anonymous_12)","decl":{"start":{"line":297,"column":2},"end":{"line":297,"column":7}},"loc":{"start":{"line":297,"column":36},"end":{"line":299,"column":3}}},"11":{"name":"(anonymous_13)","decl":{"start":{"line":301,"column":2},"end":{"line":301,"column":7}},"loc":{"start":{"line":301,"column":27},"end":{"line":303,"column":3}}},"12":{"name":"(anonymous_14)","decl":{"start":{"line":305,"column":2},"end":{"line":305,"column":7}},"loc":{"start":{"line":305,"column":29},"end":{"line":307,"column":3}}},"13":{"name":"(anonymous_15)","decl":{"start":{"line":309,"column":2},"end":{"line":309,"column":7}},"loc":{"start":{"line":309,"column":64},"end":{"line":314,"column":3}}},"14":{"name":"(anonymous_16)","decl":{"start":{"line":318,"column":2},"end":{"line":318,"column":7}},"loc":{"start":{"line":318,"column":60},"end":{"line":399,"column":3}}},"15":{"name":"(anonymous_17)","decl":{"start":{"line":403,"column":2},"end":{"line":403,"column":7}},"loc":{"start":{"line":403,"column":55},"end":{"line":425,"column":3}}},"16":{"name":"(anonymous_18)","decl":{"start":{"line":429,"column":2},"end":{"line":429,"column":7}},"loc":{"start":{"line":429,"column":42},"end":{"line":435,"column":3}}},"17":{"name":"(anonymous_19)","decl":{"start":{"line":437,"column":2},"end":{"line":437,"column":7}},"loc":{"start":{"line":437,"column":26},"end":{"line":444,"column":3}}},"18":{"name":"(anonymous_20)","decl":{"start":{"line":446,"column":2},"end":{"line":446,"column":7}},"loc":{"start":{"line":446,"column":39},"end":{"line":456,"column":3}}}},"branchMap":{"0":{"loc":{"start":{"line":44,"column":4},"end":{"line":44,"column":27}},"type":"if","locations":[{"start":{"line":44,"column":4},"end":{"line":44,"column":27}},{"start":{},"end":{}}]},"1":{"loc":{"start":{"line":53,"column":4},"end":{"line":53,"column":27}},"type":"if","locations":[{"start":{"line":53,"column":4},"end":{"line":53,"column":27}},{"start":{},"end":{}}]},"2":{"loc":{"start":{"line":59,"column":4},"end":{"line":59,"column":25}},"type":"if","locations":[{"start":{"line":59,"column":4},"end":{"line":59,"column":25}},{"start":{},"end":{}}]},"3":{"loc":{"start":{"line":66,"column":4},"end":{"line":66,"column":65}},"type":"if","locations":[{"start":{"line":66,"column":4},"end":{"line":66,"column":65}},{"start":{},"end":{}}]},"4":{"loc":{"start":{"line":67,"column":25},"end":{"line":67,"column":85}},"type":"binary-expr","locations":[{"start":{"line":67,"column":25},"end":{"line":67,"column":44}},{"start":{"line":67,"column":48},"end":{"line":67,"column":79}},{"start":{"line":67,"column":83},"end":{"line":67,"column":85}}]},"5":{"loc":{"start":{"line":78,"column":4},"end":{"line":88,"column":5}},"type":"if","locations":[{"start":{"line":78,"column":4},"end":{"line":88,"column":5}},{"start":{"line":83,"column":11},"end":{"line":88,"column":5}}]},"6":{"loc":{"start":{"line":79,"column":6},"end":{"line":81,"column":7}},"type":"if","locations":[{"start":{"line":79,"column":6},"end":{"line":81,"column":7}},{"start":{},"end":{}}]},"7":{"loc":{"start":{"line":79,"column":10},"end":{"line":79,"column":75}},"type":"binary-expr","locations":[{"start":{"line":79,"column":10},"end":{"line":79,"column":31}},{"start":{"line":79,"column":35},"end":{"line":79,"column":54}},{"start":{"line":79,"column":58},"end":{"line":79,"column":75}}]},"8":{"loc":{"start":{"line":90,"column":4},"end":{"line":90,"column":42}},"type":"if","locations":[{"start":{"line":90,"column":4},"end":{"line":90,"column":42}},{"start":{},"end":{}}]},"9":{"loc":{"start":{"line":118,"column":4},"end":{"line":118,"column":67}},"type":"if","locations":[{"start":{"line":118,"column":4},"end":{"line":118,"column":67}},{"start":{},"end":{}}]},"10":{"loc":{"start":{"line":124,"column":4},"end":{"line":124,"column":65}},"type":"if","locations":[{"start":{"line":124,"column":4},"end":{"line":124,"column":65}},{"start":{},"end":{}}]},"11":{"loc":{"start":{"line":129,"column":4},"end":{"line":129,"column":73}},"type":"if","locations":[{"start":{"line":129,"column":4},"end":{"line":129,"column":73}},{"start":{},"end":{}}]},"12":{"loc":{"start":{"line":132,"column":4},"end":{"line":134,"column":5}},"type":"if","locations":[{"start":{"line":132,"column":4},"end":{"line":134,"column":5}},{"start":{},"end":{}}]},"13":{"loc":{"start":{"line":180,"column":4},"end":{"line":189,"column":5}},"type":"switch","locations":[{"start":{"line":181,"column":6},"end":{"line":181,"column":52}},{"start":{"line":182,"column":6},"end":{"line":182,"column":44}},{"start":{"line":183,"column":6},"end":{"line":183,"column":61}},{"start":{"line":184,"column":6},"end":{"line":184,"column":45}},{"start":{"line":185,"column":6},"end":{"line":185,"column":45}},{"start":{"line":186,"column":6},"end":{"line":186,"column":49}},{"start":{"line":187,"column":6},"end":{"line":187,"column":40}},{"start":{"line":188,"column":6},"end":{"line":188,"column":27}}]},"14":{"loc":{"start":{"line":193,"column":23},"end":{"line":193,"column":55}},"type":"binary-expr","locations":[{"start":{"line":193,"column":23},"end":{"line":193,"column":47}},{"start":{"line":193,"column":51},"end":{"line":193,"column":55}}]},"15":{"loc":{"start":{"line":205,"column":23},"end":{"line":205,"column":49}},"type":"binary-expr","locations":[{"start":{"line":205,"column":23},"end":{"line":205,"column":40}},{"start":{"line":205,"column":44},"end":{"line":205,"column":49}}]},"16":{"loc":{"start":{"line":206,"column":23},"end":{"line":206,"column":49}},"type":"binary-expr","locations":[{"start":{"line":206,"column":23},"end":{"line":206,"column":40}},{"start":{"line":206,"column":44},"end":{"line":206,"column":49}}]},"17":{"loc":{"start":{"line":223,"column":4},"end":{"line":223,"column":72}},"type":"if","locations":[{"start":{"line":223,"column":4},"end":{"line":223,"column":72}},{"start":{},"end":{}}]},"18":{"loc":{"start":{"line":225,"column":20},"end":{"line":225,"column":62}},"type":"binary-expr","locations":[{"start":{"line":225,"column":20},"end":{"line":225,"column":56}},{"start":{"line":225,"column":60},"end":{"line":225,"column":62}}]},"19":{"loc":{"start":{"line":226,"column":4},"end":{"line":230,"column":5}},"type":"if","locations":[{"start":{"line":226,"column":4},"end":{"line":230,"column":5}},{"start":{},"end":{}}]},"20":{"loc":{"start":{"line":234,"column":4},"end":{"line":236,"column":5}},"type":"if","locations":[{"start":{"line":234,"column":4},"end":{"line":236,"column":5}},{"start":{},"end":{}}]},"21":{"loc":{"start":{"line":238,"column":4},"end":{"line":241,"column":5}},"type":"if","locations":[{"start":{"line":238,"column":4},"end":{"line":241,"column":5}},{"start":{},"end":{}}]},"22":{"loc":{"start":{"line":238,"column":8},"end":{"line":238,"column":64}},"type":"binary-expr","locations":[{"start":{"line":238,"column":8},"end":{"line":238,"column":36}},{"start":{"line":238,"column":40},"end":{"line":238,"column":64}}]},"23":{"loc":{"start":{"line":239,"column":31},"end":{"line":239,"column":79}},"type":"binary-expr","locations":[{"start":{"line":239,"column":31},"end":{"line":239,"column":67}},{"start":{"line":239,"column":71},"end":{"line":239,"column":79}}]},"24":{"loc":{"start":{"line":240,"column":38},"end":{"line":240,"column":100}},"type":"binary-expr","locations":[{"start":{"line":240,"column":38},"end":{"line":240,"column":81}},{"start":{"line":240,"column":85},"end":{"line":240,"column":100}}]},"25":{"loc":{"start":{"line":261,"column":4},"end":{"line":269,"column":5}},"type":"if","locations":[{"start":{"line":261,"column":4},"end":{"line":269,"column":5}},{"start":{},"end":{}}]},"26":{"loc":{"start":{"line":272,"column":4},"end":{"line":274,"column":5}},"type":"if","locations":[{"start":{"line":272,"column":4},"end":{"line":274,"column":5}},{"start":{},"end":{}}]},"27":{"loc":{"start":{"line":311,"column":19},"end":{"line":311,"column":42}},"type":"binary-expr","locations":[{"start":{"line":311,"column":19},"end":{"line":311,"column":30}},{"start":{"line":311,"column":34},"end":{"line":311,"column":42}}]},"28":{"loc":{"start":{"line":312,"column":26},"end":{"line":312,"column":51}},"type":"binary-expr","locations":[{"start":{"line":312,"column":26},"end":{"line":312,"column":32}},{"start":{"line":312,"column":36},"end":{"line":312,"column":51}}]},"29":{"loc":{"start":{"line":323,"column":4},"end":{"line":323,"column":72}},"type":"if","locations":[{"start":{"line":323,"column":4},"end":{"line":323,"column":72}},{"start":{},"end":{}}]},"30":{"loc":{"start":{"line":325,"column":4},"end":{"line":329,"column":5}},"type":"if","locations":[{"start":{"line":325,"column":4},"end":{"line":329,"column":5}},{"start":{},"end":{}}]},"31":{"loc":{"start":{"line":332,"column":4},"end":{"line":334,"column":5}},"type":"if","locations":[{"start":{"line":332,"column":4},"end":{"line":334,"column":5}},{"start":{},"end":{}}]},"32":{"loc":{"start":{"line":342,"column":26},"end":{"line":342,"column":65}},"type":"binary-expr","locations":[{"start":{"line":342,"column":26},"end":{"line":342,"column":46}},{"start":{"line":342,"column":50},"end":{"line":342,"column":65}}]},"33":{"loc":{"start":{"line":407,"column":4},"end":{"line":407,"column":72}},"type":"if","locations":[{"start":{"line":407,"column":4},"end":{"line":407,"column":72}},{"start":{},"end":{}}]},"34":{"loc":{"start":{"line":411,"column":4},"end":{"line":413,"column":5}},"type":"if","locations":[{"start":{"line":411,"column":4},"end":{"line":413,"column":5}},{"start":{},"end":{}}]},"35":{"loc":{"start":{"line":431,"column":13},"end":{"line":431,"column":44}},"type":"cond-expr","locations":[{"start":{"line":431,"column":22},"end":{"line":431,"column":32}},{"start":{"line":431,"column":35},"end":{"line":431,"column":44}}]},"36":{"loc":{"start":{"line":442,"column":4},"end":{"line":442,"column":75}},"type":"if","locations":[{"start":{"line":442,"column":4},"end":{"line":442,"column":75}},{"start":{},"end":{}}]},"37":{"loc":{"start":{"line":30,"column":29},"end":{"line":30,"column":null}},"type":"cond-expr","locations":[{"start":{"line":30,"column":42},"end":{"line":30,"column":null}},{"start":{"line":30,"column":42},"end":{"line":30,"column":null}}]},"38":{"loc":{"start":{"line":30,"column":29},"end":{"line":30,"column":42}},"type":"binary-expr","locations":[{"start":{"line":30,"column":29},"end":{"line":30,"column":null}},{"start":{"line":30,"column":29},"end":{"line":30,"column":42}}]},"39":{"loc":{"start":{"line":30,"column":42},"end":{"line":31,"column":null}},"type":"cond-expr","locations":[{"start":{"line":31,"column":55},"end":{"line":31,"column":null}},{"start":{"line":31,"column":55},"end":{"line":31,"column":null}}]},"40":{"loc":{"start":{"line":30,"column":42},"end":{"line":31,"column":55}},"type":"binary-expr","locations":[{"start":{"line":30,"column":42},"end":{"line":31,"column":null}},{"start":{"line":31,"column":39},"end":{"line":31,"column":55}}]},"41":{"loc":{"start":{"line":31,"column":55},"end":{"line":32,"column":null}},"type":"cond-expr","locations":[{"start":{"line":32,"column":47},"end":{"line":32,"column":null}},{"start":{"line":32,"column":47},"end":{"line":32,"column":null}}]},"42":{"loc":{"start":{"line":31,"column":55},"end":{"line":32,"column":47}},"type":"binary-expr","locations":[{"start":{"line":31,"column":55},"end":{"line":32,"column":null}},{"start":{"line":32,"column":35},"end":{"line":32,"column":47}}]}},"s":{"0":2,"1":2,"2":2,"3":2,"4":2,"5":2,"6":5,"7":5,"8":5,"9":4,"10":4,"11":4,"12":0,"13":4,"14":4,"15":0,"16":4,"17":4,"18":1,"19":3,"20":3,"21":0,"22":3,"23":3,"24":3,"25":3,"26":0,"27":0,"28":0,"29":3,"30":3,"31":3,"32":2,"33":1,"34":1,"35":1,"36":1,"37":1,"38":1,"39":1,"40":1,"41":2,"42":2,"43":2,"44":1,"45":1,"46":1,"47":0,"48":1,"49":1,"50":0,"51":1,"52":1,"53":1,"54":0,"55":0,"56":0,"57":0,"58":0,"59":0,"60":0,"61":0,"62":0,"63":0,"64":0,"65":0,"66":0,"67":0,"68":0,"69":0,"70":0,"71":0,"72":0,"73":0,"74":0,"75":0,"76":0,"77":0,"78":0,"79":0,"80":0,"81":0,"82":0,"83":0,"84":0,"85":0,"86":0,"87":0,"88":0,"89":0,"90":0,"91":0,"92":0,"93":0,"94":0,"95":0,"96":0,"97":0,"98":0,"99":0,"100":0,"101":0,"102":0,"103":0,"104":0,"105":0,"106":0,"107":0,"108":0,"109":0,"110":0,"111":0,"112":0,"113":0,"114":0,"115":0,"116":0,"117":0,"118":0,"119":0,"120":0,"121":0,"122":0,"123":0,"124":0,"125":0,"126":0,"127":0,"128":0,"129":0,"130":0,"131":2,"132":2},"f":{"0":5,"1":4,"2":1,"3":2,"4":2,"5":0,"6":0,"7":0,"8":0,"9":0,"10":0,"11":0,"12":0,"13":0,"14":0,"15":0,"16":0,"17":0,"18":0},"b":{"0":[0,4],"1":[0,4],"2":[1,3],"3":[0,3],"4":[3,1,1],"5":[0,3],"6":[0,0],"7":[0,0,0],"8":[2,1],"9":[1,1],"10":[0,1],"11":[0,1],"12":[1,0],"13":[0,0,0,0,0,0,0,0],"14":[0,0],"15":[0,0],"16":[0,0],"17":[0,0],"18":[0,0],"19":[0,0],"20":[0,0],"21":[0,0],"22":[0,0],"23":[0,0],"24":[0,0],"25":[0,0],"26":[0,0],"27":[0,0],"28":[0,0],"29":[0,0],"30":[0,0],"31":[0,0],"32":[0,0],"33":[0,0],"34":[0,0],"35":[0,0],"36":[0,0],"37":[2,0],"38":[2,2],"39":[2,0],"40":[2,2],"41":[2,0],"42":[2,2]}}
,"C:\\Users\\adrad\\OneDrive\\Desktop\\bot_backend\\src\\appointments\\dto\\book-appointment.dto.ts": {"path":"C:\\Users\\adrad\\OneDrive\\Desktop\\bot_backend\\src\\appointments\\dto\\book-appointment.dto.ts","statementMap":{"0":{"start":{"line":1,"column":0},"end":{"line":1,"column":46}},"1":{"start":{"line":2,"column":0},"end":{"line":2,"column":78}},"2":{"start":{"line":4,"column":0},"end":{"line":4,"column":13}},"3":{"start":{"line":8,"column":2},"end":{"line":8,"column":null}},"4":{"start":{"line":13,"column":2},"end":{"line":13,"column":null}},"5":{"start":{"line":18,"column":2},"end":{"line":18,"column":null}},"6":{"start":{"line":22,"column":2},"end":{"line":22,"column":null}},"7":{"start":{"line":28,"column":2},"end":{"line":28,"column":null}}},"fnMap":{},"branchMap":{},"s":{"0":0,"1":0,"2":0,"3":0,"4":0,"5":0,"6":0,"7":0},"f":{},"b":{}}
,"C:\\Users\\adrad\\OneDrive\\Desktop\\bot_backend\\src\\appointments\\dto\\reschedule-appointment.dto.ts": {"path":"C:\\Users\\adrad\\OneDrive\\Desktop\\bot_backend\\src\\appointments\\dto\\reschedule-appointment.dto.ts","statementMap":{"0":{"start":{"line":1,"column":0},"end":{"line":1,"column":46}},"1":{"start":{"line":2,"column":0},"end":{"line":2,"column":90}},"2":{"start":{"line":4,"column":0},"end":{"line":4,"column":13}},"3":{"start":{"line":7,"column":2},"end":{"line":7,"column":null}},"4":{"start":{"line":13,"column":2},"end":{"line":13,"column":null}},"5":{"start":{"line":18,"column":2},"end":{"line":18,"column":null}}},"fnMap":{},"branchMap":{},"s":{"0":0,"1":0,"2":0,"3":0,"4":0,"5":0},"f":{},"b":{}}
,"C:\\Users\\adrad\\OneDrive\\Desktop\\bot_backend\\src\\audit\\audit.controller.ts": {"path":"C:\\Users\\adrad\\OneDrive\\Desktop\\bot_backend\\src\\audit\\audit.controller.ts","statementMap":{"0":{"start":{"line":1,"column":0},"end":{"line":1,"column":60}},"1":{"start":{"line":2,"column":0},"end":{"line":2,"column":47}},"2":{"start":{"line":3,"column":0},"end":{"line":3,"column":71}},"3":{"start":{"line":4,"column":0},"end":{"line":4,"column":61}},"4":{"start":{"line":5,"column":0},"end":{"line":5,"column":56}},"5":{"start":{"line":6,"column":0},"end":{"line":6,"column":59}},"6":{"start":{"line":7,"column":0},"end":{"line":7,"column":38}},"7":{"start":{"line":13,"column":7},"end":{"line":22,"column":null}},"8":{"start":{"line":14,"column":31},"end":{"line":14,"column":45}},"9":{"start":{"line":20,"column":4},"end":{"line":20,"column":39}},"10":{"start":{"line":13,"column":13},"end":{"line":13,"column":28}},"11":{"start":{"line":19,"column":8},"end":{"line":21,"column":null}},"12":{"start":{"line":13,"column":13},"end":{"line":22,"column":null}}},"fnMap":{"0":{"name":"(anonymous_2)","decl":{"start":{"line":14,"column":2},"end":{"line":14,"column":31}},"loc":{"start":{"line":14,"column":57},"end":{"line":14,"column":61}}},"1":{"name":"(anonymous_3)","decl":{"start":{"line":19,"column":8},"end":{"line":19,"column":15}},"loc":{"start":{"line":19,"column":15},"end":{"line":21,"column":3}}}},"branchMap":{"0":{"loc":{"start":{"line":14,"column":45},"end":{"line":14,"column":60}},"type":"cond-expr","locations":[{"start":{"line":14,"column":57},"end":{"line":14,"column":60}},{"start":{"line":14,"column":57},"end":{"line":14,"column":60}}]},"1":{"loc":{"start":{"line":14,"column":45},"end":{"line":14,"column":57}},"type":"binary-expr","locations":[{"start":{"line":14,"column":45},"end":{"line":14,"column":60}},{"start":{"line":14,"column":45},"end":{"line":14,"column":57}}]}},"s":{"0":0,"1":0,"2":0,"3":0,"4":0,"5":0,"6":0,"7":0,"8":0,"9":0,"10":0,"11":0,"12":0},"f":{"0":0,"1":0},"b":{"0":[0,0],"1":[0,0]}}
,"C:\\Users\\adrad\\OneDrive\\Desktop\\bot_backend\\src\\audit\\audit.module.ts": {"path":"C:\\Users\\adrad\\OneDrive\\Desktop\\bot_backend\\src\\audit\\audit.module.ts","statementMap":{"0":{"start":{"line":1,"column":0},"end":{"line":1,"column":48}},"1":{"start":{"line":2,"column":0},"end":{"line":2,"column":47}},"2":{"start":{"line":3,"column":0},"end":{"line":3,"column":53}},"3":{"start":{"line":11,"column":7},"end":{"line":11,"column":null}},"4":{"start":{"line":11,"column":13},"end":{"line":11,"column":24}},"5":{"start":{"line":11,"column":13},"end":{"line":11,"column":null}}},"fnMap":{},"branchMap":{},"s":{"0":0,"1":0,"2":0,"3":0,"4":0,"5":0},"f":{},"b":{}}
,"C:\\Users\\adrad\\OneDrive\\Desktop\\bot_backend\\src\\audit\\audit.service.ts": {"path":"C:\\Users\\adrad\\OneDrive\\Desktop\\bot_backend\\src\\audit\\audit.service.ts","statementMap":{"0":{"start":{"line":1,"column":0},"end":{"line":1,"column":44}},"1":{"start":{"line":2,"column":0},"end":{"line":2,"column":57}},"2":{"start":{"line":5,"column":7},"end":{"line":26,"column":null}},"3":{"start":{"line":6,"column":31},"end":{"line":6,"column":39}},"4":{"start":{"line":9,"column":4},"end":{"line":17,"column":7}},"5":{"start":{"line":21,"column":4},"end":{"line":24,"column":7}},"6":{"start":{"line":5,"column":13},"end":{"line":5,"column":25}},"7":{"start":{"line":5,"column":13},"end":{"line":26,"column":null}}},"fnMap":{"0":{"name":"(anonymous_2)","decl":{"start":{"line":6,"column":2},"end":{"line":6,"column":31}},"loc":{"start":{"line":6,"column":52},"end":{"line":6,"column":56}}},"1":{"name":"(anonymous_3)","decl":{"start":{"line":8,"column":2},"end":{"line":8,"column":7}},"loc":{"start":{"line":8,"column":96},"end":{"line":18,"column":3}}},"2":{"name":"(anonymous_4)","decl":{"start":{"line":20,"column":2},"end":{"line":20,"column":7}},"loc":{"start":{"line":20,"column":15},"end":{"line":25,"column":3}}}},"branchMap":{"0":{"loc":{"start":{"line":15,"column":17},"end":{"line":15,"column":57}},"type":"cond-expr","locations":[{"start":{"line":15,"column":27},"end":{"line":15,"column":50}},{"start":{"line":15,"column":53},"end":{"line":15,"column":57}}]},"1":{"loc":{"start":{"line":6,"column":39},"end":{"line":6,"column":55}},"type":"cond-expr","locations":[{"start":{"line":6,"column":52},"end":{"line":6,"column":55}},{"start":{"line":6,"column":52},"end":{"line":6,"column":55}}]},"2":{"loc":{"start":{"line":6,"column":39},"end":{"line":6,"column":52}},"type":"binary-expr","locations":[{"start":{"line":6,"column":39},"end":{"line":6,"column":55}},{"start":{"line":6,"column":39},"end":{"line":6,"column":52}}]}},"s":{"0":4,"1":4,"2":4,"3":0,"4":0,"5":0,"6":4,"7":4},"f":{"0":0,"1":0,"2":0},"b":{"0":[0,0],"1":[4,0],"2":[4,4]}}
,"C:\\Users\\adrad\\OneDrive\\Desktop\\bot_backend\\src\\auth\\auth.controller.ts": {"path":"C:\\Users\\adrad\\OneDrive\\Desktop\\bot_backend\\src\\auth\\auth.controller.ts","statementMap":{"0":{"start":{"line":1,"column":0},"end":{"line":1,"column":78}},"1":{"start":{"line":2,"column":0},"end":{"line":2,"column":45}},"2":{"start":{"line":3,"column":0},"end":{"line":3,"column":49}},"3":{"start":{"line":4,"column":0},"end":{"line":4,"column":43}},"4":{"start":{"line":5,"column":0},"end":{"line":5,"column":69}},"5":{"start":{"line":9,"column":7},"end":{"line":33,"column":null}},"6":{"start":{"line":10,"column":31},"end":{"line":10,"column":44}},"7":{"start":{"line":16,"column":4},"end":{"line":23,"column":6}},"8":{"start":{"line":31,"column":4},"end":{"line":31,"column":59}},"9":{"start":{"line":9,"column":13},"end":{"line":9,"column":27}},"10":{"start":{"line":15,"column":8},"end":{"line":24,"column":null}},"11":{"start":{"line":30,"column":8},"end":{"line":32,"column":null}},"12":{"start":{"line":9,"column":13},"end":{"line":33,"column":null}}},"fnMap":{"0":{"name":"(anonymous_4)","decl":{"start":{"line":10,"column":2},"end":{"line":10,"column":31}},"loc":{"start":{"line":10,"column":55},"end":{"line":10,"column":59}}},"1":{"name":"(anonymous_5)","decl":{"start":{"line":15,"column":8},"end":{"line":15,"column":16}},"loc":{"start":{"line":15,"column":41},"end":{"line":24,"column":3}}},"2":{"name":"(anonymous_6)","decl":{"start":{"line":30,"column":8},"end":{"line":30,"column":13}},"loc":{"start":{"line":30,"column":35},"end":{"line":32,"column":3}}}},"branchMap":{"0":{"loc":{"start":{"line":15,"column":30},"end":{"line":15,"column":null}},"type":"cond-expr","locations":[{"start":{"line":15,"column":41},"end":{"line":15,"column":null}},{"start":{"line":15,"column":41},"end":{"line":15,"column":null}}]},"1":{"loc":{"start":{"line":15,"column":30},"end":{"line":15,"column":41}},"type":"binary-expr","locations":[{"start":{"line":15,"column":30},"end":{"line":15,"column":null}},{"start":{"line":15,"column":30},"end":{"line":15,"column":41}}]},"2":{"loc":{"start":{"line":30,"column":27},"end":{"line":30,"column":null}},"type":"cond-expr","locations":[{"start":{"line":30,"column":35},"end":{"line":30,"column":null}},{"start":{"line":30,"column":35},"end":{"line":30,"column":null}}]},"3":{"loc":{"start":{"line":30,"column":27},"end":{"line":30,"column":35}},"type":"binary-expr","locations":[{"start":{"line":30,"column":27},"end":{"line":30,"column":null}},{"start":{"line":30,"column":27},"end":{"line":30,"column":35}}]},"4":{"loc":{"start":{"line":10,"column":44},"end":{"line":10,"column":58}},"type":"cond-expr","locations":[{"start":{"line":10,"column":55},"end":{"line":10,"column":58}},{"start":{"line":10,"column":55},"end":{"line":10,"column":58}}]},"5":{"loc":{"start":{"line":10,"column":44},"end":{"line":10,"column":55}},"type":"binary-expr","locations":[{"start":{"line":10,"column":44},"end":{"line":10,"column":58}},{"start":{"line":10,"column":44},"end":{"line":10,"column":55}}]}},"s":{"0":0,"1":0,"2":0,"3":0,"4":0,"5":0,"6":0,"7":0,"8":0,"9":0,"10":0,"11":0,"12":0},"f":{"0":0,"1":0,"2":0},"b":{"0":[0,0],"1":[0,0],"2":[0,0],"3":[0,0],"4":[0,0],"5":[0,0]}}
,"C:\\Users\\adrad\\OneDrive\\Desktop\\bot_backend\\src\\auth\\auth.module.ts": {"path":"C:\\Users\\adrad\\OneDrive\\Desktop\\bot_backend\\src\\auth\\auth.module.ts","statementMap":{"0":{"start":{"line":1,"column":0},"end":{"line":1,"column":40}},"1":{"start":{"line":2,"column":0},"end":{"line":2,"column":45}},"2":{"start":{"line":3,"column":0},"end":{"line":3,"column":51}},"3":{"start":{"line":4,"column":0},"end":{"line":4,"column":52}},"4":{"start":{"line":5,"column":0},"end":{"line":5,"column":50}},"5":{"start":{"line":6,"column":0},"end":{"line":6,"column":40}},"6":{"start":{"line":7,"column":0},"end":{"line":7,"column":61}},"7":{"start":{"line":8,"column":0},"end":{"line":8,"column":56}},"8":{"start":{"line":9,"column":0},"end":{"line":9,"column":50}},"9":{"start":{"line":30,"column":7},"end":{"line":30,"column":null}},"10":{"start":{"line":30,"column":13},"end":{"line":30,"column":23}},"11":{"start":{"line":30,"column":13},"end":{"line":30,"column":null}},"12":{"start":{"line":18,"column":53},"end":{"line":23,"column":8}}},"fnMap":{"0":{"name":"(anonymous_1)","decl":{"start":{"line":18,"column":18},"end":{"line":18,"column":19}},"loc":{"start":{"line":18,"column":53},"end":{"line":23,"column":8}}}},"branchMap":{},"s":{"0":0,"1":0,"2":0,"3":0,"4":0,"5":0,"6":0,"7":0,"8":0,"9":0,"10":0,"11":0,"12":0},"f":{"0":0},"b":{}}
,"C:\\Users\\adrad\\OneDrive\\Desktop\\bot_backend\\src\\auth\\auth.service.ts": {"path":"C:\\Users\\adrad\\OneDrive\\Desktop\\bot_backend\\src\\auth\\auth.service.ts","statementMap":{"0":{"start":{"line":1,"column":0},"end":{"line":1,"column":67}},"1":{"start":{"line":2,"column":0},"end":{"line":2,"column":54}},"2":{"start":{"line":3,"column":0},"end":{"line":3,"column":41}},"3":{"start":{"line":4,"column":0},"end":{"line":4,"column":33}},"4":{"start":{"line":8,"column":7},"end":{"line":46,"column":null}},"5":{"start":{"line":10,"column":21},"end":{"line":10,"column":35}},"6":{"start":{"line":11,"column":21},"end":{"line":11,"column":33}},"7":{"start":{"line":15,"column":4},"end":{"line":22,"column":7}},"8":{"start":{"line":26,"column":17},"end":{"line":26,"column":62}},"9":{"start":{"line":27,"column":4},"end":{"line":29,"column":5}},"10":{"start":{"line":28,"column":6},"end":{"line":28,"column":67}},"11":{"start":{"line":30,"column":20},"end":{"line":30,"column":65}},"12":{"start":{"line":31,"column":4},"end":{"line":33,"column":5}},"13":{"start":{"line":32,"column":6},"end":{"line":32,"column":67}},"14":{"start":{"line":34,"column":20},"end":{"line":34,"column":72}},"15":{"start":{"line":35,"column":4},"end":{"line":44,"column":6}},"16":{"start":{"line":8,"column":13},"end":{"line":8,"column":24}},"17":{"start":{"line":8,"column":13},"end":{"line":46,"column":null}}},"fnMap":{"0":{"name":"(anonymous_11)","decl":{"start":{"line":9,"column":2},"end":{"line":9,"column":null}},"loc":{"start":{"line":11,"column":43},"end":{"line":12,"column":6}}},"1":{"name":"(anonymous_12)","decl":{"start":{"line":14,"column":2},"end":{"line":14,"column":7}},"loc":{"start":{"line":14,"column":117},"end":{"line":23,"column":3}}},"2":{"name":"(anonymous_13)","decl":{"start":{"line":25,"column":2},"end":{"line":25,"column":7}},"loc":{"start":{"line":25,"column":41},"end":{"line":45,"column":3}}}},"branchMap":{"0":{"loc":{"start":{"line":27,"column":4},"end":{"line":29,"column":5}},"type":"if","locations":[{"start":{"line":27,"column":4},"end":{"line":29,"column":5}},{"start":{},"end":{}}]},"1":{"loc":{"start":{"line":31,"column":4},"end":{"line":33,"column":5}},"type":"if","locations":[{"start":{"line":31,"column":4},"end":{"line":33,"column":5}},{"start":{},"end":{}}]},"2":{"loc":{"start":{"line":10,"column":35},"end":{"line":10,"column":null}},"type":"cond-expr","locations":[{"start":{"line":10,"column":47},"end":{"line":10,"column":null}},{"start":{"line":10,"column":47},"end":{"line":10,"column":null}}]},"3":{"loc":{"start":{"line":10,"column":35},"end":{"line":10,"column":47}},"type":"binary-expr","locations":[{"start":{"line":10,"column":35},"end":{"line":10,"column":null}},{"start":{"line":10,"column":35},"end":{"line":10,"column":47}}]},"4":{"loc":{"start":{"line":10,"column":47},"end":{"line":11,"column":null}},"type":"cond-expr","locations":[{"start":{"line":11,"column":43},"end":{"line":11,"column":null}},{"start":{"line":11,"column":43},"end":{"line":11,"column":null}}]},"5":{"loc":{"start":{"line":10,"column":47},"end":{"line":11,"column":43}},"type":"binary-expr","locations":[{"start":{"line":10,"column":47},"end":{"line":11,"column":null}},{"start":{"line":11,"column":33},"end":{"line":11,"column":43}}]}},"s":{"0":0,"1":0,"2":0,"3":0,"4":0,"5":0,"6":0,"7":0,"8":0,"9":0,"10":0,"11":0,"12":0,"13":0,"14":0,"15":0,"16":0,"17":0},"f":{"0":0,"1":0,"2":0},"b":{"0":[0,0],"1":[0,0],"2":[0,0],"3":[0,0],"4":[0,0],"5":[0,0]}}
,"C:\\Users\\adrad\\OneDrive\\Desktop\\bot_backend\\src\\auth\\decorators\\get-user.decorator.ts": {"path":"C:\\Users\\adrad\\OneDrive\\Desktop\\bot_backend\\src\\auth\\decorators\\get-user.decorator.ts","statementMap":{"0":{"start":{"line":1,"column":0},"end":{"line":1,"column":72}},"1":{"start":{"line":3,"column":13},"end":{"line":11,"column":2}},"2":{"start":{"line":5,"column":20},"end":{"line":5,"column":51}},"3":{"start":{"line":6,"column":4},"end":{"line":8,"column":5}},"4":{"start":{"line":7,"column":6},"end":{"line":7,"column":34}},"5":{"start":{"line":9,"column":4},"end":{"line":9,"column":24}}},"fnMap":{"0":{"name":"(anonymous_0)","decl":{"start":{"line":4,"column":2},"end":{"line":4,"column":3}},"loc":{"start":{"line":4,"column":54},"end":{"line":10,"column":3}}}},"branchMap":{"0":{"loc":{"start":{"line":6,"column":4},"end":{"line":8,"column":5}},"type":"if","locations":[{"start":{"line":6,"column":4},"end":{"line":8,"column":5}},{"start":{},"end":{}}]}},"s":{"0":0,"1":0,"2":0,"3":0,"4":0,"5":0},"f":{"0":0},"b":{"0":[0,0]}}
,"C:\\Users\\adrad\\OneDrive\\Desktop\\bot_backend\\src\\auth\\decorators\\permissions.decorator.ts": {"path":"C:\\Users\\adrad\\OneDrive\\Desktop\\bot_backend\\src\\auth\\decorators\\permissions.decorator.ts","statementMap":{"0":{"start":{"line":1,"column":0},"end":{"line":1,"column":45}},"1":{"start":{"line":3,"column":13},"end":{"line":3,"column":45}},"2":{"start":{"line":4,"column":27},"end":{"line":4,"column":98}},"3":{"start":{"line":4,"column":57},"end":{"line":4,"column":98}},"4":{"start":{"line":4,"column":13},"end":{"line":4,"column":27}}},"fnMap":{"0":{"name":"(anonymous_0)","decl":{"start":{"line":4,"column":27},"end":{"line":4,"column":28}},"loc":{"start":{"line":4,"column":57},"end":{"line":4,"column":98}}}},"branchMap":{},"s":{"0":0,"1":0,"2":0,"3":0,"4":0},"f":{"0":0},"b":{}}
,"C:\\Users\\adrad\\OneDrive\\Desktop\\bot_backend\\src\\auth\\decorators\\roles.decorator.ts": {"path":"C:\\Users\\adrad\\OneDrive\\Desktop\\bot_backend\\src\\auth\\decorators\\roles.decorator.ts","statementMap":{"0":{"start":{"line":1,"column":0},"end":{"line":1,"column":45}},"1":{"start":{"line":4,"column":13},"end":{"line":4,"column":33}},"2":{"start":{"line":5,"column":21},"end":{"line":5,"column":72}},"3":{"start":{"line":5,"column":43},"end":{"line":5,"column":72}},"4":{"start":{"line":5,"column":13},"end":{"line":5,"column":21}}},"fnMap":{"0":{"name":"(anonymous_0)","decl":{"start":{"line":5,"column":21},"end":{"line":5,"column":22}},"loc":{"start":{"line":5,"column":43},"end":{"line":5,"column":72}}}},"branchMap":{},"s":{"0":0,"1":0,"2":0,"3":0,"4":0},"f":{"0":0},"b":{}}
,"C:\\Users\\adrad\\OneDrive\\Desktop\\bot_backend\\src\\auth\\dto\\login.dto.ts": {"path":"C:\\Users\\adrad\\OneDrive\\Desktop\\bot_backend\\src\\auth\\dto\\login.dto.ts","statementMap":{"0":{"start":{"line":1,"column":0},"end":{"line":1,"column":46}},"1":{"start":{"line":2,"column":0},"end":{"line":2,"column":63}},"2":{"start":{"line":4,"column":0},"end":{"line":4,"column":13}},"3":{"start":{"line":7,"column":2},"end":{"line":7,"column":null}},"4":{"start":{"line":12,"column":2},"end":{"line":12,"column":null}}},"fnMap":{},"branchMap":{},"s":{"0":0,"1":0,"2":0,"3":0,"4":0},"f":{},"b":{}}
,"C:\\Users\\adrad\\OneDrive\\Desktop\\bot_backend\\src\\auth\\dto\\register.dto.ts": {"path":"C:\\Users\\adrad\\OneDrive\\Desktop\\bot_backend\\src\\auth\\dto\\register.dto.ts","statementMap":{"0":{"start":{"line":1,"column":0},"end":{"line":1,"column":46}},"1":{"start":{"line":2,"column":0},"end":{"line":2,"column":83}},"2":{"start":{"line":3,"column":0},"end":{"line":3,"column":38}},"3":{"start":{"line":5,"column":0},"end":{"line":5,"column":13}},"4":{"start":{"line":8,"column":2},"end":{"line":8,"column":null}},"5":{"start":{"line":13,"column":2},"end":{"line":13,"column":null}},"6":{"start":{"line":17,"column":2},"end":{"line":17,"column":null}},"7":{"start":{"line":21,"column":2},"end":{"line":21,"column":null}},"8":{"start":{"line":25,"column":2},"end":{"line":25,"column":null}},"9":{"start":{"line":30,"column":2},"end":{"line":30,"column":null}}},"fnMap":{},"branchMap":{"0":{"loc":{"start":{"line":25,"column":8},"end":{"line":25,"column":13}},"type":"cond-expr","locations":[{"start":{"line":25,"column":12},"end":{"line":25,"column":13}},{"start":{"line":25,"column":12},"end":{"line":25,"column":13}}]},"1":{"loc":{"start":{"line":25,"column":8},"end":{"line":25,"column":12}},"type":"binary-expr","locations":[{"start":{"line":25,"column":8},"end":{"line":25,"column":13}},{"start":{"line":25,"column":8},"end":{"line":25,"column":12}}]}},"s":{"0":0,"1":0,"2":0,"3":0,"4":0,"5":0,"6":0,"7":0,"8":0,"9":0},"f":{},"b":{"0":[0,0],"1":[0,0]}}
,"C:\\Users\\adrad\\OneDrive\\Desktop\\bot_backend\\src\\auth\\guards\\jwt-auth.guard.ts": {"path":"C:\\Users\\adrad\\OneDrive\\Desktop\\bot_backend\\src\\auth\\guards\\jwt-auth.guard.ts","statementMap":{"0":{"start":{"line":1,"column":0},"end":{"line":1,"column":85}},"1":{"start":{"line":2,"column":0},"end":{"line":2,"column":45}},"2":{"start":{"line":5,"column":7},"end":{"line":16,"column":null}},"3":{"start":{"line":7,"column":4},"end":{"line":7,"column":38}},"4":{"start":{"line":11,"column":4},"end":{"line":13,"column":5}},"5":{"start":{"line":12,"column":6},"end":{"line":12,"column":74}},"6":{"start":{"line":14,"column":4},"end":{"line":14,"column":16}},"7":{"start":{"line":5,"column":13},"end":{"line":5,"column":25}},"8":{"start":{"line":5,"column":13},"end":{"line":16,"column":null}}},"fnMap":{"0":{"name":"(anonymous_1)","decl":{"start":{"line":6,"column":2},"end":{"line":6,"column":13}},"loc":{"start":{"line":6,"column":39},"end":{"line":8,"column":3}}},"1":{"name":"(anonymous_2)","decl":{"start":{"line":10,"column":2},"end":{"line":10,"column":15}},"loc":{"start":{"line":10,"column":46},"end":{"line":15,"column":3}}}},"branchMap":{"0":{"loc":{"start":{"line":11,"column":4},"end":{"line":13,"column":5}},"type":"if","locations":[{"start":{"line":11,"column":4},"end":{"line":13,"column":5}},{"start":{},"end":{}}]},"1":{"loc":{"start":{"line":11,"column":8},"end":{"line":11,"column":20}},"type":"binary-expr","locations":[{"start":{"line":11,"column":8},"end":{"line":11,"column":11}},{"start":{"line":11,"column":15},"end":{"line":11,"column":20}}]},"2":{"loc":{"start":{"line":12,"column":12},"end":{"line":12,"column":73}},"type":"binary-expr","locations":[{"start":{"line":12,"column":12},"end":{"line":12,"column":15}},{"start":{"line":12,"column":19},"end":{"line":12,"column":73}}]}},"s":{"0":0,"1":0,"2":0,"3":0,"4":0,"5":0,"6":0,"7":0,"8":0},"f":{"0":0,"1":0},"b":{"0":[0,0],"1":[0,0],"2":[0,0]}}
,"C:\\Users\\adrad\\OneDrive\\Desktop\\bot_backend\\src\\auth\\guards\\roles.guard.ts": {"path":"C:\\Users\\adrad\\OneDrive\\Desktop\\bot_backend\\src\\auth\\guards\\roles.guard.ts","statementMap":{"0":{"start":{"line":1,"column":0},"end":{"line":1,"column":95}},"1":{"start":{"line":2,"column":0},"end":{"line":2,"column":41}},"2":{"start":{"line":3,"column":0},"end":{"line":3,"column":38}},"3":{"start":{"line":4,"column":0},"end":{"line":4,"column":58}},"4":{"start":{"line":5,"column":0},"end":{"line":5,"column":70}},"5":{"start":{"line":7,"column":45},"end":{"line":14,"column":2}},"6":{"start":{"line":16,"column":49},"end":{"line":37,"column":2}},"7":{"start":{"line":40,"column":7},"end":{"line":85,"column":null}},"8":{"start":{"line":41,"column":22},"end":{"line":41,"column":33}},"9":{"start":{"line":44,"column":20},"end":{"line":44,"column":55}},"10":{"start":{"line":45,"column":21},"end":{"line":45,"column":28}},"11":{"start":{"line":48,"column":26},"end":{"line":51,"column":6}},"12":{"start":{"line":53,"column":4},"end":{"line":62,"column":5}},"13":{"start":{"line":54,"column":6},"end":{"line":56,"column":7}},"14":{"start":{"line":55,"column":8},"end":{"line":55,"column":91}},"15":{"start":{"line":57,"column":33},"end":{"line":57,"column":81}},"16":{"start":{"line":58,"column":22},"end":{"line":58,"column":83}},"17":{"start":{"line":58,"column":49},"end":{"line":58,"column":82}},"18":{"start":{"line":59,"column":6},"end":{"line":61,"column":7}},"19":{"start":{"line":60,"column":8},"end":{"line":60,"column":101}},"20":{"start":{"line":65,"column":32},"end":{"line":68,"column":6}},"21":{"start":{"line":70,"column":4},"end":{"line":81,"column":5}},"22":{"start":{"line":71,"column":6},"end":{"line":73,"column":7}},"23":{"start":{"line":72,"column":8},"end":{"line":72,"column":91}},"24":{"start":{"line":74,"column":33},"end":{"line":74,"column":74}},"25":{"start":{"line":75,"column":32},"end":{"line":75,"column":102}},"26":{"start":{"line":75,"column":68},"end":{"line":75,"column":101}},"27":{"start":{"line":76,"column":6},"end":{"line":80,"column":7}},"28":{"start":{"line":77,"column":8},"end":{"line":79,"column":10}},"29":{"start":{"line":83,"column":4},"end":{"line":83,"column":16}},"30":{"start":{"line":40,"column":13},"end":{"line":40,"column":23}},"31":{"start":{"line":40,"column":13},"end":{"line":85,"column":null}}},"fnMap":{"0":{"name":"(anonymous_2)","decl":{"start":{"line":41,"column":2},"end":{"line":41,"column":22}},"loc":{"start":{"line":41,"column":42},"end":{"line":41,"column":46}}},"1":{"name":"(anonymous_3)","decl":{"start":{"line":43,"column":2},"end":{"line":43,"column":13}},"loc":{"start":{"line":43,"column":39},"end":{"line":84,"column":3}}},"2":{"name":"(anonymous_4)","decl":{"start":{"line":58,"column":41},"end":{"line":58,"column":45}},"loc":{"start":{"line":58,"column":49},"end":{"line":58,"column":82}}},"3":{"name":"(anonymous_5)","decl":{"start":{"line":75,"column":58},"end":{"line":75,"column":59}},"loc":{"start":{"line":75,"column":68},"end":{"line":75,"column":101}}}},"branchMap":{"0":{"loc":{"start":{"line":53,"column":4},"end":{"line":62,"column":5}},"type":"if","locations":[{"start":{"line":53,"column":4},"end":{"line":62,"column":5}},{"start":{},"end":{}}]},"1":{"loc":{"start":{"line":54,"column":6},"end":{"line":56,"column":7}},"type":"if","locations":[{"start":{"line":54,"column":6},"end":{"line":56,"column":7}},{"start":{},"end":{}}]},"2":{"loc":{"start":{"line":54,"column":10},"end":{"line":54,"column":29}},"type":"binary-expr","locations":[{"start":{"line":54,"column":10},"end":{"line":54,"column":15}},{"start":{"line":54,"column":19},"end":{"line":54,"column":29}}]},"3":{"loc":{"start":{"line":57,"column":33},"end":{"line":57,"column":81}},"type":"binary-expr","locations":[{"start":{"line":57,"column":33},"end":{"line":57,"column":66}},{"start":{"line":57,"column":70},"end":{"line":57,"column":81}}]},"4":{"loc":{"start":{"line":59,"column":6},"end":{"line":61,"column":7}},"type":"if","locations":[{"start":{"line":59,"column":6},"end":{"line":61,"column":7}},{"start":{},"end":{}}]},"5":{"loc":{"start":{"line":70,"column":4},"end":{"line":81,"column":5}},"type":"if","locations":[{"start":{"line":70,"column":4},"end":{"line":81,"column":5}},{"start":{},"end":{}}]},"6":{"loc":{"start":{"line":71,"column":6},"end":{"line":73,"column":7}},"type":"if","locations":[{"start":{"line":71,"column":6},"end":{"line":73,"column":7}},{"start":{},"end":{}}]},"7":{"loc":{"start":{"line":71,"column":10},"end":{"line":71,"column":29}},"type":"binary-expr","locations":[{"start":{"line":71,"column":10},"end":{"line":71,"column":15}},{"start":{"line":71,"column":19},"end":{"line":71,"column":29}}]},"8":{"loc":{"start":{"line":74,"column":33},"end":{"line":74,"column":74}},"type":"binary-expr","locations":[{"start":{"line":74,"column":33},"end":{"line":74,"column":68}},{"start":{"line":74,"column":72},"end":{"line":74,"column":74}}]},"9":{"loc":{"start":{"line":76,"column":6},"end":{"line":80,"column":7}},"type":"if","locations":[{"start":{"line":76,"column":6},"end":{"line":80,"column":7}},{"start":{},"end":{}}]},"10":{"loc":{"start":{"line":41,"column":33},"end":{"line":41,"column":45}},"type":"cond-expr","locations":[{"start":{"line":41,"column":42},"end":{"line":41,"column":45}},{"start":{"line":41,"column":42},"end":{"line":41,"column":45}}]},"11":{"loc":{"start":{"line":41,"column":33},"end":{"line":41,"column":42}},"type":"binary-expr","locations":[{"start":{"line":41,"column":33},"end":{"line":41,"column":45}},{"start":{"line":41,"column":33},"end":{"line":41,"column":42}}]}},"s":{"0":0,"1":0,"2":0,"3":0,"4":0,"5":0,"6":0,"7":0,"8":0,"9":0,"10":0,"11":0,"12":0,"13":0,"14":0,"15":0,"16":0,"17":0,"18":0,"19":0,"20":0,"21":0,"22":0,"23":0,"24":0,"25":0,"26":0,"27":0,"28":0,"29":0,"30":0,"31":0},"f":{"0":0,"1":0,"2":0,"3":0},"b":{"0":[0,0],"1":[0,0],"2":[0,0],"3":[0,0],"4":[0,0],"5":[0,0],"6":[0,0],"7":[0,0],"8":[0,0],"9":[0,0],"10":[0,0],"11":[0,0]}}
,"C:\\Users\\adrad\\OneDrive\\Desktop\\bot_backend\\src\\auth\\strategies\\jwt.strategy.ts": {"path":"C:\\Users\\adrad\\OneDrive\\Desktop\\bot_backend\\src\\auth\\strategies\\jwt.strategy.ts","statementMap":{"0":{"start":{"line":1,"column":0},"end":{"line":1,"column":67}},"1":{"start":{"line":2,"column":0},"end":{"line":2,"column":52}},"2":{"start":{"line":3,"column":0},"end":{"line":3,"column":52}},"3":{"start":{"line":4,"column":0},"end":{"line":4,"column":47}},"4":{"start":{"line":5,"column":0},"end":{"line":5,"column":57}},"5":{"start":{"line":8,"column":7},"end":{"line":27,"column":null}},"6":{"start":{"line":13,"column":4},"end":{"line":17,"column":7}},"7":{"start":{"line":10,"column":21},"end":{"line":10,"column":36}},"8":{"start":{"line":11,"column":21},"end":{"line":11,"column":35}},"9":{"start":{"line":21,"column":17},"end":{"line":21,"column":65}},"10":{"start":{"line":22,"column":4},"end":{"line":24,"column":5}},"11":{"start":{"line":23,"column":6},"end":{"line":23,"column":73}},"12":{"start":{"line":25,"column":4},"end":{"line":25,"column":16}},"13":{"start":{"line":8,"column":13},"end":{"line":8,"column":24}},"14":{"start":{"line":8,"column":13},"end":{"line":27,"column":null}}},"fnMap":{"0":{"name":"(anonymous_2)","decl":{"start":{"line":9,"column":2},"end":{"line":9,"column":null}},"loc":{"start":{"line":11,"column":47},"end":{"line":18,"column":3}}},"1":{"name":"(anonymous_3)","decl":{"start":{"line":20,"column":2},"end":{"line":20,"column":7}},"loc":{"start":{"line":20,"column":56},"end":{"line":26,"column":3}}}},"branchMap":{"0":{"loc":{"start":{"line":22,"column":4},"end":{"line":24,"column":5}},"type":"if","locations":[{"start":{"line":22,"column":4},"end":{"line":24,"column":5}},{"start":{},"end":{}}]},"1":{"loc":{"start":{"line":10,"column":36},"end":{"line":10,"column":null}},"type":"cond-expr","locations":[{"start":{"line":10,"column":49},"end":{"line":10,"column":null}},{"start":{"line":10,"column":49},"end":{"line":10,"column":null}}]},"2":{"loc":{"start":{"line":10,"column":36},"end":{"line":10,"column":49}},"type":"binary-expr","locations":[{"start":{"line":10,"column":36},"end":{"line":10,"column":null}},{"start":{"line":10,"column":36},"end":{"line":10,"column":49}}]},"3":{"loc":{"start":{"line":10,"column":49},"end":{"line":11,"column":null}},"type":"cond-expr","locations":[{"start":{"line":11,"column":47},"end":{"line":11,"column":null}},{"start":{"line":11,"column":47},"end":{"line":11,"column":null}}]},"4":{"loc":{"start":{"line":10,"column":49},"end":{"line":11,"column":47}},"type":"binary-expr","locations":[{"start":{"line":10,"column":49},"end":{"line":11,"column":null}},{"start":{"line":11,"column":35},"end":{"line":11,"column":47}}]}},"s":{"0":0,"1":0,"2":0,"3":0,"4":0,"5":0,"6":0,"7":0,"8":0,"9":0,"10":0,"11":0,"12":0,"13":0,"14":0},"f":{"0":0,"1":0},"b":{"0":[0,0],"1":[0,0],"2":[0,0],"3":[0,0],"4":[0,0]}}
,"C:\\Users\\adrad\\OneDrive\\Desktop\\bot_backend\\src\\common\\file-governance.worker.ts": {"path":"C:\\Users\\adrad\\OneDrive\\Desktop\\bot_backend\\src\\common\\file-governance.worker.ts","statementMap":{"0":{"start":{"line":1,"column":0},"end":{"line":1,"column":75}},"1":{"start":{"line":2,"column":0},"end":{"line":2,"column":57}},"2":{"start":{"line":3,"column":0},"end":{"line":3,"column":54}},"3":{"start":{"line":6,"column":7},"end":{"line":146,"column":null}},"4":{"start":{"line":7,"column":46},"end":{"line":7,"column":50}},"5":{"start":{"line":8,"column":25},"end":{"line":8,"column":30}},"6":{"start":{"line":11,"column":21},"end":{"line":11,"column":29}},"7":{"start":{"line":12,"column":21},"end":{"line":12,"column":35}},"8":{"start":{"line":17,"column":4},"end":{"line":17,"column":74}},"9":{"start":{"line":17,"column":40},"end":{"line":17,"column":64}},"10":{"start":{"line":21,"column":4},"end":{"line":23,"column":5}},"11":{"start":{"line":22,"column":6},"end":{"line":22,"column":37}},"12":{"start":{"line":27,"column":4},"end":{"line":27,"column":34}},"13":{"start":{"line":27,"column":27},"end":{"line":27,"column":34}},"14":{"start":{"line":28,"column":4},"end":{"line":28,"column":29}},"15":{"start":{"line":30,"column":4},"end":{"line":144,"column":5}},"16":{"start":{"line":31,"column":18},"end":{"line":31,"column":28}},"17":{"start":{"line":34,"column":29},"end":{"line":41,"column":8}},"18":{"start":{"line":43,"column":6},"end":{"line":59,"column":7}},"19":{"start":{"line":44,"column":8},"end":{"line":50,"column":11}},"20":{"start":{"line":52,"column":8},"end":{"line":58,"column":10}},"21":{"start":{"line":62,"column":35},"end":{"line":69,"column":8}},"22":{"start":{"line":71,"column":6},"end":{"line":87,"column":7}},"23":{"start":{"line":72,"column":8},"end":{"line":78,"column":11}},"24":{"start":{"line":80,"column":8},"end":{"line":86,"column":10}},"25":{"start":{"line":90,"column":28},"end":{"line":90,"column":38}},"26":{"start":{"line":91,"column":6},"end":{"line":91,"column":58}},"27":{"start":{"line":93,"column":34},"end":{"line":100,"column":8}},"28":{"start":{"line":102,"column":6},"end":{"line":114,"column":7}},"29":{"start":{"line":103,"column":8},"end":{"line":105,"column":11}},"30":{"start":{"line":107,"column":8},"end":{"line":113,"column":10}},"31":{"start":{"line":117,"column":40},"end":{"line":124,"column":8}},"32":{"start":{"line":126,"column":6},"end":{"line":138,"column":7}},"33":{"start":{"line":127,"column":8},"end":{"line":129,"column":11}},"34":{"start":{"line":131,"column":8},"end":{"line":137,"column":10}},"35":{"start":{"line":141,"column":6},"end":{"line":141,"column":76}},"36":{"start":{"line":143,"column":6},"end":{"line":143,"column":32}},"37":{"start":{"line":6,"column":13},"end":{"line":6,"column":33}},"38":{"start":{"line":6,"column":13},"end":{"line":146,"column":null}}},"fnMap":{"0":{"name":"(anonymous_2)","decl":{"start":{"line":10,"column":2},"end":{"line":10,"column":null}},"loc":{"start":{"line":12,"column":47},"end":{"line":13,"column":6}}},"1":{"name":"(anonymous_3)","decl":{"start":{"line":15,"column":2},"end":{"line":15,"column":14}},"loc":{"start":{"line":15,"column":14},"end":{"line":18,"column":3}}},"2":{"name":"(anonymous_4)","decl":{"start":{"line":17,"column":34},"end":{"line":17,"column":37}},"loc":{"start":{"line":17,"column":40},"end":{"line":17,"column":64}}},"3":{"name":"(anonymous_5)","decl":{"start":{"line":20,"column":2},"end":{"line":20,"column":17}},"loc":{"start":{"line":20,"column":17},"end":{"line":24,"column":3}}},"4":{"name":"(anonymous_6)","decl":{"start":{"line":26,"column":2},"end":{"line":26,"column":7}},"loc":{"start":{"line":26,"column":25},"end":{"line":145,"column":3}}}},"branchMap":{"0":{"loc":{"start":{"line":21,"column":4},"end":{"line":23,"column":5}},"type":"if","locations":[{"start":{"line":21,"column":4},"end":{"line":23,"column":5}},{"start":{},"end":{}}]},"1":{"loc":{"start":{"line":27,"column":4},"end":{"line":27,"column":34}},"type":"if","locations":[{"start":{"line":27,"column":4},"end":{"line":27,"column":34}},{"start":{},"end":{}}]},"2":{"loc":{"start":{"line":11,"column":29},"end":{"line":11,"column":null}},"type":"cond-expr","locations":[{"start":{"line":11,"column":42},"end":{"line":11,"column":null}},{"start":{"line":11,"column":42},"end":{"line":11,"column":null}}]},"3":{"loc":{"start":{"line":11,"column":29},"end":{"line":11,"column":42}},"type":"binary-expr","locations":[{"start":{"line":11,"column":29},"end":{"line":11,"column":null}},{"start":{"line":11,"column":29},"end":{"line":11,"column":42}}]},"4":{"loc":{"start":{"line":11,"column":42},"end":{"line":12,"column":null}},"type":"cond-expr","locations":[{"start":{"line":12,"column":47},"end":{"line":12,"column":null}},{"start":{"line":12,"column":47},"end":{"line":12,"column":null}}]},"5":{"loc":{"start":{"line":11,"column":42},"end":{"line":12,"column":47}},"type":"binary-expr","locations":[{"start":{"line":11,"column":42},"end":{"line":12,"column":null}},{"start":{"line":12,"column":35},"end":{"line":12,"column":47}}]}},"s":{"0":1,"1":1,"2":1,"3":1,"4":1,"5":1,"6":1,"7":1,"8":0,"9":0,"10":0,"11":0,"12":1,"13":0,"14":1,"15":1,"16":1,"17":1,"18":1,"19":1,"20":1,"21":1,"22":1,"23":1,"24":1,"25":1,"26":1,"27":1,"28":1,"29":1,"30":1,"31":1,"32":1,"33":1,"34":1,"35":0,"36":1,"37":1,"38":1},"f":{"0":1,"1":0,"2":0,"3":0,"4":1},"b":{"0":[0,0],"1":[0,1],"2":[1,0],"3":[1,1],"4":[1,0],"5":[1,1]}}
,"C:\\Users\\adrad\\OneDrive\\Desktop\\bot_backend\\src\\common\\filters\\http-exception.filter.ts": {"path":"C:\\Users\\adrad\\OneDrive\\Desktop\\bot_backend\\src\\common\\filters\\http-exception.filter.ts","statementMap":{"0":{"start":{"line":1,"column":0},"end":{"line":1,"column":null}},"1":{"start":{"line":9,"column":0},"end":{"line":9,"column":56}},"2":{"start":{"line":12,"column":7},"end":{"line":48,"column":null}},"3":{"start":{"line":13,"column":31},"end":{"line":13,"column":39}},"4":{"start":{"line":16,"column":16},"end":{"line":16,"column":35}},"5":{"start":{"line":17,"column":21},"end":{"line":17,"column":48}},"6":{"start":{"line":18,"column":20},"end":{"line":18,"column":45}},"7":{"start":{"line":20,"column":17},"end":{"line":20,"column":49}},"8":{"start":{"line":21,"column":18},"end":{"line":21,"column":41}},"9":{"start":{"line":22,"column":17},"end":{"line":22,"column":21}},"10":{"start":{"line":24,"column":4},"end":{"line":31,"column":5}},"11":{"start":{"line":25,"column":6},"end":{"line":25,"column":37}},"12":{"start":{"line":26,"column":25},"end":{"line":26,"column":55}},"13":{"start":{"line":27,"column":6},"end":{"line":27,"column":102}},"14":{"start":{"line":28,"column":6},"end":{"line":28,"column":101}},"15":{"start":{"line":29,"column":11},"end":{"line":31,"column":5}},"16":{"start":{"line":30,"column":6},"end":{"line":30,"column":34}},"17":{"start":{"line":33,"column":4},"end":{"line":37,"column":6}},"18":{"start":{"line":39,"column":4},"end":{"line":46,"column":7}},"19":{"start":{"line":12,"column":13},"end":{"line":12,"column":32}},"20":{"start":{"line":12,"column":13},"end":{"line":48,"column":null}}},"fnMap":{"0":{"name":"(anonymous_2)","decl":{"start":{"line":13,"column":2},"end":{"line":13,"column":31}},"loc":{"start":{"line":13,"column":51},"end":{"line":13,"column":55}}},"1":{"name":"(anonymous_3)","decl":{"start":{"line":15,"column":2},"end":{"line":15,"column":7}},"loc":{"start":{"line":15,"column":47},"end":{"line":47,"column":3}}}},"branchMap":{"0":{"loc":{"start":{"line":24,"column":4},"end":{"line":31,"column":5}},"type":"if","locations":[{"start":{"line":24,"column":4},"end":{"line":31,"column":5}},{"start":{"line":29,"column":11},"end":{"line":31,"column":5}}]},"1":{"loc":{"start":{"line":27,"column":16},"end":{"line":27,"column":101}},"type":"cond-expr","locations":[{"start":{"line":27,"column":49},"end":{"line":27,"column":59}},{"start":{"line":27,"column":62},"end":{"line":27,"column":101}}]},"2":{"loc":{"start":{"line":27,"column":62},"end":{"line":27,"column":101}},"type":"binary-expr","locations":[{"start":{"line":27,"column":62},"end":{"line":27,"column":80}},{"start":{"line":27,"column":84},"end":{"line":27,"column":101}}]},"3":{"loc":{"start":{"line":28,"column":15},"end":{"line":28,"column":100}},"type":"cond-expr","locations":[{"start":{"line":28,"column":48},"end":{"line":28,"column":93}},{"start":{"line":28,"column":96},"end":{"line":28,"column":100}}]},"4":{"loc":{"start":{"line":28,"column":48},"end":{"line":28,"column":93}},"type":"binary-expr","locations":[{"start":{"line":28,"column":48},"end":{"line":28,"column":64}},{"start":{"line":28,"column":68},"end":{"line":28,"column":85}},{"start":{"line":28,"column":89},"end":{"line":28,"column":93}}]},"5":{"loc":{"start":{"line":29,"column":11},"end":{"line":31,"column":5}},"type":"if","locations":[{"start":{"line":29,"column":11},"end":{"line":31,"column":5}},{"start":{},"end":{}}]},"6":{"loc":{"start":{"line":35,"column":6},"end":{"line":35,"column":62}},"type":"cond-expr","locations":[{"start":{"line":35,"column":35},"end":{"line":35,"column":50}},{"start":{"line":35,"column":53},"end":{"line":35,"column":62}}]},"7":{"loc":{"start":{"line":13,"column":39},"end":{"line":13,"column":54}},"type":"cond-expr","locations":[{"start":{"line":13,"column":51},"end":{"line":13,"column":54}},{"start":{"line":13,"column":51},"end":{"line":13,"column":54}}]},"8":{"loc":{"start":{"line":13,"column":39},"end":{"line":13,"column":51}},"type":"binary-expr","locations":[{"start":{"line":13,"column":39},"end":{"line":13,"column":54}},{"start":{"line":13,"column":39},"end":{"line":13,"column":51}}]}},"s":{"0":0,"1":0,"2":0,"3":0,"4":0,"5":0,"6":0,"7":0,"8":0,"9":0,"10":0,"11":0,"12":0,"13":0,"14":0,"15":0,"16":0,"17":0,"18":0,"19":0,"20":0},"f":{"0":0,"1":0},"b":{"0":[0,0],"1":[0,0],"2":[0,0],"3":[0,0],"4":[0,0,0],"5":[0,0],"6":[0,0],"7":[0,0],"8":[0,0]}}
,"C:\\Users\\adrad\\OneDrive\\Desktop\\bot_backend\\src\\common\\interceptors\\transform.interceptor.ts": {"path":"C:\\Users\\adrad\\OneDrive\\Desktop\\bot_backend\\src\\common\\interceptors\\transform.interceptor.ts","statementMap":{"0":{"start":{"line":1,"column":0},"end":{"line":1,"column":null}},"1":{"start":{"line":8,"column":0},"end":{"line":8,"column":37}},"2":{"start":{"line":16,"column":7},"end":{"line":36,"column":null}},"3":{"start":{"line":21,"column":24},"end":{"line":21,"column":46}},"4":{"start":{"line":22,"column":20},"end":{"line":22,"column":44}},"5":{"start":{"line":25,"column":4},"end":{"line":27,"column":5}},"6":{"start":{"line":26,"column":6},"end":{"line":26,"column":27}},"7":{"start":{"line":29,"column":4},"end":{"line":34,"column":6}},"8":{"start":{"line":30,"column":21},"end":{"line":33,"column":8}},"9":{"start":{"line":16,"column":13},"end":{"line":16,"column":33}},"10":{"start":{"line":16,"column":13},"end":{"line":36,"column":null}}},"fnMap":{"0":{"name":"(anonymous_1)","decl":{"start":{"line":17,"column":2},"end":{"line":17,"column":11}},"loc":{"start":{"line":19,"column":21},"end":{"line":35,"column":3}}},"1":{"name":"(anonymous_2)","decl":{"start":{"line":30,"column":10},"end":{"line":30,"column":11}},"loc":{"start":{"line":30,"column":21},"end":{"line":33,"column":8}}}},"branchMap":{"0":{"loc":{"start":{"line":25,"column":4},"end":{"line":27,"column":5}},"type":"if","locations":[{"start":{"line":25,"column":4},"end":{"line":27,"column":5}},{"start":{},"end":{}}]},"1":{"loc":{"start":{"line":25,"column":8},"end":{"line":25,"column":84}},"type":"binary-expr","locations":[{"start":{"line":25,"column":8},"end":{"line":25,"column":42}},{"start":{"line":25,"column":46},"end":{"line":25,"column":84}}]}},"s":{"0":0,"1":0,"2":0,"3":0,"4":0,"5":0,"6":0,"7":0,"8":0,"9":0,"10":0},"f":{"0":0,"1":0},"b":{"0":[0,0],"1":[0,0]}}
[...]
,"C:\\Users\\adrad\\OneDrive\\Desktop\\bot_backend\\src\\workflows\\workflows.module.ts": {"path":"C:\\Users\\adrad\\OneDrive\\Desktop\\bot_backend\\src\\workflows\\workflows.module.ts","statementMap":{"0":{"start":{"line":1,"column":0},"end":{"line":1,"column":40}},"1":{"start":{"line":2,"column":0},"end":{"line":2,"column":55}},"2":{"start":{"line":3,"column":0},"end":{"line":3,"column":61}},"3":{"start":{"line":4,"column":0},"end":{"line":4,"column":61}},"4":{"start":{"line":5,"column":0},"end":{"line":5,"column":70}},"5":{"start":{"line":6,"column":0},"end":{"line":6,"column":58}},"6":{"start":{"line":7,"column":0},"end":{"line":7,"column":73}},"7":{"start":{"line":8,"column":0},"end":{"line":8,"column":46}},"8":{"start":{"line":9,"column":0},"end":{"line":9,"column":78}},"9":{"start":{"line":10,"column":0},"end":{"line":10,"column":58}},"10":{"start":{"line":11,"column":0},"end":{"line":11,"column":58}},"11":{"start":{"line":28,"column":7},"end":{"line":28,"column":null}},"12":{"start":{"line":28,"column":13},"end":{"line":28,"column":28}},"13":{"start":{"line":28,"column":13},"end":{"line":28,"column":null}}},"fnMap":{},"branchMap":{},"s":{"0":0,"1":0,"2":0,"3":0,"4":0,"5":0,"6":0,"7":0,"8":0,"9":0,"10":0,"11":0,"12":0,"13":0},"f":{},"b":{}}
,"C:\\Users\\adrad\\OneDrive\\Desktop\\bot_backend\\src\\workflows\\workflows.service.ts": {"path":"C:\\Users\\adrad\\OneDrive\\Desktop\\bot_backend\\src\\workflows\\workflows.service.ts","statementMap":{"0":{"start":{"line":1,"column":0},"end":{"line":1,"column":63}},"1":{"start":{"line":2,"column":0},"end":{"line":2,"column":63}},"2":{"start":{"line":3,"column":0},"end":{"line":3,"column":72}},"3":{"start":{"line":4,"column":0},"end":{"line":4,"column":60}},"4":{"start":{"line":5,"column":0},"end":{"line":5,"column":75}},"5":{"start":{"line":6,"column":0},"end":{"line":6,"column":48}},"6":{"start":{"line":7,"column":0},"end":{"line":7,"column":80}},"7":{"start":{"line":8,"column":0},"end":{"line":8,"column":60}},"8":{"start":{"line":9,"column":0},"end":{"line":9,"column":60}},"9":{"start":{"line":18,"column":7},"end":{"line":234,"column":null}},"10":{"start":{"line":20,"column":21},"end":{"line":20,"column":38}},"11":{"start":{"line":21,"column":21},"end":{"line":21,"column":41}},"12":{"start":{"line":22,"column":21},"end":{"line":22,"column":37}},"13":{"start":{"line":23,"column":21},"end":{"line":23,"column":42}},"14":{"start":{"line":24,"column":21},"end":{"line":24,"column":33}},"15":{"start":{"line":25,"column":21},"end":{"line":25,"column":32}},"16":{"start":{"line":26,"column":21},"end":{"line":26,"column":37}},"17":{"start":{"line":27,"column":21},"end":{"line":27,"column":37}},"18":{"start":{"line":31,"column":35},"end":{"line":31,"column":38}},"19":{"start":{"line":34,"column":18},"end":{"line":34,"column":63}},"20":{"start":{"line":37,"column":4},"end":{"line":46,"column":5}},"21":{"start":{"line":38,"column":6},"end":{"line":45,"column":9}},"22":{"start":{"line":48,"column":4},"end":{"line":54,"column":5}},"23":{"start":{"line":49,"column":6},"end":{"line":53,"column":8}},"24":{"start":{"line":57,"column":4},"end":{"line":64,"column":5}},"25":{"start":{"line":58,"column":20},"end":{"line":58,"column":59}},"26":{"start":{"line":59,"column":6},"end":{"line":63,"column":8}},"27":{"start":{"line":62,"column":39},"end":{"line":62,"column":93}},"28":{"start":{"line":67,"column":4},"end":{"line":74,"column":5}},"29":{"start":{"line":68,"column":19},"end":{"line":68,"column":87}},"30":{"start":{"line":69,"column":6},"end":{"line":73,"column":8}},"31":{"start":{"line":72,"column":34},"end":{"line":72,"column":124}},"32":{"start":{"line":77,"column":4},"end":{"line":94,"column":5}},"33":{"start":{"line":78,"column":30},"end":{"line":78,"column":32}},"34":{"start":{"line":79,"column":20},"end":{"line":79,"column":30}},"35":{"start":{"line":80,"column":6},"end":{"line":87,"column":7}},"36":{"start":{"line":80,"column":19},"end":{"line":80,"column":20}},"37":{"start":{"line":81,"column":25},"end":{"line":81,"column":35}},"38":{"start":{"line":82,"column":8},"end":{"line":82,"column":46}},"39":{"start":{"line":83,"column":21},"end":{"line":83,"column":43}},"40":{"start":{"line":84,"column":19},"end":{"line":84,"column":67}},"41":{"start":{"line":85,"column":19},"end":{"line":85,"column":62}},"42":{"start":{"line":86,"column":8},"end":{"line":86,"column":42}},"43":{"start":{"line":89,"column":6},"end":{"line":93,"column":8}},"44":{"start":{"line":97,"column":4},"end":{"line":104,"column":5}},"45":{"start":{"line":98,"column":20},"end":{"line":98,"column":108}},"46":{"start":{"line":99,"column":6},"end":{"line":103,"column":8}},"47":{"start":{"line":107,"column":4},"end":{"line":135,"column":5}},"48":{"start":{"line":108,"column":26},"end":{"line":114,"column":8}},"49":{"start":{"line":116,"column":6},"end":{"line":128,"column":8}},"50":{"start":{"line":130,"column":6},"end":{"line":134,"column":8}},"51":{"start":{"line":139,"column":19},"end":{"line":139,"column":66}},"52":{"start":{"line":140,"column":18},"end":{"line":140,"column":90}},"53":{"start":{"line":142,"column":4},"end":{"line":146,"column":6}},"54":{"start":{"line":150,"column":20},"end":{"line":150,"column":69}},"55":{"start":{"line":151,"column":4},"end":{"line":156,"column":5}},"56":{"start":{"line":152,"column":6},"end":{"line":155,"column":8}},"57":{"start":{"line":158,"column":20},"end":{"line":158,"column":78}},"58":{"start":{"line":159,"column":4},"end":{"line":164,"column":5}},"59":{"start":{"line":160,"column":6},"end":{"line":163,"column":8}},"60":{"start":{"line":166,"column":19},"end":{"line":166,"column":29}},"61":{"start":{"line":167,"column":16},"end":{"line":169,"column":28}},"62":{"start":{"line":171,"column":4},"end":{"line":177,"column":6}},"63":{"start":{"line":182,"column":17},"end":{"line":182,"column":56}},"64":{"start":{"line":183,"column":4},"end":{"line":189,"column":5}},"65":{"start":{"line":184,"column":6},"end":{"line":188,"column":8}},"66":{"start":{"line":192,"column":15},"end":{"line":192,"column":53}},"67":{"start":{"line":193,"column":4},"end":{"line":199,"column":5}},"68":{"start":{"line":194,"column":6},"end":{"line":198,"column":8}},"69":{"start":{"line":201,"column":4},"end":{"line":204,"column":6}},"70":{"start":{"line":208,"column":18},"end":{"line":208,"column":67}},"71":{"start":{"line":209,"column":4},"end":{"line":219,"column":5}},"72":{"start":{"line":211,"column":6},"end":{"line":218,"column":9}},"73":{"start":{"line":221,"column":19},"end":{"line":225,"column":6}},"74":{"start":{"line":227,"column":4},"end":{"line":232,"column":6}},"75":{"start":{"line":18,"column":13},"end":{"line":18,"column":29}},"76":{"start":{"line":18,"column":13},"end":{"line":234,"column":null}}},"fnMap":{"0":{"name":"(anonymous_2)","decl":{"start":{"line":19,"column":2},"end":{"line":19,"column":null}},"loc":{"start":{"line":27,"column":51},"end":{"line":28,"column":6}}},"1":{"name":"(anonymous_3)","decl":{"start":{"line":30,"column":2},"end":{"line":30,"column":7}},"loc":{"start":{"line":30,"column":61},"end":{"line":136,"column":3}}},"2":{"name":"(anonymous_4)","decl":{"start":{"line":62,"column":31},"end":{"line":62,"column":32}},"loc":{"start":{"line":62,"column":39},"end":{"line":62,"column":93}}},"3":{"name":"(anonymous_5)","decl":{"start":{"line":72,"column":26},"end":{"line":72,"column":27}},"loc":{"start":{"line":72,"column":34},"end":{"line":72,"column":124}}},"4":{"name":"(anonymous_6)","decl":{"start":{"line":138,"column":2},"end":{"line":138,"column":7}},"loc":{"start":{"line":138,"column":75},"end":{"line":147,"column":3}}},"5":{"name":"(anonymous_7)","decl":{"start":{"line":149,"column":2},"end":{"line":149,"column":7}},"loc":{"start":{"line":149,"column":63},"end":{"line":178,"column":3}}},"6":{"name":"(anonymous_8)","decl":{"start":{"line":180,"column":2},"end":{"line":180,"column":7}},"loc":{"start":{"line":180,"column":57},"end":{"line":205,"column":3}}},"7":{"name":"(anonymous_9)","decl":{"start":{"line":207,"column":2},"end":{"line":207,"column":7}},"loc":{"start":{"line":207,"column":59},"end":{"line":233,"column":3}}}},"branchMap":{"0":{"loc":{"start":{"line":37,"column":4},"end":{"line":46,"column":5}},"type":"if","locations":[{"start":{"line":37,"column":4},"end":{"line":46,"column":5}},{"start":{},"end":{}}]},"1":{"loc":{"start":{"line":37,"column":8},"end":{"line":37,"column":133}},"type":"binary-expr","locations":[{"start":{"line":37,"column":8},"end":{"line":37,"column":16}},{"start":{"line":37,"column":20},"end":{"line":37,"column":41}},{"start":{"line":37,"column":45},"end":{"line":37,"column":65}},{"start":{"line":37,"column":69},"end":{"line":37,"column":87}},{"start":{"line":37,"column":91},"end":{"line":37,"column":106}},{"start":{"line":37,"column":110},"end":{"line":37,"column":133}}]},"2":{"loc":{"start":{"line":48,"column":4},"end":{"line":54,"column":5}},"type":"if","locations":[{"start":{"line":48,"column":4},"end":{"line":54,"column":5}},{"start":{},"end":{}}]},"3":{"loc":{"start":{"line":57,"column":4},"end":{"line":64,"column":5}},"type":"if","locations":[{"start":{"line":57,"column":4},"end":{"line":64,"column":5}},{"start":{},"end":{}}]},"4":{"loc":{"start":{"line":67,"column":4},"end":{"line":74,"column":5}},"type":"if","locations":[{"start":{"line":67,"column":4},"end":{"line":74,"column":5}},{"start":{},"end":{}}]},"5":{"loc":{"start":{"line":77,"column":4},"end":{"line":94,"column":5}},"type":"if","locations":[{"start":{"line":77,"column":4},"end":{"line":94,"column":5}},{"start":{},"end":{}}]},"6":{"loc":{"start":{"line":97,"column":4},"end":{"line":104,"column":5}},"type":"if","locations":[{"start":{"line":97,"column":4},"end":{"line":104,"column":5}},{"start":{},"end":{}}]},"7":{"loc":{"start":{"line":133,"column":17},"end":{"line":133,"column":86}},"type":"binary-expr","locations":[{"start":{"line":133,"column":17},"end":{"line":133,"column":28}},{"start":{"line":133,"column":32},"end":{"line":133,"column":86}}]},"8":{"loc":{"start":{"line":151,"column":4},"end":{"line":156,"column":5}},"type":"if","locations":[{"start":{"line":151,"column":4},"end":{"line":156,"column":5}},{"start":{},"end":{}}]},"9":{"loc":{"start":{"line":159,"column":4},"end":{"line":164,"column":5}},"type":"if","locations":[{"start":{"line":159,"column":4},"end":{"line":164,"column":5}},{"start":{},"end":{}}]},"10":{"loc":{"start":{"line":167,"column":16},"end":{"line":169,"column":28}},"type":"cond-expr","locations":[{"start":{"line":168,"column":8},"end":{"line":168,"column":33}},{"start":{"line":169,"column":8},"end":{"line":169,"column":28}}]},"11":{"loc":{"start":{"line":167,"column":16},"end":{"line":167,"column":89}},"type":"binary-expr","locations":[{"start":{"line":167,"column":16},"end":{"line":167,"column":49}},{"start":{"line":167,"column":53},"end":{"line":167,"column":89}}]},"12":{"loc":{"start":{"line":183,"column":4},"end":{"line":189,"column":5}},"type":"if","locations":[{"start":{"line":183,"column":4},"end":{"line":189,"column":5}},{"start":{},"end":{}}]},"13":{"loc":{"start":{"line":193,"column":4},"end":{"line":199,"column":5}},"type":"if","locations":[{"start":{"line":193,"column":4},"end":{"line":199,"column":5}},{"start":{},"end":{}}]},"14":{"loc":{"start":{"line":209,"column":4},"end":{"line":219,"column":5}},"type":"if","locations":[{"start":{"line":209,"column":4},"end":{"line":219,"column":5}},{"start":{},"end":{}}]},"15":{"loc":{"start":{"line":224,"column":19},"end":{"line":224,"column":72}},"type":"binary-expr","locations":[{"start":{"line":224,"column":19},"end":{"line":224,"column":28}},{"start":{"line":224,"column":32},"end":{"line":224,"column":72}}]},"16":{"loc":{"start":{"line":231,"column":21},"end":{"line":231,"column":133}},"type":"cond-expr","locations":[{"start":{"line":231,"column":44},"end":{"line":231,"column":112}},{"start":{"line":231,"column":115},"end":{"line":231,"column":133}}]},"17":{"loc":{"start":{"line":20,"column":38},"end":{"line":20,"column":null}},"type":"cond-expr","locations":[{"start":{"line":20,"column":53},"end":{"line":20,"column":null}},{"start":{"line":20,"column":53},"end":{"line":20,"column":null}}]},"18":{"loc":{"start":{"line":20,"column":38},"end":{"line":20,"column":53}},"type":"binary-expr","locations":[{"start":{"line":20,"column":38},"end":{"line":20,"column":null}},{"start":{"line":20,"column":38},"end":{"line":20,"column":53}}]},"19":{"loc":{"start":{"line":20,"column":53},"end":{"line":21,"column":null}},"type":"cond-expr","locations":[{"start":{"line":21,"column":59},"end":{"line":21,"column":null}},{"start":{"line":21,"column":59},"end":{"line":21,"column":null}}]},"20":{"loc":{"start":{"line":20,"column":53},"end":{"line":21,"column":59}},"type":"binary-expr","locations":[{"start":{"line":20,"column":53},"end":{"line":21,"column":null}},{"start":{"line":21,"column":41},"end":{"line":21,"column":59}}]},"21":{"loc":{"start":{"line":21,"column":59},"end":{"line":22,"column":null}},"type":"cond-expr","locations":[{"start":{"line":22,"column":51},"end":{"line":22,"column":null}},{"start":{"line":22,"column":51},"end":{"line":22,"column":null}}]},"22":{"loc":{"start":{"line":21,"column":59},"end":{"line":22,"column":51}},"type":"binary-expr","locations":[{"start":{"line":21,"column":59},"end":{"line":22,"column":null}},{"start":{"line":22,"column":37},"end":{"line":22,"column":51}}]},"23":{"loc":{"start":{"line":22,"column":51},"end":{"line":23,"column":null}},"type":"cond-expr","locations":[{"start":{"line":23,"column":61},"end":{"line":23,"column":null}},{"start":{"line":23,"column":61},"end":{"line":23,"column":null}}]},"24":{"loc":{"start":{"line":22,"column":51},"end":{"line":23,"column":61}},"type":"binary-expr","locations":[{"start":{"line":22,"column":51},"end":{"line":23,"column":null}},{"start":{"line":23,"column":42},"end":{"line":23,"column":61}}]},"25":{"loc":{"start":{"line":23,"column":61},"end":{"line":24,"column":null}},"type":"cond-expr","locations":[{"start":{"line":24,"column":43},"end":{"line":24,"column":null}},{"start":{"line":24,"column":43},"end":{"line":24,"column":null}}]},"26":{"loc":{"start":{"line":23,"column":61},"end":{"line":24,"column":43}},"type":"binary-expr","locations":[{"start":{"line":23,"column":61},"end":{"line":24,"column":null}},{"start":{"line":24,"column":33},"end":{"line":24,"column":43}}]},"27":{"loc":{"start":{"line":24,"column":43},"end":{"line":25,"column":null}},"type":"cond-expr","locations":[{"start":{"line":25,"column":52},"end":{"line":25,"column":null}},{"start":{"line":25,"column":52},"end":{"line":25,"column":null}}]},"28":{"loc":{"start":{"line":24,"column":43},"end":{"line":25,"column":52}},"type":"binary-expr","locations":[{"start":{"line":24,"column":43},"end":{"line":25,"column":null}},{"start":{"line":25,"column":32},"end":{"line":25,"column":52}}]},"29":{"loc":{"start":{"line":25,"column":52},"end":{"line":26,"column":null}},"type":"cond-expr","locations":[{"start":{"line":26,"column":51},"end":{"line":26,"column":null}},{"start":{"line":26,"column":51},"end":{"line":26,"column":null}}]},"30":{"loc":{"start":{"line":25,"column":52},"end":{"line":26,"column":51}},"type":"binary-expr","locations":[{"start":{"line":25,"column":52},"end":{"line":26,"column":null}},{"start":{"line":26,"column":37},"end":{"line":26,"column":51}}]},"31":{"loc":{"start":{"line":26,"column":51},"end":{"line":27,"column":null}},"type":"cond-expr","locations":[{"start":{"line":27,"column":51},"end":{"line":27,"column":null}},{"start":{"line":27,"column":51},"end":{"line":27,"column":null}}]},"32":{"loc":{"start":{"line":26,"column":51},"end":{"line":27,"column":51}},"type":"binary-expr","locations":[{"start":{"line":26,"column":51},"end":{"line":27,"column":null}},{"start":{"line":27,"column":37},"end":{"line":27,"column":51}}]}},"s":{"0":1,"1":1,"2":1,"3":1,"4":1,"5":1,"6":1,"7":1,"8":1,"9":1,"10":0,"11":0,"12":0,"13":0,"14":0,"15":0,"16":0,"17":0,"18":0,"19":0,"20":0,"21":0,"22":0,"23":0,"24":0,"25":0,"26":0,"27":0,"28":0,"29":0,"30":0,"31":0,"32":0,"33":0,"34":0,"35":0,"36":0,"37":0,"38":0,"39":0,"40":0,"41":0,"42":0,"43":0,"44":0,"45":0,"46":0,"47":0,"48":0,"49":0,"50":0,"51":0,"52":0,"53":0,"54":0,"55":0,"56":0,"57":0,"58":0,"59":0,"60":0,"61":0,"62":0,"63":0,"64":0,"65":0,"66":0,"67":0,"68":0,"69":0,"70":0,"71":0,"72":0,"73":0,"74":0,"75":1,"76":1},"f":{"0":0,"1":0,"2":0,"3":0,"4":0,"5":0,"6":0,"7":0},"b":{"0":[0,0],"1":[0,0,0,0,0,0],"2":[0,0],"3":[0,0],"4":[0,0],"5":[0,0],"6":[0,0],"7":[0,0],"8":[0,0],"9":[0,0],"10":[0,0],"11":[0,0],"12":[0,0],"13":[0,0],"14":[0,0],"15":[0,0],"16":[0,0],"17":[1,0],"18":[1,1],"19":[1,0],"20":[1,1],"21":[1,0],"22":[1,1],"23":[1,0],"24":[1,1],"25":[1,0],"26":[1,1],"27":[1,0],"28":[1,1],"29":[1,0],"30":[1,1],"31":[1,0],"32":[1,1]}}
,"C:\\Users\\adrad\\OneDrive\\Desktop\\bot_backend\\src\\workflows\\dto\\appointment-workflow.dto.ts": {"path":"C:\\Users\\adrad\\OneDrive\\Desktop\\bot_backend\\src\\workflows\\dto\\appointment-workflow.dto.ts","statementMap":{"0":{"start":{"line":1,"column":0},"end":{"line":1,"column":46}},"1":{"start":{"line":2,"column":0},"end":{"line":2,"column":65}},"2":{"start":{"line":4,"column":0},"end":{"line":4,"column":13}},"3":{"start":{"line":8,"column":2},"end":{"line":8,"column":null}},"4":{"start":{"line":12,"column":2},"end":{"line":12,"column":null}}},"fnMap":{},"branchMap":{},"s":{"0":0,"1":0,"2":0,"3":0,"4":0},"f":{},"b":{}}
,"C:\\Users\\adrad\\OneDrive\\Desktop\\bot_backend\\src\\workflows\\dto\\doctor-availability-workflow.dto.ts": {"path":"C:\\Users\\adrad\\OneDrive\\Desktop\\bot_backend\\src\\workflows\\dto\\doctor-availability-workflow.dto.ts","statementMap":{"0":{"start":{"line":1,"column":0},"end":{"line":1,"column":46}},"1":{"start":{"line":2,"column":0},"end":{"line":2,"column":69}},"2":{"start":{"line":4,"column":0},"end":{"line":4,"column":13}},"3":{"start":{"line":8,"column":2},"end":{"line":8,"column":null}},"4":{"start":{"line":12,"column":2},"end":{"line":12,"column":null}}},"fnMap":{},"branchMap":{},"s":{"0":0,"1":0,"2":0,"3":0,"4":0},"f":{},"b":{}}
,"C:\\Users\\adrad\\OneDrive\\Desktop\\bot_backend\\src\\workflows\\dto\\escalation-workflow.dto.ts": {"path":"C:\\Users\\adrad\\OneDrive\\Desktop\\bot_backend\\src\\workflows\\dto\\escalation-workflow.dto.ts","statementMap":{"0":{"start":{"line":1,"column":0},"end":{"line":1,"column":46}},"1":{"start":{"line":2,"column":0},"end":{"line":2,"column":67}},"2":{"start":{"line":4,"column":0},"end":{"line":4,"column":13}},"3":{"start":{"line":8,"column":2},"end":{"line":8,"column":null}},"4":{"start":{"line":13,"column":2},"end":{"line":13,"column":null}},"5":{"start":{"line":18,"column":2},"end":{"line":18,"column":null}}},"fnMap":{},"branchMap":{},"s":{"0":0,"1":0,"2":0,"3":0,"4":0,"5":0},"f":{},"b":{}}
,"C:\\Users\\adrad\\OneDrive\\Desktop\\bot_backend\\src\\workflows\\dto\\knowledge-workflow.dto.ts": {"path":"C:\\Users\\adrad\\OneDrive\\Desktop\\bot_backend\\src\\workflows\\dto\\knowledge-workflow.dto.ts","statementMap":{"0":{"start":{"line":1,"column":0},"end":{"line":1,"column":46}},"1":{"start":{"line":2,"column":0},"end":{"line":2,"column":55}},"2":{"start":{"line":4,"column":0},"end":{"line":4,"column":13}},"3":{"start":{"line":8,"column":2},"end":{"line":8,"column":null}}},"fnMap":{},"branchMap":{},"s":{"0":0,"1":0,"2":0,"3":0},"f":{},"b":{}}
,"C:\\Users\\adrad\\OneDrive\\Desktop\\bot_backend\\src\\workflows\\dto\\report-status-workflow.dto.ts": {"path":"C:\\Users\\adrad\\OneDrive\\Desktop\\bot_backend\\src\\workflows\\dto\\report-status-workflow.dto.ts","statementMap":{"0":{"start":{"line":1,"column":0},"end":{"line":1,"column":46}},"1":{"start":{"line":2,"column":0},"end":{"line":2,"column":55}},"2":{"start":{"line":4,"column":0},"end":{"line":4,"column":13}},"3":{"start":{"line":8,"column":2},"end":{"line":8,"column":null}}},"fnMap":{},"branchMap":{},"s":{"0":0,"1":0,"2":0,"3":0},"f":{},"b":{}}
}
