TN:
SF:src\app.module.ts
FNF:0
FNH:0
DA:1,0
DA:2,0
DA:3,0
DA:4,0
DA:5,0
DA:6,0
DA:7,0
DA:8,0
DA:9,0
DA:10,0
DA:11,0
DA:12,0
DA:13,0
DA:14,0
DA:15,0
DA:16,0
DA:17,0
DA:18,0
DA:19,0
DA:20,0
DA:21,0
DA:22,0
DA:23,0
DA:24,0
DA:53,0
LF:25
LH:0
BRF:0
BRH:0
end_of_record
TN:
SF:src\main.ts
FN:10,bootstrap
FNF:1
FNH:0
FNDA:0,bootstrap
DA:1,0
DA:2,0
DA:3,0
DA:4,0
DA:5,0
DA:6,0
DA:7,0
DA:8,0
DA:11,0
DA:15,0
DA:16,0
DA:18,0
DA:19,0
DA:21,0
DA:23,0
DA:31,0
DA:32,0
DA:34,0
DA:43,0
DA:44,0
DA:46,0
DA:47,0
DA:48,0
DA:50,0
LF:24
LH:0
BRF:0
BRH:0
end_of_record
TN:
SF:src\appointments\appointments.controller.ts
FN:39,(anonymous_4)
FN:46,(anonymous_5)
FN:56,(anonymous_6)
FN:64,(anonymous_7)
FN:74,(anonymous_8)
FN:83,(anonymous_9)
FN:90,(anonymous_10)
FN:97,(anonymous_11)
FN:104,(anonymous_12)
FN:111,(anonymous_13)
FN:119,(anonymous_14)
FN:131,(anonymous_15)
FN:144,(anonymous_16)
FN:156,(anonymous_17)
FNF:14
FNH:0
FNDA:0,(anonymous_4)
FNDA:0,(anonymous_5)
FNDA:0,(anonymous_6)
FNDA:0,(anonymous_7)
FNDA:0,(anonymous_8)
FNDA:0,(anonymous_9)
FNDA:0,(anonymous_10)
FNDA:0,(anonymous_11)
FNDA:0,(anonymous_12)
FNDA:0,(anonymous_13)
FNDA:0,(anonymous_14)
FNDA:0,(anonymous_15)
FNDA:0,(anonymous_16)
FNDA:0,(anonymous_17)
DA:1,0
DA:14,0
DA:15,0
DA:16,0
DA:17,0
DA:18,0
DA:19,0
DA:20,0
DA:21,0
DA:22,0
DA:27,0
DA:31,0
DA:38,0
DA:39,0
DA:46,0
DA:47,0
DA:56,0
DA:57,0
DA:64,0
DA:68,0
DA:74,0
DA:75,0
DA:83,0
DA:84,0
DA:90,0
DA:91,0
DA:97,0
DA:98,0
DA:104,0
DA:105,0
DA:111,0
DA:112,0
DA:119,0
DA:123,0
DA:131,0
DA:135,0
DA:144,0
DA:148,0
DA:156,0
DA:157,0
LF:40
LH:0
BRDA:123,0,0,0
BRDA:123,0,1,0
BRDA:46,1,0,0
BRDA:46,1,1,0
BRDA:46,2,0,0
BRDA:46,2,1,0
BRDA:56,3,0,0
BRDA:56,3,1,0
BRDA:56,4,0,0
BRDA:56,4,1,0
BRDA:133,5,0,0
BRDA:133,5,1,0
BRDA:133,6,0,0
BRDA:133,6,1,0
BRDA:146,7,0,0
BRDA:146,7,1,0
BRDA:146,8,0,0
BRDA:146,8,1,0
BRDA:39,9,0,0
BRDA:39,9,1,0
BRDA:39,10,0,0
BRDA:39,10,1,0
BRF:22
BRH:0
end_of_record
TN:
SF:src\appointments\appointments.module.ts
FNF:0
FNH:0
DA:1,0
DA:2,0
DA:3,0
DA:4,0
DA:12,0
LF:5
LH:0
BRF:0
BRH:0
end_of_record
TN:
SF:src\appointments\appointments.service.ts
FN:29,(anonymous_2)
FN:37,(anonymous_3)
FN:108,(anonymous_4)
FN:109,(anonymous_5)
FN:114,(anonymous_6)
FN:179,(anonymous_7)
FN:192,(anonymous_8)
FN:213,(anonymous_9)
FN:289,(anonymous_10)
FN:293,(anonymous_11)
FN:297,(anonymous_12)
FN:301,(anonymous_13)
FN:305,(anonymous_14)
FN:309,(anonymous_15)
FN:318,(anonymous_16)
FN:403,(anonymous_17)
FN:429,(anonymous_18)
FN:437,(anonymous_19)
FN:446,(anonymous_20)
FNF:19
FNH:5
FNDA:5,(anonymous_2)
FNDA:4,(anonymous_3)
FNDA:1,(anonymous_4)
FNDA:2,(anonymous_5)
FNDA:2,(anonymous_6)
FNDA:0,(anonymous_7)
FNDA:0,(anonymous_8)
FNDA:0,(anonymous_9)
FNDA:0,(anonymous_10)
FNDA:0,(anonymous_11)
FNDA:0,(anonymous_12)
FNDA:0,(anonymous_13)
FNDA:0,(anonymous_14)
FNDA:0,(anonymous_15)
FNDA:0,(anonymous_16)
FNDA:0,(anonymous_17)
FNDA:0,(anonymous_18)
FNDA:0,(anonymous_19)
FNDA:0,(anonymous_20)
DA:1,2
DA:7,2
DA:8,2
DA:12,2
DA:15,2
DA:28,2
DA:30,5
DA:31,5
DA:32,5
DA:38,4
DA:41,4
DA:44,4
DA:47,4
DA:53,4
DA:56,4
DA:59,4
DA:62,3
DA:66,3
DA:67,3
DA:70,3
DA:76,3
DA:78,3
DA:79,0
DA:80,0
DA:82,0
DA:84,3
DA:85,3
DA:90,3
DA:93,1
DA:94,1
DA:95,1
DA:96,1
DA:99,1
DA:108,1
DA:109,2
DA:115,2
DA:118,2
DA:120,1
DA:124,1
DA:126,1
DA:129,1
DA:131,1
DA:132,1
DA:133,1
DA:136,0
DA:148,0
DA:164,0
DA:166,0
DA:174,0
DA:180,0
DA:181,0
DA:182,0
DA:183,0
DA:184,0
DA:185,0
DA:186,0
DA:187,0
DA:188,0
DA:193,0
DA:194,0
DA:219,0
DA:223,0
DA:225,0
DA:226,0
DA:227,0
DA:232,0
DA:233,0
DA:234,0
DA:235,0
DA:238,0
DA:239,0
DA:240,0
DA:243,0
DA:250,0
DA:261,0
DA:262,0
DA:272,0
DA:273,0
DA:276,0
DA:284,0
DA:290,0
DA:294,0
DA:298,0
DA:302,0
DA:306,0
DA:310,0
DA:319,0
DA:323,0
DA:325,0
DA:326,0
DA:331,0
DA:332,0
DA:333,0
DA:336,0
DA:337,0
DA:346,0
DA:360,0
DA:379,0
DA:380,0
DA:382,0
DA:395,0
DA:404,0
DA:407,0
DA:409,0
DA:410,0
DA:411,0
DA:412,0
DA:415,0
DA:420,0
DA:424,0
DA:430,0
DA:438,0
DA:442,0
DA:443,0
DA:447,0
DA:448,0
DA:449,0
LF:117
LH:41
BRDA:44,0,0,0
BRDA:44,0,1,4
BRDA:53,1,0,0
BRDA:53,1,1,4
BRDA:59,2,0,1
BRDA:59,2,1,3
BRDA:66,3,0,0
BRDA:66,3,1,3
BRDA:67,4,0,3
BRDA:67,4,1,1
BRDA:67,4,2,1
BRDA:78,5,0,0
BRDA:78,5,1,3
BRDA:79,6,0,0
BRDA:79,6,1,0
BRDA:79,7,0,0
BRDA:79,7,1,0
BRDA:79,7,2,0
BRDA:90,8,0,2
BRDA:90,8,1,1
BRDA:118,9,0,1
BRDA:118,9,1,1
BRDA:124,10,0,0
BRDA:124,10,1,1
BRDA:129,11,0,0
BRDA:129,11,1,1
BRDA:132,12,0,1
BRDA:132,12,1,0
BRDA:180,13,0,0
BRDA:180,13,1,0
BRDA:180,13,2,0
BRDA:180,13,3,0
BRDA:180,13,4,0
BRDA:180,13,5,0
BRDA:180,13,6,0
BRDA:180,13,7,0
BRDA:193,14,0,0
BRDA:193,14,1,0
BRDA:205,15,0,0
BRDA:205,15,1,0
BRDA:206,16,0,0
BRDA:206,16,1,0
BRDA:223,17,0,0
BRDA:223,17,1,0
BRDA:225,18,0,0
BRDA:225,18,1,0
BRDA:226,19,0,0
BRDA:226,19,1,0
BRDA:234,20,0,0
BRDA:234,20,1,0
BRDA:238,21,0,0
BRDA:238,21,1,0
BRDA:238,22,0,0
BRDA:238,22,1,0
BRDA:239,23,0,0
BRDA:239,23,1,0
BRDA:240,24,0,0
BRDA:240,24,1,0
BRDA:261,25,0,0
BRDA:261,25,1,0
BRDA:272,26,0,0
BRDA:272,26,1,0
BRDA:311,27,0,0
BRDA:311,27,1,0
BRDA:312,28,0,0
BRDA:312,28,1,0
BRDA:323,29,0,0
BRDA:323,29,1,0
BRDA:325,30,0,0
BRDA:325,30,1,0
BRDA:332,31,0,0
BRDA:332,31,1,0
BRDA:342,32,0,0
BRDA:342,32,1,0
BRDA:407,33,0,0
BRDA:407,33,1,0
BRDA:411,34,0,0
BRDA:411,34,1,0
BRDA:431,35,0,0
BRDA:431,35,1,0
BRDA:442,36,0,0
BRDA:442,36,1,0
BRDA:30,37,0,2
BRDA:30,37,1,0
BRDA:30,38,0,2
BRDA:30,38,1,2
BRDA:30,39,0,2
BRDA:30,39,1,0
BRDA:30,40,0,2
BRDA:30,40,1,2
BRDA:31,41,0,2
BRDA:31,41,1,0
BRDA:31,42,0,2
BRDA:31,42,1,2
BRF:94
BRH:25
end_of_record
TN:
SF:src\appointments\dto\book-appointment.dto.ts
FNF:0
FNH:0
DA:1,0
DA:2,0
DA:4,0
DA:8,0
DA:13,0
DA:18,0
DA:22,0
DA:28,0
LF:8
LH:0
BRF:0
BRH:0
end_of_record
TN:
SF:src\appointments\dto\reschedule-appointment.dto.ts
FNF:0
FNH:0
DA:1,0
DA:2,0
DA:4,0
DA:7,0
DA:13,0
DA:18,0
LF:6
LH:0
BRF:0
BRH:0
end_of_record
TN:
SF:src\audit\audit.controller.ts
FN:14,(anonymous_2)
FN:19,(anonymous_3)
FNF:2
FNH:0
FNDA:0,(anonymous_2)
FNDA:0,(anonymous_3)
DA:1,0
DA:2,0
DA:3,0
DA:4,0
DA:5,0
DA:6,0
DA:7,0
DA:13,0
DA:14,0
DA:19,0
DA:20,0
LF:11
LH:0
BRDA:14,0,0,0
BRDA:14,0,1,0
BRDA:14,1,0,0
BRDA:14,1,1,0
BRF:4
BRH:0
end_of_record
TN:
SF:src\audit\audit.module.ts
FNF:0
FNH:0
DA:1,0
DA:2,0
DA:3,0
DA:11,0
LF:4
LH:0
BRF:0
BRH:0
end_of_record
TN:
SF:src\audit\audit.service.ts
FN:6,(anonymous_2)
FN:8,(anonymous_3)
FN:20,(anonymous_4)
FNF:3
FNH:0
FNDA:0,(anonymous_2)
FNDA:0,(anonymous_3)
FNDA:0,(anonymous_4)
DA:1,4
DA:2,4
DA:5,4
DA:6,0
DA:9,0
DA:21,0
LF:6
LH:3
BRDA:15,0,0,0
BRDA:15,0,1,0
BRDA:6,1,0,4
BRDA:6,1,1,0
BRDA:6,2,0,4
BRDA:6,2,1,4
BRF:6
BRH:3
end_of_record
TN:
SF:src\auth\auth.controller.ts
FN:10,(anonymous_4)
FN:15,(anonymous_5)
FN:30,(anonymous_6)
FNF:3
FNH:0
FNDA:0,(anonymous_4)
FNDA:0,(anonymous_5)
FNDA:0,(anonymous_6)
DA:1,0
DA:2,0
DA:3,0
DA:4,0
DA:5,0
DA:9,0
DA:10,0
DA:15,0
DA:16,0
DA:30,0
DA:31,0
LF:11
LH:0
BRDA:15,0,0,0
BRDA:15,0,1,0
BRDA:15,1,0,0
BRDA:15,1,1,0
BRDA:30,2,0,0
BRDA:30,2,1,0
BRDA:30,3,0,0
BRDA:30,3,1,0
BRDA:10,4,0,0
BRDA:10,4,1,0
BRDA:10,5,0,0
BRDA:10,5,1,0
BRF:12
BRH:0
end_of_record
TN:
SF:src\auth\auth.module.ts
FN:18,(anonymous_1)
FNF:1
FNH:0
FNDA:0,(anonymous_1)
DA:1,0
DA:2,0
DA:3,0
DA:4,0
DA:5,0
DA:6,0
DA:7,0
DA:8,0
DA:9,0
DA:18,0
DA:30,0
LF:11
LH:0
BRF:0
BRH:0
end_of_record
TN:
SF:src\auth\auth.service.ts
FN:9,(anonymous_11)
FN:14,(anonymous_12)
FN:25,(anonymous_13)
FNF:3
FNH:0
FNDA:0,(anonymous_11)
FNDA:0,(anonymous_12)
FNDA:0,(anonymous_13)
DA:1,0
DA:2,0
DA:3,0
DA:4,0
DA:8,0
DA:10,0
DA:11,0
DA:15,0
DA:26,0
DA:27,0
DA:28,0
DA:30,0
DA:31,0
DA:32,0
DA:34,0
DA:35,0
LF:16
LH:0
BRDA:27,0,0,0
BRDA:27,0,1,0
BRDA:31,1,0,0
BRDA:31,1,1,0
BRDA:10,2,0,0
BRDA:10,2,1,0
BRDA:10,3,0,0
BRDA:10,3,1,0
BRDA:10,4,0,0
BRDA:10,4,1,0
BRDA:10,5,0,0
BRDA:10,5,1,0
BRF:12
BRH:0
end_of_record
TN:
SF:src\auth\decorators\get-user.decorator.ts
FN:4,(anonymous_0)
FNF:1
FNH:0
FNDA:0,(anonymous_0)
DA:1,0
DA:3,0
DA:5,0
DA:6,0
DA:7,0
DA:9,0
LF:6
LH:0
BRDA:6,0,0,0
BRDA:6,0,1,0
BRF:2
BRH:0
end_of_record
TN:
SF:src\auth\decorators\permissions.decorator.ts
FN:4,(anonymous_0)
FNF:1
FNH:0
FNDA:0,(anonymous_0)
DA:1,0
DA:3,0
DA:4,0
LF:3
LH:0
BRF:0
BRH:0
end_of_record
TN:
SF:src\auth\decorators\roles.decorator.ts
FN:5,(anonymous_0)
FNF:1
FNH:0
FNDA:0,(anonymous_0)
DA:1,0
DA:4,0
DA:5,0
LF:3
LH:0
BRF:0
BRH:0
end_of_record
TN:
SF:src\auth\dto\login.dto.ts
FNF:0
FNH:0
DA:1,0
DA:2,0
DA:4,0
DA:7,0
DA:12,0
LF:5
LH:0
BRF:0
BRH:0
end_of_record
TN:
SF:src\auth\dto\register.dto.ts
FNF:0
FNH:0
DA:1,0
DA:2,0
DA:3,0
DA:5,0
DA:8,0
DA:13,0
DA:17,0
DA:21,0
DA:25,0
DA:30,0
LF:10
LH:0
BRDA:25,0,0,0
BRDA:25,0,1,0
BRDA:25,1,0,0
BRDA:25,1,1,0
BRF:4
BRH:0
end_of_record
TN:
SF:src\auth\guards\jwt-auth.guard.ts
FN:6,(anonymous_1)
FN:10,(anonymous_2)
FNF:2
FNH:0
FNDA:0,(anonymous_1)
FNDA:0,(anonymous_2)
DA:1,0
DA:2,0
DA:5,0
DA:7,0
DA:11,0
DA:12,0
DA:14,0
LF:7
LH:0
BRDA:11,0,0,0
BRDA:11,0,1,0
BRDA:11,1,0,0
BRDA:11,1,1,0
BRDA:12,2,0,0
BRDA:12,2,1,0
BRF:6
BRH:0
end_of_record
TN:
SF:src\auth\guards\roles.guard.ts
FN:41,(anonymous_2)
FN:43,(anonymous_3)
FN:58,(anonymous_4)
FN:75,(anonymous_5)
FNF:4
FNH:0
FNDA:0,(anonymous_2)
FNDA:0,(anonymous_3)
FNDA:0,(anonymous_4)
FNDA:0,(anonymous_5)
DA:1,0
DA:2,0
DA:3,0
DA:4,0
DA:5,0
DA:7,0
DA:16,0
DA:40,0
DA:41,0
DA:44,0
DA:45,0
DA:48,0
DA:53,0
DA:54,0
DA:55,0
DA:57,0
DA:58,0
DA:59,0
DA:60,0
DA:65,0
DA:70,0
DA:71,0
DA:72,0
DA:74,0
DA:75,0
DA:76,0
DA:77,0
DA:83,0
LF:28
LH:0
BRDA:53,0,0,0
BRDA:53,0,1,0
BRDA:54,1,0,0
BRDA:54,1,1,0
BRDA:54,2,0,0
BRDA:54,2,1,0
BRDA:57,3,0,0
BRDA:57,3,1,0
BRDA:59,4,0,0
BRDA:59,4,1,0
BRDA:70,5,0,0
BRDA:70,5,1,0
BRDA:71,6,0,0
BRDA:71,6,1,0
BRDA:71,7,0,0
BRDA:71,7,1,0
BRDA:74,8,0,0
BRDA:74,8,1,0
BRDA:76,9,0,0
BRDA:76,9,1,0
BRDA:41,10,0,0
BRDA:41,10,1,0
BRDA:41,11,0,0
BRDA:41,11,1,0
BRF:24
BRH:0
end_of_record
TN:
SF:src\auth\strategies\jwt.strategy.ts
FN:9,(anonymous_2)
FN:20,(anonymous_3)
FNF:2
FNH:0
FNDA:0,(anonymous_2)
FNDA:0,(anonymous_3)
DA:1,0
DA:2,0
DA:3,0
DA:4,0
DA:5,0
DA:8,0
DA:10,0
DA:11,0
DA:13,0
DA:21,0
DA:22,0
DA:23,0
DA:25,0
LF:13
LH:0
BRDA:22,0,0,0
BRDA:22,0,1,0
BRDA:10,1,0,0
BRDA:10,1,1,0
BRDA:10,2,0,0
BRDA:10,2,1,0
BRDA:10,3,0,0
BRDA:10,3,1,0
BRDA:10,4,0,0
BRDA:10,4,1,0
BRF:10
BRH:0
end_of_record
TN:
SF:src\common\file-governance.worker.ts
FN:10,(anonymous_2)
FN:15,(anonymous_3)
FN:17,(anonymous_4)
FN:20,(anonymous_5)
FN:26,(anonymous_6)
FNF:5
FNH:2
FNDA:1,(anonymous_2)
FNDA:0,(anonymous_3)
FNDA:0,(anonymous_4)
FNDA:0,(anonymous_5)
FNDA:1,(anonymous_6)
DA:1,1
DA:2,1
DA:3,1
DA:6,1
DA:7,1
DA:8,1
DA:11,1
DA:12,1
DA:17,0
DA:21,0
DA:22,0
DA:27,1
DA:28,1
DA:30,1
DA:31,1
DA:34,1
DA:43,1
DA:44,1
DA:52,1
DA:62,1
DA:71,1
DA:72,1
DA:80,1
DA:90,1
DA:91,1
DA:93,1
DA:102,1
DA:103,1
DA:107,1
DA:117,1
DA:126,1
DA:127,1
DA:131,1
DA:141,0
DA:143,1
LF:35
LH:31
BRDA:21,0,0,0
BRDA:21,0,1,0
BRDA:27,1,0,0
BRDA:27,1,1,1
BRDA:11,2,0,1
BRDA:11,2,1,0
BRDA:11,3,0,1
BRDA:11,3,1,1
BRDA:11,4,0,1
BRDA:11,4,1,0
BRDA:11,5,0,1
BRDA:11,5,1,1
BRF:12
BRH:7
end_of_record
TN:
SF:src\common\filters\http-exception.filter.ts
FN:13,(anonymous_2)
FN:15,(anonymous_3)
FNF:2
FNH:0
FNDA:0,(anonymous_2)
FNDA:0,(anonymous_3)
DA:1,0
DA:9,0
DA:12,0
DA:13,0
DA:16,0
DA:17,0
DA:18,0
DA:20,0
DA:21,0
DA:22,0
DA:24,0
DA:25,0
DA:26,0
DA:27,0
DA:28,0
DA:29,0
DA:30,0
DA:33,0
DA:39,0
LF:19
LH:0
BRDA:24,0,0,0
BRDA:24,0,1,0
BRDA:27,1,0,0
BRDA:27,1,1,0
BRDA:27,2,0,0
BRDA:27,2,1,0
BRDA:28,3,0,0
BRDA:28,3,1,0
BRDA:28,4,0,0
BRDA:28,4,1,0
BRDA:28,4,2,0
BRDA:29,5,0,0
BRDA:29,5,1,0
BRDA:35,6,0,0
BRDA:35,6,1,0
BRDA:13,7,0,0
BRDA:13,7,1,0
BRDA:13,8,0,0
BRDA:13,8,1,0
BRF:19
BRH:0
end_of_record
TN:
SF:src\common\interceptors\transform.interceptor.ts
FN:17,(anonymous_1)
FN:30,(anonymous_2)
FNF:2
FNH:0
FNDA:0,(anonymous_1)
FNDA:0,(anonymous_2)
DA:1,0
DA:8,0
DA:16,0
DA:21,0
DA:22,0
DA:25,0
DA:26,0
DA:29,0
DA:30,0
LF:9
LH:0
BRDA:25,0,0,0
BRDA:25,0,1,0
BRDA:25,1,0,0
BRDA:25,1,1,0
BRF:4
BRH:0
end_of_record
TN:
SF:src\common\logger\logger.module.ts
FNF:0
FNH:0
DA:1,0
DA:2,0
DA:9,0
LF:3
LH:0
BRF:0
BRH:0
end_of_record
TN:
SF:src\common\logger\logger.service.ts
FN:8,(anonymous_11)
FN:19,(anonymous_12)
FN:35,(anonymous_13)
FN:39,(anonymous_14)
FN:43,(anonymous_15)
FN:47,(anonymous_16)
FN:51,(anonymous_17)
FNF:7
FNH:0
FNDA:0,(anonymous_11)
FNDA:0,(anonymous_12)
FNDA:0,(anonymous_13)
FNDA:0,(anonymous_14)
FNDA:0,(anonymous_15)
FNDA:0,(anonymous_16)
FNDA:0,(anonymous_17)
DA:1,0
DA:2,0
DA:5,0
DA:9,0
DA:20,0
DA:36,0
DA:40,0
DA:44,0
DA:48,0
DA:52,0
LF:10
LH:0
BRDA:10,0,0,0
BRDA:10,0,1,0
BRDA:20,1,0,0
BRDA:20,1,1,0
BRF:4
BRH:0
end_of_record
TN:
SF:src\common\monitoring\monitoring.controller.ts
FN:15,(anonymous_2)
FN:23,(anonymous_3)
FN:55,(anonymous_4)
FN:99,(anonymous_5)
FN:116,(anonymous_6)
FN:120,(anonymous_7)
FN:121,(anonymous_8)
FN:144,(anonymous_9)
FN:148,(anonymous_10)
FN:149,(anonymous_11)
FNF:10
FNH:0
FNDA:0,(anonymous_2)
FNDA:0,(anonymous_3)
FNDA:0,(anonymous_4)
FNDA:0,(anonymous_5)
FNDA:0,(anonymous_6)
FNDA:0,(anonymous_7)
FNDA:0,(anonymous_8)
FNDA:0,(anonymous_9)
FNDA:0,(anonymous_10)
FNDA:0,(anonymous_11)
DA:1,0
DA:2,0
DA:3,0
DA:4,0
DA:5,0
DA:6,0
DA:7,0
DA:8,0
DA:14,0
DA:16,0
DA:17,0
DA:23,0
DA:24,0
DA:25,0
DA:27,0
DA:28,0
DA:30,0
DA:33,0
DA:34,0
DA:35,0
DA:37,0
DA:40,0
DA:42,0
DA:55,0
DA:57,0
DA:63,0
DA:66,0
DA:67,0
DA:70,0
DA:71,0
DA:74,0
DA:80,0
DA:99,0
DA:101,0
DA:114,0
DA:116,0
DA:120,0
DA:121,0
DA:122,0
DA:129,0
DA:142,0
DA:144,0
DA:148,0
DA:149,0
DA:150,0
DA:158,0
DA:159,0
DA:165,0
DA:169,0
LF:49
LH:0
BRDA:40,0,0,0
BRDA:40,0,1,0
BRDA:40,1,0,0
BRDA:40,1,1,0
BRDA:70,2,0,0
BRDA:70,2,1,0
BRDA:86,3,0,0
BRDA:86,3,1,0
BRDA:121,4,0,0
BRDA:121,4,1,0
BRDA:149,5,0,0
BRDA:149,5,1,0
BRDA:165,6,0,0
BRDA:165,6,1,0
BRDA:16,7,0,0
BRDA:16,7,1,0
BRDA:16,8,0,0
BRDA:16,8,1,0
BRDA:16,9,0,0
BRDA:16,9,1,0
BRDA:16,10,0,0
BRDA:16,10,1,0
BRF:22
BRH:0
end_of_record
TN:
SF:src\common\redis\redis.module.ts
FNF:0
FNH:0
DA:1,0
DA:2,0
DA:9,0
LF:3
LH:0
BRF:0
BRH:0
end_of_record
TN:
SF:src\common\redis\redis.service.ts
FN:9,(anonymous_3)
FN:11,(anonymous_4)
FN:22,(anonymous_5)
FN:26,(anonymous_6)
FN:30,(anonymous_7)
FN:38,(anonymous_8)
FNF:6
FNH:0
FNDA:0,(anonymous_3)
FNDA:0,(anonymous_4)
FNDA:0,(anonymous_5)
FNDA:0,(anonymous_6)
FNDA:0,(anonymous_7)
FNDA:0,(anonymous_8)
DA:1,1
DA:2,1
DA:3,1
DA:6,1
DA:9,0
DA:12,0
DA:13,0
DA:15,0
DA:23,0
DA:27,0
DA:31,0
DA:32,0
DA:34,0
DA:39,0
LF:14
LH:4
BRDA:31,0,0,0
BRDA:31,0,1,0
BRDA:9,1,0,1
BRDA:9,1,1,0
BRDA:9,2,0,1
BRDA:9,2,1,1
BRF:6
BRH:3
end_of_record
TN:
SF:src\dashboard\dashboard.controller.ts
FN:18,(anonymous_4)
FN:23,(anonymous_5)
FN:32,(anonymous_6)
FN:39,(anonymous_7)
FN:47,(anonymous_8)
FN:56,(anonymous_9)
FN:63,(anonymous_10)
FN:71,(anonymous_11)
FN:80,(anonymous_12)
FN:88,(anonymous_13)
FN:96,(anonymous_14)
FNF:11
FNH:0
FNDA:0,(anonymous_4)
FNDA:0,(anonymous_5)
FNDA:0,(anonymous_6)
FNDA:0,(anonymous_7)
FNDA:0,(anonymous_8)
FNDA:0,(anonymous_9)
FNDA:0,(anonymous_10)
FNDA:0,(anonymous_11)
FNDA:0,(anonymous_12)
FNDA:0,(anonymous_13)
FNDA:0,(anonymous_14)
DA:1,0
DA:2,0
DA:3,0
DA:4,0
DA:5,0
DA:6,0
DA:7,0
DA:8,0
DA:9,0
DA:10,0
DA:11,0
DA:17,0
DA:18,0
DA:23,0
DA:24,0
DA:32,0
DA:33,0
DA:39,0
DA:40,0
DA:47,0
DA:48,0
DA:56,0
DA:57,0
DA:63,0
DA:64,0
DA:71,0
DA:72,0
DA:80,0
DA:81,0
DA:88,0
DA:89,0
DA:96,0
DA:97,0
LF:33
LH:0
BRDA:32,0,0,0
BRDA:32,0,1,0
BRDA:32,1,0,0
BRDA:32,1,1,0
BRDA:56,2,0,0
BRDA:56,2,1,0
BRDA:56,3,0,0
BRDA:56,3,1,0
BRDA:80,4,0,0
BRDA:80,4,1,0
BRDA:80,5,0,0
BRDA:80,5,1,0
BRDA:18,6,0,0
BRDA:18,6,1,0
BRDA:18,7,0,0
BRDA:18,7,1,0
BRF:16
BRH:0
end_of_record
TN:
SF:src\dashboard\dashboard.module.ts
FNF:0
FNH:0
DA:1,0
DA:2,0
DA:3,0
DA:9,0
LF:4
LH:0
BRF:0
BRH:0
end_of_record
TN:
SF:src\dashboard\dashboard.service.ts
FN:10,(anonymous_2)
FN:15,(anonymous_3)
FN:58,(anonymous_4)
FN:62,(anonymous_5)
FN:70,(anonymous_6)
FN:97,(anonymous_7)
FN:103,(anonymous_8)
FN:127,(anonymous_9)
FN:153,(anonymous_10)
FN:159,(anonymous_11)
FN:183,(anonymous_12)
FN:227,(anonymous_13)
FN:242,(anonymous_14)
FNF:13
FNH:10
FNDA:13,(anonymous_2)
FNDA:1,(anonymous_3)
FNDA:1,(anonymous_4)
FNDA:1,(anonymous_5)
FNDA:2,(anonymous_6)
FNDA:0,(anonymous_7)
FNDA:2,(anonymous_8)
FNDA:2,(anonymous_9)
FNDA:0,(anonymous_10)
FNDA:2,(anonymous_11)
FNDA:2,(anonymous_12)
FNDA:0,(anonymous_13)
FNDA:2,(anonymous_14)
DA:1,1
DA:2,1
DA:3,1
DA:9,1
DA:11,13
DA:12,13
DA:16,1
DA:20,1
DA:24,1
DA:25,1
DA:26,1
DA:33,1
DA:37,1
DA:44,1
DA:51,1
DA:58,1
DA:62,1
DA:71,2
DA:72,2
DA:75,2
DA:76,1
DA:79,1
DA:86,1
DA:94,1
DA:98,0
DA:104,2
DA:107,2
DA:108,1
DA:111,1
DA:115,1
DA:123,1
DA:128,2
DA:129,2
DA:130,2
DA:131,1
DA:134,1
DA:142,1
DA:150,1
DA:154,0
DA:160,2
DA:163,2
DA:164,1
DA:167,1
DA:171,1
DA:179,1
DA:184,2
DA:187,2
DA:190,2
DA:191,1
DA:195,1
DA:216,1
DA:224,1
DA:228,0
DA:243,2
DA:246,2
DA:247,1
DA:250,1
DA:254,1
DA:262,1
LF:59
LH:56
BRDA:75,0,0,1
BRDA:75,0,1,1
BRDA:107,1,0,1
BRDA:107,1,1,1
BRDA:130,2,0,1
BRDA:130,2,1,1
BRDA:163,3,0,1
BRDA:163,3,1,1
BRDA:190,4,0,1
BRDA:190,4,1,1
BRDA:203,5,0,1
BRDA:203,5,1,0
BRDA:204,6,0,1
BRDA:204,6,1,0
BRDA:205,7,0,1
BRDA:205,7,1,0
BRDA:210,8,0,1
BRDA:210,8,1,0
BRDA:211,9,0,1
BRDA:211,9,1,0
BRDA:212,10,0,1
BRDA:212,10,1,0
BRDA:229,11,0,0
BRDA:229,11,1,0
BRDA:246,12,0,1
BRDA:246,12,1,1
BRDA:11,13,0,1
BRDA:11,13,1,0
BRDA:11,14,0,1
BRDA:11,14,1,1
BRDA:11,15,0,1
BRDA:11,15,1,0
BRDA:11,16,0,1
BRDA:11,16,1,1
BRF:34
BRH:24
end_of_record
TN:
SF:src\dashboard\dto\create-closure.dto.ts
FNF:0
FNH:0
DA:1,0
DA:2,0
DA:4,0
DA:7,0
DA:11,0
DA:16,0
LF:6
LH:0
BRF:0
BRH:0
end_of_record
TN:
SF:src\dashboard\dto\create-holiday.dto.ts
FNF:0
FNH:0
DA:1,0
DA:2,0
DA:4,0
DA:7,0
DA:12,0
LF:5
LH:0
BRF:0
BRH:0
end_of_record
TN:
SF:src\dashboard\dto\create-override.dto.ts
FNF:0
FNH:0
DA:1,0
DA:2,0
DA:4,0
DA:8,0
DA:12,0
DA:18,0
DA:24,0
DA:29,0
LF:8
LH:0
BRF:0
BRH:0
end_of_record
TN:
SF:src\departments\departments.controller.ts
FN:13,(anonymous_4)
FN:20,(anonymous_5)
FN:26,(anonymous_6)
FN:32,(anonymous_7)
FNF:4
FNH:0
FNDA:0,(anonymous_4)
FNDA:0,(anonymous_5)
FNDA:0,(anonymous_6)
FNDA:0,(anonymous_7)
DA:1,0
DA:2,0
DA:3,0
DA:4,0
DA:5,0
DA:6,0
DA:7,0
DA:8,0
DA:12,0
DA:13,0
DA:20,0
DA:21,0
DA:26,0
DA:27,0
DA:32,0
DA:33,0
LF:16
LH:0
BRDA:20,0,0,0
BRDA:20,0,1,0
BRDA:20,1,0,0
BRDA:20,1,1,0
BRDA:13,2,0,0
BRDA:13,2,1,0
BRDA:13,3,0,0
BRDA:13,3,1,0
BRF:8
BRH:0
end_of_record
TN:
SF:src\departments\departments.module.ts
FNF:0
FNH:0
DA:1,0
DA:2,0
DA:3,0
DA:10,0
LF:4
LH:0
BRF:0
BRH:0
end_of_record
TN:
SF:src\departments\departments.service.ts
FN:7,(anonymous_2)
FN:9,(anonymous_3)
FN:19,(anonymous_4)
FN:27,(anonymous_5)
FNF:4
FNH:0
FNDA:0,(anonymous_2)
FNDA:0,(anonymous_3)
FNDA:0,(anonymous_4)
FNDA:0,(anonymous_5)
DA:1,1
DA:2,1
DA:6,1
DA:7,0
DA:10,0
DA:13,0
DA:14,0
DA:16,0
DA:20,0
DA:28,0
DA:32,0
DA:33,0
DA:35,0
LF:13
LH:3
BRDA:13,0,0,0
BRDA:13,0,1,0
BRDA:32,1,0,0
BRDA:32,1,1,0
BRDA:7,2,0,1
BRDA:7,2,1,0
BRDA:7,3,0,1
BRDA:7,3,1,1
BRF:8
BRH:3
end_of_record
TN:
SF:src\departments\dto\create-department.dto.ts
FNF:0
FNH:0
DA:1,0
DA:2,0
DA:4,0
DA:8,0
DA:13,0
LF:5
LH:0
BRF:0
BRH:0
end_of_record
TN:
SF:src\doctor-leaves\doctor-leaves.controller.ts
FN:15,(anonymous_4)
FN:20,(anonymous_5)
FN:28,(anonymous_6)
FN:35,(anonymous_7)
FNF:4
FNH:0
FNDA:0,(anonymous_4)
FNDA:0,(anonymous_5)
FNDA:0,(anonymous_6)
FNDA:0,(anonymous_7)
DA:1,0
DA:2,0
DA:3,0
DA:4,0
DA:5,0
DA:6,0
DA:7,0
DA:8,0
DA:14,0
DA:15,0
DA:20,0
DA:21,0
DA:28,0
DA:29,0
DA:35,0
DA:39,0
LF:16
LH:0
BRDA:20,0,0,0
BRDA:20,0,1,0
BRDA:20,1,0,0
BRDA:20,1,1,0
BRDA:15,2,0,0
BRDA:15,2,1,0
BRDA:15,3,0,0
BRDA:15,3,1,0
BRF:8
BRH:0
end_of_record
TN:
SF:src\doctor-leaves\doctor-leaves.module.ts
FNF:0
FNH:0
DA:1,0
DA:2,0
DA:3,0
DA:10,0
LF:4
LH:0
BRF:0
BRH:0
end_of_record
TN:
SF:src\doctor-leaves\doctor-leaves.service.ts
FN:7,(anonymous_2)
FN:9,(anonymous_3)
FN:85,(anonymous_4)
FN:87,(anonymous_5)
FN:152,(anonymous_6)
FN:166,(anonymous_7)
FNF:6
FNH:0
FNDA:0,(anonymous_2)
FNDA:0,(anonymous_3)
FNDA:0,(anonymous_4)
FNDA:0,(anonymous_5)
FNDA:0,(anonymous_6)
FNDA:0,(anonymous_7)
DA:1,0
DA:2,0
DA:6,0
DA:7,0
DA:11,0
DA:15,0
DA:16,0
DA:19,0
DA:22,0
DA:28,0
DA:29,0
DA:33,0
DA:45,0
DA:53,0
DA:56,0
DA:82,0
DA:83,0
DA:84,0
DA:85,0
DA:86,0
DA:87,0
DA:89,0
DA:91,0
DA:93,0
DA:96,0
DA:103,0
DA:105,0
DA:116,0
DA:132,0
DA:135,0
DA:149,0
DA:153,0
DA:154,0
DA:157,0
DA:158,0
DA:161,0
DA:167,0
LF:37
LH:0
BRDA:15,0,0,0
BRDA:15,0,1,0
BRDA:28,1,0,0
BRDA:28,1,1,0
BRDA:83,2,0,0
BRDA:83,2,1,0
BRDA:111,3,0,0
BRDA:111,3,1,0
BRDA:123,4,0,0
BRDA:123,4,1,0
BRDA:157,5,0,0
BRDA:157,5,1,0
BRDA:168,6,0,0
BRDA:168,6,1,0
BRDA:7,7,0,0
BRDA:7,7,1,0
BRDA:7,8,0,0
BRDA:7,8,1,0
BRF:18
BRH:0
end_of_record
TN:
SF:src\doctor-leaves\dto\mark-leave.dto.ts
FNF:0
FNH:0
DA:1,0
DA:2,0
DA:4,0
DA:8,0
DA:12,0
DA:17,0
LF:6
LH:0
BRF:0
BRH:0
end_of_record
TN:
SF:src\doctors\doctor-experience.controller.ts
FN:24,(anonymous_4)
FN:29,(anonymous_5)
FN:36,(anonymous_6)
FN:43,(anonymous_7)
FN:50,(anonymous_8)
FN:58,(anonymous_9)
FN:65,(anonymous_10)
FN:72,(anonymous_11)
FN:79,(anonymous_12)
FN:86,(anonymous_13)
FN:96,(anonymous_14)
FN:103,(anonymous_15)
FN:110,(anonymous_16)
FN:117,(anonymous_17)
FN:127,(anonymous_18)
FNF:15
FNH:0
FNDA:0,(anonymous_4)
FNDA:0,(anonymous_5)
FNDA:0,(anonymous_6)
FNDA:0,(anonymous_7)
FNDA:0,(anonymous_8)
FNDA:0,(anonymous_9)
FNDA:0,(anonymous_10)
FNDA:0,(anonymous_11)
FNDA:0,(anonymous_12)
FNDA:0,(anonymous_13)
FNDA:0,(anonymous_14)
FNDA:0,(anonymous_15)
FNDA:0,(anonymous_16)
FNDA:0,(anonymous_17)
FNDA:0,(anonymous_18)
DA:1,0
DA:2,0
DA:3,0
DA:4,0
DA:5,0
DA:6,0
DA:7,0
DA:8,0
DA:9,0
DA:13,0
DA:16,0
DA:23,0
DA:24,0
DA:29,0
DA:30,0
DA:36,0
DA:37,0
DA:43,0
DA:44,0
DA:50,0
DA:51,0
DA:58,0
DA:59,0
DA:65,0
DA:66,0
DA:72,0
DA:73,0
DA:79,0
DA:80,0
DA:86,0
DA:90,0
DA:96,0
DA:97,0
DA:103,0
DA:104,0
DA:110,0
DA:111,0
DA:117,0
DA:121,0
DA:127,0
DA:131,0
LF:41
LH:0
BRDA:119,0,0,0
BRDA:119,0,1,0
BRDA:119,1,0,0
BRDA:119,1,1,0
BRDA:129,2,0,0
BRDA:129,2,1,0
BRDA:129,3,0,0
BRDA:129,3,1,0
BRDA:24,4,0,0
BRDA:24,4,1,0
BRDA:24,5,0,0
BRDA:24,5,1,0
BRF:12
BRH:0
end_of_record
TN:
SF:src\doctors\doctor-experience.service.ts
FN:10,(anonymous_2)
FN:17,(anonymous_3)
FN:43,(anonymous_4)
FN:68,(anonymous_5)
FN:91,(anonymous_6)
FN:114,(anonymous_7)
FN:118,(anonymous_8)
FN:125,(anonymous_9)
FN:129,(anonymous_10)
FN:145,(anonymous_11)
FN:153,(anonymous_12)
FN:160,(anonymous_13)
FN:167,(anonymous_14)
FN:207,(anonymous_15)
FN:240,(anonymous_16)
FNF:15
FNH:0
FNDA:0,(anonymous_2)
FNDA:0,(anonymous_3)
FNDA:0,(anonymous_4)
FNDA:0,(anonymous_5)
FNDA:0,(anonymous_6)
FNDA:0,(anonymous_7)
FNDA:0,(anonymous_8)
FNDA:0,(anonymous_9)
FNDA:0,(anonymous_10)
FNDA:0,(anonymous_11)
FNDA:0,(anonymous_12)
FNDA:0,(anonymous_13)
FNDA:0,(anonymous_14)
FNDA:0,(anonymous_15)
FNDA:0,(anonymous_16)
DA:1,0
DA:2,0
DA:3,0
DA:4,0
DA:6,0
DA:9,0
DA:11,0
DA:12,0
DA:13,0
DA:14,0
DA:18,0
DA:19,0
DA:21,0
DA:22,0
DA:24,0
DA:25,0
DA:27,0
DA:44,0
DA:45,0
DA:47,0
DA:48,0
DA:50,0
DA:69,0
DA:70,0
DA:71,0
DA:72,0
DA:74,0
DA:92,0
DA:93,0
DA:94,0
DA:95,0
DA:97,0
DA:115,0
DA:119,0
DA:126,0
DA:130,0
DA:133,0
DA:134,0
DA:142,0
DA:146,0
DA:154,0
DA:161,0
DA:168,0
DA:172,0
DA:174,0
DA:177,0
DA:185,0
DA:194,0
DA:195,0
DA:196,0
DA:204,0
DA:208,0
DA:211,0
DA:213,0
DA:229,0
DA:237,0
DA:241,0
DA:244,0
DA:247,0
DA:263,0
DA:266,0
DA:275,0
DA:276,0
DA:292,0
DA:293,0
DA:294,0
DA:302,0
LF:67
LH:0
BRDA:19,0,0,0
BRDA:19,0,1,0
BRDA:45,1,0,0
BRDA:45,1,1,0
BRDA:133,2,0,0
BRDA:133,2,1,0
BRDA:172,3,0,0
BRDA:172,3,1,0
BRDA:195,4,0,0
BRDA:195,4,1,0
BRDA:211,5,0,0
BRDA:211,5,1,0
BRDA:218,6,0,0
BRDA:218,6,1,0
BRDA:219,7,0,0
BRDA:219,7,1,0
BRDA:220,8,0,0
BRDA:220,8,1,0
BRDA:221,9,0,0
BRDA:221,9,1,0
BRDA:222,10,0,0
BRDA:222,10,1,0
BRDA:223,11,0,0
BRDA:223,11,1,0
BRDA:244,12,0,0
BRDA:244,12,1,0
BRDA:252,13,0,0
BRDA:252,13,1,0
BRDA:253,14,0,0
BRDA:253,14,1,0
BRDA:254,15,0,0
BRDA:254,15,1,0
BRDA:255,16,0,0
BRDA:255,16,1,0
BRDA:256,17,0,0
BRDA:256,17,1,0
BRDA:257,18,0,0
BRDA:257,18,1,0
BRDA:275,19,0,0
BRDA:275,19,1,0
BRDA:293,20,0,0
BRDA:293,20,1,0
BRDA:11,21,0,0
BRDA:11,21,1,0
BRDA:11,22,0,0
BRDA:11,22,1,0
BRDA:11,23,0,0
BRDA:11,23,1,0
BRDA:11,24,0,0
BRDA:11,24,1,0
BRDA:12,25,0,0
BRDA:12,25,1,0
BRDA:12,26,0,0
BRDA:12,26,1,0
BRDA:13,27,0,0
BRDA:13,27,1,0
BRDA:13,28,0,0
BRDA:13,28,1,0
BRF:58
BRH:0
end_of_record
TN:
SF:src\doctors\doctors.controller.ts
FN:15,(anonymous_4)
FN:22,(anonymous_5)
FN:31,(anonymous_6)
FN:41,(anonymous_7)
FN:50,(anonymous_8)
FN:59,(anonymous_9)
FN:68,(anonymous_10)
FN:77,(anonymous_11)
FN:89,(anonymous_12)
FN:95,(anonymous_13)
FNF:10
FNH:0
FNDA:0,(anonymous_4)
FNDA:0,(anonymous_5)
FNDA:0,(anonymous_6)
FNDA:0,(anonymous_7)
FNDA:0,(anonymous_8)
FNDA:0,(anonymous_9)
FNDA:0,(anonymous_10)
FNDA:0,(anonymous_11)
FNDA:0,(anonymous_12)
FNDA:0,(anonymous_13)
DA:1,0
DA:2,0
DA:3,0
DA:4,0
DA:5,0
DA:6,0
DA:7,0
DA:8,0
DA:9,0
DA:10,0
DA:14,0
DA:15,0
DA:22,0
DA:23,0
DA:31,0
DA:36,0
DA:41,0
DA:42,0
DA:50,0
DA:51,0
DA:59,0
DA:60,0
DA:68,0
DA:69,0
DA:77,0
DA:81,0
DA:89,0
DA:90,0
DA:95,0
DA:96,0
LF:30
LH:0
BRDA:22,0,0,0
BRDA:22,0,1,0
BRDA:22,1,0,0
BRDA:22,1,1,0
BRDA:50,2,0,0
BRDA:50,2,1,0
BRDA:50,3,0,0
BRDA:50,3,1,0
BRDA:79,4,0,0
BRDA:79,4,1,0
BRDA:79,5,0,0
BRDA:79,5,1,0
BRDA:15,6,0,0
BRDA:15,6,1,0
BRDA:15,7,0,0
BRDA:15,7,1,0
BRF:16
BRH:0
end_of_record
TN:
SF:src\doctors\doctors.module.ts
FNF:0
FNH:0
DA:1,0
DA:2,0
DA:3,0
DA:4,0
DA:5,0
DA:6,0
DA:7,0
DA:15,0
LF:8
LH:0
BRF:0
BRH:0
end_of_record
TN:
SF:src\doctors\doctors.service.ts
FN:9,(anonymous_2)
FN:11,(anonymous_3)
FN:25,(anonymous_4)
FN:43,(anonymous_5)
FN:51,(anonymous_6)
FN:76,(anonymous_7)
FN:92,(anonymous_8)
FN:98,(anonymous_9)
FN:123,(anonymous_10)
FNF:9
FNH:0
FNDA:0,(anonymous_2)
FNDA:0,(anonymous_3)
FNDA:0,(anonymous_4)
FNDA:0,(anonymous_5)
FNDA:0,(anonymous_6)
FNDA:0,(anonymous_7)
FNDA:0,(anonymous_8)
FNDA:0,(anonymous_9)
FNDA:0,(anonymous_10)
DA:1,1
DA:2,1
DA:8,1
DA:9,0
DA:13,0
DA:16,0
DA:17,0
DA:20,0
DA:26,0
DA:28,0
DA:29,0
DA:32,0
DA:33,0
DA:37,0
DA:44,0
DA:45,0
DA:52,0
DA:53,0
DA:54,0
DA:59,0
DA:60,0
DA:62,0
DA:63,0
DA:66,0
DA:77,0
DA:86,0
DA:87,0
DA:89,0
DA:93,0
DA:99,0
DA:100,0
DA:101,0
DA:124,0
DA:126,0
DA:130,0
DA:134,0
DA:138,0
DA:142,0
DA:144,0
LF:39
LH:3
BRDA:16,0,0,0
BRDA:16,0,1,0
BRDA:28,1,0,0
BRDA:28,1,1,0
BRDA:32,2,0,0
BRDA:32,2,1,0
BRDA:53,3,0,0
BRDA:53,3,1,0
BRDA:59,4,0,0
BRDA:59,4,1,0
BRDA:62,5,0,0
BRDA:62,5,1,0
BRDA:86,6,0,0
BRDA:86,6,1,0
BRDA:109,7,0,0
BRDA:109,7,1,0
BRDA:110,8,0,0
BRDA:110,8,1,0
BRDA:111,9,0,0
BRDA:111,9,1,0
BRDA:116,10,0,0
BRDA:116,10,1,0
BRDA:117,11,0,0
BRDA:117,11,1,0
BRDA:118,12,0,0
BRDA:118,12,1,0
BRDA:142,13,0,0
BRDA:142,13,1,0
BRDA:9,14,0,1
BRDA:9,14,1,0
BRDA:9,15,0,1
BRDA:9,15,1,1
BRF:32
BRH:3
end_of_record
TN:
SF:src\doctors\dto\create-doctor.dto.ts
FNF:0
FNH:0
DA:1,0
DA:2,0
DA:4,0
DA:8,0
DA:13,0
DA:18,0
DA:22,0
DA:26,0
DA:31,0
DA:36,0
LF:10
LH:0
BRF:0
BRH:0
end_of_record
TN:
SF:src\doctors\dto\create-override.dto.ts
FNF:0
FNH:0
DA:1,0
DA:2,0
DA:4,0
DA:8,0
DA:13,0
DA:18,0
DA:23,0
LF:7
LH:0
BRF:0
BRH:0
end_of_record
TN:
SF:src\doctors\dto\save-consultation.dto.ts
FNF:0
FNH:0
DA:1,0
DA:2,0
DA:4,0
DA:8,0
DA:13,0
DA:18,0
DA:23,0
DA:28,0
DA:33,0
DA:38,0
DA:43,0
DA:48,0
LF:12
LH:0
BRF:0
BRH:0
end_of_record
TN:
SF:src\doctors\dto\update-doctor.dto.ts
FNF:0
FNH:0
DA:1,0
DA:2,0
DA:4,0
LF:3
LH:0
BRF:0
BRH:0
end_of_record
TN:
SF:src\faq\faq.controller.ts
FN:13,(anonymous_4)
FN:20,(anonymous_5)
FN:27,(anonymous_6)
FN:39,(anonymous_7)
FN:48,(anonymous_8)
FNF:5
FNH:0
FNDA:0,(anonymous_4)
FNDA:0,(anonymous_5)
FNDA:0,(anonymous_6)
FNDA:0,(anonymous_7)
FNDA:0,(anonymous_8)
DA:1,0
DA:2,0
DA:3,0
DA:4,0
DA:5,0
DA:6,0
DA:7,0
DA:8,0
DA:12,0
DA:13,0
DA:20,0
DA:21,0
DA:27,0
DA:28,0
DA:29,0
DA:31,0
DA:39,0
DA:40,0
DA:48,0
DA:49,0
LF:20
LH:0
BRDA:28,0,0,0
BRDA:28,0,1,0
BRDA:20,1,0,0
BRDA:20,1,1,0
BRDA:20,2,0,0
BRDA:20,2,1,0
BRDA:39,3,0,0
BRDA:39,3,1,0
BRDA:39,4,0,0
BRDA:39,4,1,0
BRDA:13,5,0,0
BRDA:13,5,1,0
BRDA:13,6,0,0
BRDA:13,6,1,0
BRF:14
BRH:0
end_of_record
TN:
SF:src\faq\faq.module.ts
FNF:0
FNH:0
DA:1,0
DA:2,0
DA:3,0
DA:10,0
LF:4
LH:0
BRF:0
BRH:0
end_of_record
TN:
SF:src\faq\faq.service.ts
FN:7,(anonymous_2)
FN:9,(anonymous_3)
FN:13,(anonymous_4)
FN:17,(anonymous_5)
FN:30,(anonymous_6)
FN:41,(anonymous_7)
FNF:6
FNH:0
FNDA:0,(anonymous_2)
FNDA:0,(anonymous_3)
FNDA:0,(anonymous_4)
FNDA:0,(anonymous_5)
FNDA:0,(anonymous_6)
FNDA:0,(anonymous_7)
DA:1,1
DA:2,1
DA:6,1
DA:7,0
DA:10,0
DA:14,0
DA:18,0
DA:31,0
DA:32,0
DA:33,0
DA:35,0
DA:42,0
DA:43,0
DA:44,0
DA:46,0
LF:15
LH:3
BRDA:32,0,0,0
BRDA:32,0,1,0
BRDA:43,1,0,0
BRDA:43,1,1,0
BRDA:7,2,0,1
BRDA:7,2,1,0
BRDA:7,3,0,1
BRDA:7,3,1,1
BRF:8
BRH:3
end_of_record
TN:
SF:src\faq\dto\create-faq.dto.ts
FNF:0
FNH:0
DA:1,0
DA:2,0
DA:4,0
DA:8,0
DA:13,0
DA:18,0
DA:23,0
LF:7
LH:0
BRF:0
BRH:0
end_of_record
TN:
SF:src\knowledge-base\knowledge-base.controller.ts
FN:13,(anonymous_4)
FN:20,(anonymous_5)
FN:27,(anonymous_6)
FN:39,(anonymous_7)
FN:48,(anonymous_8)
FNF:5
FNH:0
FNDA:0,(anonymous_4)
FNDA:0,(anonymous_5)
FNDA:0,(anonymous_6)
FNDA:0,(anonymous_7)
FNDA:0,(anonymous_8)
DA:1,0
DA:2,0
DA:3,0
DA:4,0
DA:5,0
DA:6,0
DA:7,0
DA:8,0
DA:12,0
DA:13,0
DA:20,0
DA:21,0
DA:27,0
DA:28,0
DA:29,0
DA:31,0
DA:39,0
DA:40,0
DA:48,0
DA:49,0
LF:20
LH:0
BRDA:28,0,0,0
BRDA:28,0,1,0
BRDA:20,1,0,0
BRDA:20,1,1,0
BRDA:20,2,0,0
BRDA:20,2,1,0
BRDA:39,3,0,0
BRDA:39,3,1,0
BRDA:39,4,0,0
BRDA:39,4,1,0
BRDA:13,5,0,0
BRDA:13,5,1,0
BRDA:13,6,0,0
BRDA:13,6,1,0
BRF:14
BRH:0
end_of_record
TN:
SF:src\knowledge-base\knowledge-base.module.ts
FNF:0
FNH:0
DA:1,0
DA:2,0
DA:3,0
DA:10,0
LF:4
LH:0
BRF:0
BRH:0
end_of_record
TN:
SF:src\knowledge-base\knowledge-base.service.ts
FN:8,(anonymous_2)
FN:13,(anonymous_3)
FN:27,(anonymous_4)
FN:31,(anonymous_5)
FN:43,(anonymous_6)
FN:64,(anonymous_7)
FNF:6
FNH:0
FNDA:0,(anonymous_2)
FNDA:0,(anonymous_3)
FNDA:0,(anonymous_4)
FNDA:0,(anonymous_5)
FNDA:0,(anonymous_6)
FNDA:0,(anonymous_7)
DA:1,1
DA:2,1
DA:4,1
DA:7,1
DA:9,0
DA:10,0
DA:14,0
DA:16,0
DA:24,0
DA:28,0
DA:32,0
DA:44,0
DA:45,0
DA:46,0
DA:48,0
DA:53,0
DA:61,0
DA:65,0
DA:66,0
DA:67,0
DA:69,0
DA:71,0
DA:79,0
LF:23
LH:4
BRDA:45,0,0,0
BRDA:45,0,1,0
BRDA:66,1,0,0
BRDA:66,1,1,0
BRDA:9,2,0,1
BRDA:9,2,1,0
BRDA:9,3,0,1
BRDA:9,3,1,1
BRDA:9,4,0,1
BRDA:9,4,1,0
BRDA:9,5,0,1
BRDA:9,5,1,1
BRF:12
BRH:6
end_of_record
TN:
SF:src\knowledge-base\dto\create-kb.dto.ts
FNF:0
FNH:0
DA:1,0
DA:2,0
DA:4,0
DA:8,0
DA:13,0
DA:18,0
LF:6
LH:0
BRF:0
BRH:0
end_of_record
TN:
SF:src\patients\patients.controller.ts
FN:16,(anonymous_4)
FN:21,(anonymous_5)
FN:29,(anonymous_6)
FN:39,(anonymous_7)
FN:46,(anonymous_8)
FN:53,(anonymous_9)
FN:60,(anonymous_10)
FN:67,(anonymous_11)
FN:74,(anonymous_12)
FNF:9
FNH:0
FNDA:0,(anonymous_4)
FNDA:0,(anonymous_5)
FNDA:0,(anonymous_6)
FNDA:0,(anonymous_7)
FNDA:0,(anonymous_8)
FNDA:0,(anonymous_9)
FNDA:0,(anonymous_10)
FNDA:0,(anonymous_11)
FNDA:0,(anonymous_12)
DA:1,0
DA:2,0
DA:3,0
DA:4,0
DA:5,0
DA:6,0
DA:7,0
DA:8,0
DA:9,0
DA:15,0
DA:16,0
DA:21,0
DA:22,0
DA:29,0
DA:30,0
DA:31,0
DA:33,0
DA:39,0
DA:40,0
DA:46,0
DA:47,0
DA:53,0
DA:54,0
DA:60,0
DA:61,0
DA:67,0
DA:68,0
DA:74,0
DA:75,0
LF:29
LH:0
BRDA:30,0,0,0
BRDA:30,0,1,0
BRDA:21,1,0,0
BRDA:21,1,1,0
BRDA:21,2,0,0
BRDA:21,2,1,0
BRDA:53,3,0,0
BRDA:53,3,1,0
BRDA:53,4,0,0
BRDA:53,4,1,0
BRDA:16,5,0,0
BRDA:16,5,1,0
BRDA:16,6,0,0
BRDA:16,6,1,0
BRF:14
BRH:0
end_of_record
TN:
SF:src\patients\patients.module.ts
FNF:0
FNH:0
DA:1,0
DA:2,0
DA:3,0
DA:10,0
LF:4
LH:0
BRF:0
BRH:0
end_of_record
TN:
SF:src\patients\patients.service.ts
FN:9,(anonymous_2)
FN:14,(anonymous_3)
FN:39,(anonymous_4)
FN:78,(anonymous_5)
FN:88,(anonymous_6)
FN:94,(anonymous_7)
FN:106,(anonymous_8)
FN:126,(anonymous_9)
FN:130,(anonymous_10)
FN:145,(anonymous_11)
FN:160,(anonymous_12)
FN:168,(anonymous_13)
FNF:12
FNH:0
FNDA:0,(anonymous_2)
FNDA:0,(anonymous_3)
FNDA:0,(anonymous_4)
FNDA:0,(anonymous_5)
FNDA:0,(anonymous_6)
FNDA:0,(anonymous_7)
FNDA:0,(anonymous_8)
FNDA:0,(anonymous_9)
FNDA:0,(anonymous_10)
FNDA:0,(anonymous_11)
FNDA:0,(anonymous_12)
FNDA:0,(anonymous_13)
DA:1,1
DA:2,1
DA:5,1
DA:8,1
DA:10,0
DA:11,0
DA:15,0
DA:18,0
DA:19,0
DA:22,0
DA:23,0
DA:26,0
DA:27,0
DA:31,0
DA:40,0
DA:42,0
DA:50,0
DA:75,0
DA:79,0
DA:82,0
DA:83,0
DA:85,0
DA:89,0
DA:95,0
DA:107,0
DA:109,0
DA:115,0
DA:120,0
DA:127,0
DA:129,0
DA:130,0
DA:145,0
DA:160,0
DA:161,0
DA:162,0
DA:163,0
DA:164,0
DA:169,0
DA:172,0
LF:39
LH:4
BRDA:18,0,0,0
BRDA:18,0,1,0
BRDA:22,1,0,0
BRDA:22,1,1,0
BRDA:26,2,0,0
BRDA:26,2,1,0
BRDA:46,3,0,0
BRDA:46,3,1,0
BRDA:82,4,0,0
BRDA:82,4,1,0
BRDA:163,5,0,0
BRDA:163,5,1,0
BRDA:10,6,0,1
BRDA:10,6,1,0
BRDA:10,7,0,1
BRDA:10,7,1,1
BRDA:10,8,0,1
BRDA:10,8,1,0
BRDA:10,9,0,1
BRDA:10,9,1,1
BRF:20
BRH:6
end_of_record
TN:
SF:src\patients\dto\create-patient.dto.ts
FNF:0
FNH:0
DA:1,0
DA:2,0
DA:3,0
DA:5,0
DA:9,0
DA:14,0
DA:18,0
DA:22,0
DA:26,0
DA:31,0
DA:36,0
DA:41,0
DA:46,0
DA:51,0
DA:56,0
LF:15
LH:0
BRDA:18,0,0,0
BRDA:18,0,1,0
BRDA:18,1,0,0
BRDA:18,1,1,0
BRF:4
BRH:0
end_of_record
TN:
SF:src\patients\dto\update-patient.dto.ts
FNF:0
FNH:0
DA:1,0
DA:2,0
DA:3,0
DA:5,0
DA:9,0
DA:14,0
DA:19,0
LF:7
LH:0
BRF:0
BRH:0
end_of_record
TN:
SF:src\prescriptions\prescriptions.controller.ts
FN:15,(anonymous_4)
FN:22,(anonymous_5)
FN:31,(anonymous_6)
FN:40,(anonymous_7)
FN:49,(anonymous_8)
FN:56,(anonymous_9)
FN:79,(anonymous_10)
FN:97,(anonymous_11)
FN:106,(anonymous_12)
FNF:9
FNH:0
FNDA:0,(anonymous_4)
FNDA:0,(anonymous_5)
FNDA:0,(anonymous_6)
FNDA:0,(anonymous_7)
FNDA:0,(anonymous_8)
FNDA:0,(anonymous_9)
FNDA:0,(anonymous_10)
FNDA:0,(anonymous_11)
FNDA:0,(anonymous_12)
DA:1,0
DA:2,0
DA:3,0
DA:4,0
DA:5,0
DA:6,0
DA:7,0
DA:8,0
DA:9,0
DA:14,0
DA:15,0
DA:22,0
DA:23,0
DA:31,0
DA:32,0
DA:40,0
DA:41,0
DA:49,0
DA:50,0
DA:56,0
DA:61,0
DA:62,0
DA:65,0
DA:79,0
DA:97,0
DA:98,0
DA:106,0
DA:107,0
LF:28
LH:0
BRDA:61,0,0,0
BRDA:61,0,1,0
BRDA:22,1,0,0
BRDA:22,1,1,0
BRDA:22,2,0,0
BRDA:22,2,1,0
BRDA:31,3,0,0
BRDA:31,3,1,0
BRDA:31,4,0,0
BRDA:31,4,1,0
BRDA:15,5,0,0
BRDA:15,5,1,0
BRDA:15,6,0,0
BRDA:15,6,1,0
BRF:14
BRH:0
end_of_record
TN:
SF:src\prescriptions\prescriptions.module.ts
FNF:0
FNH:0
DA:1,0
DA:2,0
DA:3,0
DA:4,0
DA:12,0
LF:5
LH:0
BRF:0
BRH:0
end_of_record
TN:
SF:src\prescriptions\prescriptions.service.ts
FN:11,(anonymous_2)
FN:18,(anonymous_3)
FN:82,(anonymous_4)
FN:95,(anonymous_5)
FN:101,(anonymous_6)
FN:114,(anonymous_7)
FN:122,(anonymous_8)
FN:130,(anonymous_9)
FN:161,(anonymous_10)
FNF:9
FNH:0
FNDA:0,(anonymous_2)
FNDA:0,(anonymous_3)
FNDA:0,(anonymous_4)
FNDA:0,(anonymous_5)
FNDA:0,(anonymous_6)
FNDA:0,(anonymous_7)
FNDA:0,(anonymous_8)
FNDA:0,(anonymous_9)
FNDA:0,(anonymous_10)
DA:1,0
DA:2,0
DA:5,0
DA:6,0
DA:7,0
DA:10,0
DA:12,0
DA:13,0
DA:14,0
DA:15,0
DA:20,0
DA:24,0
DA:26,0
DA:44,0
DA:53,0
DA:54,0
DA:55,0
DA:57,0
DA:59,0
DA:72,0
DA:79,0
DA:83,0
DA:84,0
DA:86,0
DA:96,0
DA:102,0
DA:110,0
DA:111,0
DA:115,0
DA:123,0
DA:127,0
DA:131,0
DA:132,0
DA:133,0
DA:134,0
DA:137,0
DA:140,0
DA:147,0
DA:155,0
DA:157,0
DA:162,0
DA:163,0
DA:166,0
DA:174,0
DA:182,0
LF:45
LH:0
BRDA:24,0,0,0
BRDA:24,0,1,0
BRDA:84,1,0,0
BRDA:84,1,1,0
BRDA:110,2,0,0
BRDA:110,2,1,0
BRDA:110,3,0,0
BRDA:110,3,1,0
BRDA:133,4,0,0
BRDA:133,4,1,0
BRDA:143,5,0,0
BRDA:143,5,1,0
BRDA:163,6,0,0
BRDA:163,6,1,0
BRDA:12,7,0,0
BRDA:12,7,1,0
BRDA:12,8,0,0
BRDA:12,8,1,0
BRDA:12,9,0,0
BRDA:12,9,1,0
BRDA:12,10,0,0
BRDA:12,10,1,0
BRDA:13,11,0,0
BRDA:13,11,1,0
BRDA:13,12,0,0
BRDA:13,12,1,0
BRDA:14,13,0,0
BRDA:14,13,1,0
BRDA:14,14,0,0
BRDA:14,14,1,0
BRF:30
BRH:0
end_of_record
TN:
SF:src\prescriptions\dto\create-prescription.dto.ts
FN:61,(anonymous_2)
FNF:1
FNH:0
FNDA:0,(anonymous_2)
DA:1,0
DA:2,0
DA:3,0
DA:5,0
DA:9,0
DA:14,0
DA:19,0
DA:24,0
DA:29,0
DA:34,0
DA:37,0
DA:41,0
DA:46,0
DA:51,0
DA:56,0
DA:61,0
DA:62,0
LF:17
LH:0
BRF:0
BRH:0
end_of_record
TN:
SF:src\prescriptions\dto\create-template.dto.ts
FN:20,(anonymous_2)
FNF:1
FNH:0
FNDA:0,(anonymous_2)
DA:1,0
DA:2,0
DA:3,0
DA:4,0
DA:6,0
DA:10,0
DA:15,0
DA:20,0
DA:21,0
LF:9
LH:0
BRF:0
BRH:0
end_of_record
TN:
SF:src\prisma\prisma.module.ts
FNF:0
FNH:0
DA:1,0
DA:2,0
DA:9,0
LF:3
LH:0
BRF:0
BRH:0
end_of_record
TN:
SF:src\prisma\prisma.service.ts
FN:6,(anonymous_1)
FN:14,(anonymous_2)
FNF:2
FNH:0
FNDA:0,(anonymous_1)
FNDA:0,(anonymous_2)
DA:1,4
DA:2,4
DA:5,4
DA:7,0
DA:8,0
DA:10,0
DA:15,0
LF:7
LH:3
BRF:0
BRH:0
end_of_record
TN:
SF:src\reports\reports.controller.ts
FN:16,(anonymous_4)
FN:23,(anonymous_5)
FN:32,(anonymous_6)
FN:41,(anonymous_7)
FN:50,(anonymous_8)
FN:59,(anonymous_9)
FN:71,(anonymous_10)
FN:79,(anonymous_11)
FNF:8
FNH:0
FNDA:0,(anonymous_4)
FNDA:0,(anonymous_5)
FNDA:0,(anonymous_6)
FNDA:0,(anonymous_7)
FNDA:0,(anonymous_8)
FNDA:0,(anonymous_9)
FNDA:0,(anonymous_10)
FNDA:0,(anonymous_11)
DA:1,0
DA:2,0
DA:3,0
DA:4,0
DA:5,0
DA:6,0
DA:7,0
DA:8,0
DA:9,0
DA:10,0
DA:15,0
DA:16,0
DA:23,0
DA:24,0
DA:32,0
DA:33,0
DA:41,0
DA:42,0
DA:50,0
DA:51,0
DA:59,0
DA:63,0
DA:71,0
DA:72,0
DA:73,0
DA:79,0
DA:84,0
DA:85,0
LF:28
LH:0
BRDA:23,0,0,0
BRDA:23,0,1,0
BRDA:23,1,0,0
BRDA:23,1,1,0
BRDA:61,2,0,0
BRDA:61,2,1,0
BRDA:61,3,0,0
BRDA:61,3,1,0
BRDA:16,4,0,0
BRDA:16,4,1,0
BRDA:16,5,0,0
BRDA:16,5,1,0
BRF:12
BRH:0
end_of_record
TN:
SF:src\reports\reports.module.ts
FN:12,(anonymous_1)
FNF:1
FNH:0
FNDA:0,(anonymous_1)
DA:1,0
DA:2,0
DA:3,0
DA:4,0
DA:5,0
DA:12,0
DA:22,0
LF:7
LH:0
BRF:0
BRH:0
end_of_record
TN:
SF:src\reports\reports.service.ts
FN:8,(anonymous_2)
FN:13,(anonymous_3)
FN:39,(anonymous_4)
FN:59,(anonymous_5)
FN:66,(anonymous_6)
FN:73,(anonymous_7)
FN:85,(anonymous_8)
FN:99,(anonymous_9)
FN:126,(anonymous_10)
FNF:9
FNH:0
FNDA:0,(anonymous_2)
FNDA:0,(anonymous_3)
FNDA:0,(anonymous_4)
FNDA:0,(anonymous_5)
FNDA:0,(anonymous_6)
FNDA:0,(anonymous_7)
FNDA:0,(anonymous_8)
FNDA:0,(anonymous_9)
FNDA:0,(anonymous_10)
DA:1,1
DA:2,1
DA:4,1
DA:7,1
DA:9,0
DA:10,0
DA:15,0
DA:18,0
DA:19,0
DA:22,0
DA:32,0
DA:33,0
DA:36,0
DA:40,0
DA:43,0
DA:44,0
DA:47,0
DA:52,0
DA:53,0
DA:56,0
DA:60,0
DA:67,0
DA:74,0
DA:78,0
DA:79,0
DA:81,0
DA:86,0
DA:89,0
DA:95,0
DA:100,0
DA:101,0
DA:102,0
DA:103,0
DA:106,0
DA:107,0
DA:108,0
DA:112,0
DA:120,0
DA:122,0
DA:127,0
DA:132,0
DA:133,0
LF:42
LH:4
BRDA:18,0,0,0
BRDA:18,0,1,0
BRDA:32,1,0,0
BRDA:32,1,1,0
BRDA:43,2,0,0
BRDA:43,2,1,0
BRDA:52,3,0,0
BRDA:52,3,1,0
BRDA:78,4,0,0
BRDA:78,4,1,0
BRDA:102,5,0,0
BRDA:102,5,1,0
BRDA:107,6,0,0
BRDA:107,6,1,0
BRDA:132,7,0,0
BRDA:132,7,1,0
BRDA:132,8,0,0
BRDA:132,8,1,0
BRDA:9,9,0,1
BRDA:9,9,1,0
BRDA:9,10,0,1
BRDA:9,10,1,1
BRDA:9,11,0,1
BRDA:9,11,1,0
BRDA:9,12,0,1
BRDA:9,12,1,1
BRF:26
BRH:6
end_of_record
TN:
SF:src\reports\dto\create-report.dto.ts
FNF:0
FNH:0
DA:1,0
DA:2,0
DA:3,0
DA:5,0
DA:9,0
DA:14,0
DA:19,0
DA:23,0
LF:8
LH:0
BRDA:23,0,0,0
BRDA:23,0,1,0
BRDA:23,1,0,0
BRDA:23,1,1,0
BRF:4
BRH:0
end_of_record
TN:
SF:src\reports\dto\update-report-status.dto.ts
FNF:0
FNH:0
DA:1,0
DA:2,0
DA:3,0
DA:5,0
DA:8,0
LF:5
LH:0
BRDA:8,0,0,0
BRDA:8,0,1,0
BRDA:8,1,0,0
BRDA:8,1,1,0
BRF:4
BRH:0
end_of_record
TN:
SF:src\schedules\schedules.controller.ts
FN:13,(anonymous_4)
FN:20,(anonymous_5)
FN:26,(anonymous_6)
FN:35,(anonymous_7)
FNF:4
FNH:0
FNDA:0,(anonymous_4)
FNDA:0,(anonymous_5)
FNDA:0,(anonymous_6)
FNDA:0,(anonymous_7)
DA:1,0
DA:2,0
DA:3,0
DA:4,0
DA:5,0
DA:6,0
DA:7,0
DA:8,0
DA:12,0
DA:13,0
DA:20,0
DA:21,0
DA:26,0
DA:27,0
DA:35,0
DA:36,0
LF:16
LH:0
BRDA:20,0,0,0
BRDA:20,0,1,0
BRDA:20,1,0,0
BRDA:20,1,1,0
BRDA:13,2,0,0
BRDA:13,2,1,0
BRDA:13,3,0,0
BRDA:13,3,1,0
BRF:8
BRH:0
end_of_record
TN:
SF:src\schedules\schedules.module.ts
FNF:0
FNH:0
DA:1,0
DA:2,0
DA:3,0
DA:10,0
LF:4
LH:0
BRF:0
BRH:0
end_of_record
TN:
SF:src\schedules\schedules.service.ts
FN:8,(anonymous_2)
FN:13,(anonymous_3)
FN:44,(anonymous_4)
FN:56,(anonymous_5)
FN:78,(anonymous_6)
FNF:5
FNH:0
FNDA:0,(anonymous_2)
FNDA:0,(anonymous_3)
FNDA:0,(anonymous_4)
FNDA:0,(anonymous_5)
FNDA:0,(anonymous_6)
DA:1,2
DA:2,2
DA:4,2
DA:7,2
DA:9,0
DA:10,0
DA:15,0
DA:16,0
DA:17,0
DA:20,0
DA:21,0
DA:30,0
DA:38,0
DA:40,0
DA:45,0
DA:46,0
DA:47,0
DA:50,0
DA:57,0
DA:60,0
DA:61,0
DA:64,0
DA:66,0
DA:74,0
DA:79,0
DA:80,0
DA:81,0
DA:83,0
DA:84,0
DA:86,0
DA:87,0
DA:88,0
DA:90,0
DA:91,0
DA:93,0
DA:94,0
DA:97,0
LF:37
LH:4
BRDA:16,0,0,0
BRDA:16,0,1,0
BRDA:46,1,0,0
BRDA:46,1,1,0
BRDA:60,2,0,0
BRDA:60,2,1,0
BRDA:78,3,0,0
BRDA:9,4,0,2
BRDA:9,4,1,0
BRDA:9,5,0,2
BRDA:9,5,1,2
BRDA:9,6,0,2
BRDA:9,6,1,0
BRDA:9,7,0,2
BRDA:9,7,1,2
BRF:15
BRH:6
end_of_record
TN:
SF:src\schedules\dto\create-schedule.dto.ts
FNF:0
FNH:0
DA:1,0
DA:2,0
DA:4,0
DA:9,0
DA:15,0
DA:21,0
LF:6
LH:0
BRF:0
BRH:0
end_of_record
TN:
SF:src\support\support.controller.ts
FN:18,(anonymous_4)
FN:23,(anonymous_5)
FN:30,(anonymous_6)
FN:37,(anonymous_7)
FN:44,(anonymous_8)
FN:54,(anonymous_9)
FNF:6
FNH:0
FNDA:0,(anonymous_4)
FNDA:0,(anonymous_5)
FNDA:0,(anonymous_6)
FNDA:0,(anonymous_7)
FNDA:0,(anonymous_8)
FNDA:0,(anonymous_9)
DA:1,0
DA:2,0
DA:3,0
DA:4,0
DA:5,0
DA:6,0
DA:7,0
DA:8,0
DA:9,0
DA:10,0
DA:11,0
DA:17,0
DA:18,0
DA:23,0
DA:24,0
DA:30,0
DA:31,0
DA:37,0
DA:38,0
DA:44,0
DA:48,0
DA:54,0
DA:59,0
LF:23
LH:0
BRDA:23,0,0,0
BRDA:23,0,1,0
BRDA:23,1,0,0
BRDA:23,1,1,0
BRDA:46,2,0,0
BRDA:46,2,1,0
BRDA:46,3,0,0
BRDA:46,3,1,0
BRDA:56,4,0,0
BRDA:56,4,1,0
BRDA:56,5,0,0
BRDA:56,5,1,0
BRDA:18,6,0,0
BRDA:18,6,1,0
BRDA:18,7,0,0
BRDA:18,7,1,0
BRF:16
BRH:0
end_of_record
TN:
SF:src\support\support.module.ts
FNF:0
FNH:0
DA:1,0
DA:2,0
DA:3,0
DA:10,0
LF:4
LH:0
BRF:0
BRH:0
end_of_record
TN:
SF:src\support\support.service.ts
FN:10,(anonymous_2)
FN:15,(anonymous_3)
FN:36,(anonymous_4)
FN:90,(anonymous_5)
FN:130,(anonymous_6)
FN:146,(anonymous_7)
FN:159,(anonymous_8)
FN:176,(anonymous_9)
FNF:8
FNH:0
FNDA:0,(anonymous_2)
FNDA:0,(anonymous_3)
FNDA:0,(anonymous_4)
FNDA:0,(anonymous_5)
FNDA:0,(anonymous_6)
FNDA:0,(anonymous_7)
FNDA:0,(anonymous_8)
FNDA:0,(anonymous_9)
DA:1,1
DA:2,1
DA:5,1
DA:6,1
DA:9,1
DA:11,0
DA:12,0
DA:17,0
DA:20,0
DA:21,0
DA:25,0
DA:34,0
DA:35,0
DA:36,0
DA:37,0
DA:40,0
DA:54,0
DA:55,0
DA:65,0
DA:79,0
DA:87,0
DA:91,0
DA:95,0
DA:96,0
DA:99,0
DA:100,0
DA:101,0
DA:102,0
DA:106,0
DA:113,0
DA:127,0
DA:131,0
DA:132,0
DA:133,0
DA:136,0
DA:147,0
DA:160,0
DA:170,0
DA:171,0
DA:173,0
DA:177,0
DA:180,0
DA:181,0
DA:191,0
LF:44
LH:5
BRDA:15,0,0,0
BRDA:20,1,0,0
BRDA:20,1,1,0
BRDA:35,2,0,0
BRDA:35,2,1,0
BRDA:44,3,0,0
BRDA:44,3,1,0
BRDA:54,4,0,0
BRDA:54,4,1,0
BRDA:59,5,0,0
BRDA:59,5,1,0
BRDA:73,6,0,0
BRDA:73,6,1,0
BRDA:95,7,0,0
BRDA:95,7,1,0
BRDA:99,8,0,0
BRDA:99,8,1,0
BRDA:101,9,0,0
BRDA:101,9,1,0
BRDA:121,10,0,0
BRDA:121,10,1,0
BRDA:132,11,0,0
BRDA:132,11,1,0
BRDA:170,12,0,0
BRDA:170,12,1,0
BRDA:180,13,0,0
BRDA:180,13,1,0
BRDA:11,14,0,1
BRDA:11,14,1,0
BRDA:11,15,0,1
BRDA:11,15,1,1
BRDA:11,16,0,1
BRDA:11,16,1,0
BRDA:11,17,0,1
BRDA:11,17,1,1
BRF:35
BRH:6
end_of_record
TN:
SF:src\support\dto\add-note.dto.ts
FNF:0
FNH:0
DA:1,0
DA:2,0
DA:4,0
DA:8,0
LF:4
LH:0
BRF:0
BRH:0
end_of_record
TN:
SF:src\support\dto\create-ticket.dto.ts
FNF:0
FNH:0
DA:1,0
DA:2,0
DA:3,0
DA:5,0
DA:9,0
DA:14,0
DA:19,0
DA:24,0
LF:8
LH:0
BRDA:19,0,0,0
BRDA:19,0,1,0
BRDA:19,1,0,0
BRDA:19,1,1,0
BRF:4
BRH:0
end_of_record
TN:
SF:src\support\dto\update-ticket.dto.ts
FNF:0
FNH:0
DA:1,0
DA:2,0
DA:3,0
DA:5,0
DA:9,0
DA:14,0
DA:19,0
LF:7
LH:0
BRDA:9,0,0,0
BRDA:9,0,1,0
BRDA:9,1,0,0
BRDA:9,1,1,0
BRDA:14,2,0,0
BRDA:14,2,1,0
BRDA:14,3,0,0
BRDA:14,3,1,0
BRF:8
BRH:0
end_of_record
TN:
SF:src\users\users.module.ts
FNF:0
FNH:0
DA:1,0
DA:2,0
DA:8,0
LF:3
LH:0
BRF:0
BRH:0
end_of_record
TN:
SF:src\users\users.service.ts
FN:8,(anonymous_11)
FN:10,(anonymous_12)
FN:14,(anonymous_13)
FN:18,(anonymous_14)
FN:34,(anonymous_15)
FNF:5
FNH:0
FNDA:0,(anonymous_11)
FNDA:0,(anonymous_12)
FNDA:0,(anonymous_13)
FNDA:0,(anonymous_14)
FNDA:0,(anonymous_15)
DA:1,0
DA:2,0
DA:4,0
DA:7,0
DA:8,0
DA:11,0
DA:15,0
DA:19,0
DA:20,0
DA:21,0
DA:23,0
DA:24,0
DA:26,0
DA:35,0
LF:14
LH:0
BRDA:20,0,0,0
BRDA:20,0,1,0
BRDA:8,1,0,0
BRDA:8,1,1,0
BRDA:8,2,0,0
BRDA:8,2,1,0
BRF:6
BRH:0
end_of_record
TN:
SF:src\whatsapp\appointment-reminder.worker.ts
FN:9,(anonymous_2)
FN:11,(anonymous_3)
FN:13,(anonymous_4)
FN:16,(anonymous_5)
FN:22,(anonymous_6)
FN:65,(anonymous_7)
FN:72,(anonymous_8)
FNF:7
FNH:0
FNDA:0,(anonymous_2)
FNDA:0,(anonymous_3)
FNDA:0,(anonymous_4)
FNDA:0,(anonymous_5)
FNDA:0,(anonymous_6)
FNDA:0,(anonymous_7)
FNDA:0,(anonymous_8)
DA:1,0
DA:2,0
DA:5,0
DA:6,0
DA:7,0
DA:9,0
DA:13,0
DA:17,0
DA:18,0
DA:23,0
DA:24,0
DA:26,0
DA:27,0
DA:29,0
DA:39,0
DA:40,0
DA:41,0
DA:43,0
DA:46,0
DA:47,0
DA:50,0
DA:51,0
DA:54,0
DA:55,0
DA:59,0
DA:61,0
DA:66,0
DA:67,0
DA:68,0
DA:69,0
DA:73,0
DA:75,0
DA:83,0
DA:99,0
DA:101,0
DA:103,0
LF:36
LH:0
BRDA:17,0,0,0
BRDA:17,0,1,0
BRDA:23,1,0,0
BRDA:23,1,1,0
BRDA:43,2,0,0
BRDA:43,2,1,0
BRDA:46,3,0,0
BRDA:46,3,1,0
BRDA:50,4,0,0
BRDA:50,4,1,0
BRDA:54,5,0,0
BRDA:54,5,1,0
BRDA:99,6,0,0
BRDA:99,6,1,0
BRDA:9,7,0,0
BRDA:9,7,1,0
BRDA:9,8,0,0
BRDA:9,8,1,0
BRF:18
BRH:0
end_of_record
TN:
SF:src\whatsapp\followup-automation.worker.ts
FN:9,(anonymous_2)
FN:11,(anonymous_3)
FN:13,(anonymous_4)
FN:16,(anonymous_5)
FN:22,(anonymous_6)
FNF:5
FNH:0
FNDA:0,(anonymous_2)
FNDA:0,(anonymous_3)
FNDA:0,(anonymous_4)
FNDA:0,(anonymous_5)
FNDA:0,(anonymous_6)
DA:1,0
DA:2,0
DA:5,0
DA:6,0
DA:7,0
DA:9,0
DA:13,0
DA:17,0
DA:18,0
DA:23,0
DA:24,0
DA:26,0
DA:27,0
DA:28,0
DA:31,0
DA:48,0
DA:49,0
DA:50,0
DA:51,0
DA:52,0
DA:58,0
DA:61,0
DA:77,0
DA:85,0
DA:90,0
DA:91,0
DA:93,0
DA:109,0
DA:110,0
DA:112,0
DA:120,0
DA:132,0
DA:136,0
DA:138,0
LF:34
LH:0
BRDA:17,0,0,0
BRDA:17,0,1,0
BRDA:23,1,0,0
BRDA:23,1,1,0
BRDA:9,2,0,0
BRDA:9,2,1,0
BRDA:9,3,0,0
BRDA:9,3,1,0
BRF:8
BRH:0
end_of_record
TN:
SF:src\whatsapp\notification-queue.worker.ts
FN:10,(anonymous_2)
FN:15,(anonymous_3)
FN:17,(anonymous_4)
FN:20,(anonymous_5)
FN:26,(anonymous_6)
FNF:5
FNH:0
FNDA:0,(anonymous_2)
FNDA:0,(anonymous_3)
FNDA:0,(anonymous_4)
FNDA:0,(anonymous_5)
FNDA:0,(anonymous_6)
DA:1,0
DA:2,0
DA:3,0
DA:6,0
DA:7,0
DA:8,0
DA:11,0
DA:12,0
DA:17,0
DA:21,0
DA:22,0
DA:27,0
DA:28,0
DA:30,0
DA:32,0
DA:41,0
DA:42,0
DA:43,0
DA:44,0
DA:46,0
DA:47,0
DA:54,0
DA:57,0
DA:58,0
DA:59,0
DA:60,0
DA:61,0
DA:62,0
DA:63,0
DA:64,0
DA:65,0
DA:66,0
DA:67,0
DA:68,0
DA:69,0
DA:70,0
DA:71,0
DA:72,0
DA:75,0
DA:76,0
DA:79,0
DA:87,0
DA:96,0
DA:97,0
DA:98,0
DA:100,0
DA:110,0
DA:111,0
DA:118,0
DA:119,0
DA:121,0
DA:125,0
DA:141,0
DA:147,0
DA:149,0
LF:55
LH:0
BRDA:21,0,0,0
BRDA:21,0,1,0
BRDA:27,1,0,0
BRDA:27,1,1,0
BRDA:46,2,0,0
BRDA:46,2,1,0
BRDA:58,3,0,0
BRDA:58,3,1,0
BRDA:59,4,0,0
BRDA:59,4,1,0
BRDA:60,5,0,0
BRDA:60,5,1,0
BRDA:61,6,0,0
BRDA:61,6,1,0
BRDA:63,7,0,0
BRDA:63,7,1,0
BRDA:65,8,0,0
BRDA:65,8,1,0
BRDA:66,9,0,0
BRDA:66,9,1,0
BRDA:67,10,0,0
BRDA:67,10,1,0
BRDA:68,11,0,0
BRDA:68,11,1,0
BRDA:69,12,0,0
BRDA:69,12,1,0
BRDA:69,13,0,0
BRDA:69,13,1,0
BRDA:70,14,0,0
BRDA:70,14,1,0
BRDA:71,15,0,0
BRDA:71,15,1,0
BRDA:71,16,0,0
BRDA:71,16,1,0
BRDA:72,17,0,0
BRDA:72,17,1,0
BRDA:75,18,0,0
BRDA:75,18,1,0
BRDA:83,19,0,0
BRDA:83,19,1,0
BRDA:104,20,0,0
BRDA:104,20,1,0
BRDA:105,21,0,0
BRDA:105,21,1,0
BRDA:110,22,0,0
BRDA:110,22,1,0
BRDA:119,23,0,0
BRDA:119,23,1,0
BRDA:133,24,0,0
BRDA:133,24,1,0
BRDA:134,25,0,0
BRDA:134,25,1,0
BRDA:11,26,0,0
BRDA:11,26,1,0
BRDA:11,27,0,0
BRDA:11,27,1,0
BRDA:11,28,0,0
BRDA:11,28,1,0
BRDA:11,29,0,0
BRDA:11,29,1,0
BRF:60
BRH:0
end_of_record
TN:
SF:src\whatsapp\notifications.controller.ts
FN:14,(anonymous_4)
FN:19,(anonymous_5)
FN:40,(anonymous_6)
FN:48,(anonymous_7)
FN:66,(anonymous_8)
FN:74,(anonymous_9)
FNF:6
FNH:0
FNDA:0,(anonymous_4)
FNDA:0,(anonymous_5)
FNDA:0,(anonymous_6)
FNDA:0,(anonymous_7)
FNDA:0,(anonymous_8)
FNDA:0,(anonymous_9)
DA:1,0
DA:2,0
DA:3,0
DA:4,0
DA:5,0
DA:6,0
DA:7,0
DA:13,0
DA:14,0
DA:19,0
DA:20,0
DA:23,0
DA:24,0
DA:27,0
DA:40,0
DA:41,0
DA:48,0
DA:49,0
DA:50,0
DA:54,0
DA:66,0
DA:67,0
DA:68,0
DA:72,0
DA:74,0
LF:25
LH:0
BRDA:23,0,0,0
BRDA:23,0,1,0
BRDA:67,1,0,0
BRDA:67,1,1,0
BRDA:14,2,0,0
BRDA:14,2,1,0
BRDA:14,3,0,0
BRDA:14,3,1,0
BRF:8
BRH:0
end_of_record
TN:
SF:src\whatsapp\whatsapp.controller.ts
FN:15,(anonymous_13)
FN:29,(anonymous_14)
FN:43,(anonymous_15)
FN:149,(anonymous_16)
FN:215,(anonymous_17)
FN:308,(anonymous_18)
FN:311,(anonymous_19)
FN:314,(anonymous_20)
FN:317,(anonymous_21)
FNF:9
FNH:5
FNDA:4,(anonymous_13)
FNDA:2,(anonymous_14)
FNDA:2,(anonymous_15)
FNDA:1,(anonymous_16)
FNDA:0,(anonymous_17)
FNDA:0,(anonymous_18)
FNDA:1,(anonymous_19)
FNDA:0,(anonymous_20)
FNDA:0,(anonymous_21)
DA:1,1
DA:2,1
DA:3,1
DA:4,1
DA:5,1
DA:6,1
DA:7,1
DA:8,1
DA:9,1
DA:12,1
DA:16,4
DA:17,4
DA:18,4
DA:19,4
DA:20,4
DA:21,4
DA:22,4
DA:24,4
DA:29,1
DA:34,2
DA:35,1
DA:37,1
DA:43,1
DA:44,2
DA:45,2
DA:46,0
DA:47,0
DA:48,0
DA:49,0
DA:50,0
DA:51,0
DA:52,0
DA:53,0
DA:55,0
DA:56,0
DA:62,2
DA:63,2
DA:64,0
DA:65,0
DA:67,0
DA:74,0
DA:75,0
DA:76,0
DA:77,0
DA:78,0
DA:79,0
DA:80,0
DA:81,0
DA:82,0
DA:85,0
DA:90,0
DA:94,2
DA:95,2
DA:96,1
DA:98,1
DA:101,1
DA:102,1
DA:103,0
DA:107,1
DA:108,1
DA:109,1
DA:111,1
DA:112,1
DA:113,1
DA:115,0
DA:116,0
DA:117,0
DA:120,0
DA:124,1
DA:127,1
DA:128,1
DA:129,1
DA:131,0
DA:132,0
DA:139,0
DA:146,1
DA:150,1
DA:151,1
DA:154,1
DA:155,0
DA:163,1
DA:164,0
DA:165,0
DA:166,0
DA:167,0
DA:168,0
DA:170,0
DA:174,0
DA:175,0
DA:180,0
DA:182,0
DA:186,1
DA:193,0
DA:194,0
DA:195,0
DA:199,0
DA:202,0
DA:203,0
DA:204,0
DA:208,0
DA:212,0
DA:213,0
DA:215,0
DA:216,0
DA:222,0
DA:223,0
DA:224,0
DA:225,0
DA:226,0
DA:227,0
DA:228,0
DA:229,0
DA:230,0
DA:231,0
DA:232,0
DA:233,0
DA:234,0
DA:235,0
DA:236,0
DA:238,0
DA:242,0
DA:243,0
DA:246,0
DA:247,0
DA:251,1
DA:252,0
DA:253,0
DA:254,0
DA:258,1
DA:259,0
DA:264,0
DA:268,0
DA:276,1
DA:277,0
DA:278,0
DA:279,0
DA:280,0
DA:281,0
DA:282,0
DA:283,0
DA:285,1
DA:286,1
DA:287,0
DA:288,0
DA:289,0
DA:290,0
DA:291,0
DA:292,0
DA:296,1
DA:302,1
DA:305,1
DA:306,0
DA:307,1
DA:308,0
DA:309,0
DA:310,1
DA:311,1
DA:312,1
DA:313,0
DA:314,0
DA:315,0
DA:316,0
DA:317,0
DA:318,0
DA:319,0
DA:320,0
DA:321,0
DA:322,0
DA:323,0
DA:325,0
DA:326,0
DA:327,0
DA:328,0
DA:331,1
LF:174
LH:62
BRDA:24,0,0,4
BRDA:24,0,1,0
BRDA:34,1,0,1
BRDA:34,1,1,1
BRDA:34,2,0,2
BRDA:34,2,1,2
BRDA:45,3,0,0
BRDA:45,3,1,2
BRDA:46,4,0,0
BRDA:46,4,1,0
BRDA:47,5,0,0
BRDA:47,5,1,0
BRDA:53,6,0,0
BRDA:53,6,1,0
BRDA:55,7,0,0
BRDA:55,7,1,0
BRDA:63,8,0,0
BRDA:63,8,1,2
BRDA:75,9,0,0
BRDA:75,9,1,0
BRDA:77,10,0,0
BRDA:77,10,1,0
BRDA:79,11,0,0
BRDA:79,11,1,0
BRDA:81,12,0,0
BRDA:81,12,1,0
BRDA:82,13,0,0
BRDA:82,13,1,0
BRDA:95,14,0,1
BRDA:95,14,1,1
BRDA:101,15,0,1
BRDA:101,15,1,0
BRDA:102,16,0,0
BRDA:102,16,1,1
BRDA:113,17,0,1
BRDA:113,17,1,0
BRDA:120,18,0,0
BRDA:120,18,1,0
BRDA:127,19,0,1
BRDA:127,19,1,0
BRDA:154,20,0,0
BRDA:154,20,1,1
BRDA:154,21,0,1
BRDA:154,21,1,1
BRDA:163,22,0,0
BRDA:163,22,1,1
BRDA:163,23,0,1
BRDA:163,23,1,1
BRDA:163,23,2,1
BRDA:163,23,3,1
BRDA:163,23,4,1
BRDA:165,24,0,0
BRDA:165,24,1,0
BRDA:165,25,0,0
BRDA:165,25,1,0
BRDA:174,26,0,0
BRDA:174,26,1,0
BRDA:174,27,0,0
BRDA:174,27,1,0
BRDA:180,28,0,0
BRDA:180,28,1,0
BRDA:186,29,0,0
BRDA:186,29,1,1
BRDA:187,30,0,1
BRDA:187,30,1,1
BRDA:187,30,2,1
BRDA:187,30,3,1
BRDA:187,30,4,1
BRDA:194,31,0,0
BRDA:194,31,1,0
BRDA:203,32,0,0
BRDA:203,32,1,0
BRDA:222,33,0,0
BRDA:222,33,1,0
BRDA:229,34,0,0
BRDA:229,34,1,0
BRDA:235,35,0,0
BRDA:235,35,1,0
BRDA:242,36,0,0
BRDA:242,36,1,0
BRDA:251,37,0,0
BRDA:251,37,1,1
BRDA:251,38,0,1
BRDA:251,38,1,1
BRDA:251,38,2,1
BRDA:251,38,3,1
BRDA:251,38,4,1
BRDA:251,38,5,1
BRDA:258,39,0,0
BRDA:258,39,1,1
BRDA:258,40,0,1
BRDA:258,40,1,1
BRDA:258,40,2,1
BRDA:258,40,3,1
BRDA:258,40,4,1
BRDA:261,41,0,0
BRDA:261,41,1,0
BRDA:276,42,0,0
BRDA:276,42,1,1
BRDA:278,43,0,0
BRDA:278,43,1,0
BRDA:285,44,0,1
BRDA:285,44,1,0
BRDA:287,45,0,0
BRDA:287,45,1,0
BRDA:289,46,0,0
BRDA:289,46,1,0
BRDA:291,47,0,0
BRDA:291,47,1,0
BRDA:305,48,0,0
BRDA:305,48,1,1
BRDA:307,49,0,0
BRDA:307,49,1,1
BRDA:307,50,0,1
BRDA:307,50,1,0
BRDA:310,51,0,1
BRDA:310,51,1,0
BRDA:310,52,0,1
BRDA:310,52,1,1
BRDA:313,53,0,0
BRDA:313,53,1,0
BRDA:313,54,0,0
BRDA:313,54,1,0
BRDA:316,55,0,0
BRDA:316,55,1,0
BRDA:316,56,0,0
BRDA:316,56,1,0
BRDA:319,57,0,0
BRDA:319,57,1,0
BRDA:321,58,0,0
BRDA:321,58,1,0
BRDA:326,59,0,0
BRDA:326,59,1,0
BRDA:16,60,0,1
BRDA:16,60,1,0
BRDA:16,61,0,1
BRDA:16,61,1,1
BRDA:16,62,0,1
BRDA:16,62,1,0
BRDA:16,63,0,1
BRDA:16,63,1,1
BRDA:17,64,0,1
BRDA:17,64,1,0
BRDA:17,65,0,1
BRDA:17,65,1,1
BRDA:18,66,0,1
BRDA:18,66,1,0
BRDA:18,67,0,1
BRDA:18,67,1,1
BRDA:19,68,0,1
BRDA:19,68,1,0
BRDA:19,69,0,1
BRDA:19,69,1,1
BRDA:20,70,0,1
BRDA:20,70,1,0
BRDA:20,71,0,1
BRDA:20,71,1,1
BRDA:21,72,0,1
BRDA:21,72,1,0
BRDA:21,73,0,1
BRDA:21,73,1,1
BRF:161
BRH:70
end_of_record
TN:
SF:src\whatsapp\whatsapp.module.ts
FNF:0
FNH:0
DA:1,0
DA:2,0
DA:3,0
DA:4,0
DA:5,0
DA:6,0
DA:7,0
DA:8,0
DA:9,0
DA:10,0
DA:17,0
LF:11
LH:0
BRF:0
BRH:0
end_of_record
TN:
SF:src\whatsapp\whatsapp.service.ts
FN:12,(anonymous_3)
FN:20,(anonymous_4)
FN:53,(anonymous_5)
FN:62,(anonymous_6)
FN:79,(anonymous_7)
FNF:5
FNH:0
FNDA:0,(anonymous_3)
FNDA:0,(anonymous_4)
FNDA:0,(anonymous_5)
FNDA:0,(anonymous_6)
FNDA:0,(anonymous_7)
DA:1,1
DA:2,1
DA:3,1
DA:6,1
DA:12,0
DA:13,0
DA:14,0
DA:15,0
DA:16,0
DA:21,0
DA:22,0
DA:23,0
DA:24,0
DA:25,0
DA:26,0
DA:29,0
DA:30,0
DA:45,0
DA:47,0
DA:48,0
DA:58,0
DA:59,0
DA:60,0
DA:61,0
DA:62,0
DA:63,0
DA:64,0
DA:67,0
DA:68,0
DA:79,0
DA:93,0
DA:95,0
DA:96,0
LF:33
LH:4
BRDA:13,0,0,0
BRDA:13,0,1,0
BRDA:14,1,0,0
BRDA:14,1,1,0
BRDA:16,2,0,0
BRDA:16,2,1,0
BRDA:16,2,2,0
BRDA:21,3,0,0
BRDA:21,3,1,0
BRDA:45,4,0,0
BRDA:45,4,1,0
BRDA:47,5,0,0
BRDA:47,5,1,0
BRDA:58,6,0,0
BRDA:58,6,1,0
BRDA:93,7,0,0
BRDA:93,7,1,0
BRDA:95,8,0,0
BRDA:95,8,1,0
BRDA:12,9,0,1
BRDA:12,9,1,0
BRDA:12,10,0,1
BRDA:12,10,1,1
BRF:23
BRH:3
end_of_record
TN:
SF:src\workflows\workflows.controller.ts
FN:13,(anonymous_4)
FN:17,(anonymous_5)
FN:23,(anonymous_6)
FN:29,(anonymous_7)
FN:35,(anonymous_8)
FN:41,(anonymous_9)
FNF:6
FNH:0
FNDA:0,(anonymous_4)
FNDA:0,(anonymous_5)
FNDA:0,(anonymous_6)
FNDA:0,(anonymous_7)
FNDA:0,(anonymous_8)
FNDA:0,(anonymous_9)
DA:1,0
DA:2,0
DA:3,0
DA:4,0
DA:5,0
DA:6,0
DA:7,0
DA:8,0
DA:12,0
DA:13,0
DA:17,0
DA:18,0
DA:23,0
DA:24,0
DA:29,0
DA:30,0
DA:35,0
DA:36,0
DA:41,0
DA:42,0
LF:20
LH:0
BRDA:17,0,0,0
BRDA:17,0,1,0
BRDA:17,1,0,0
BRDA:17,1,1,0
BRDA:23,2,0,0
BRDA:23,2,1,0
BRDA:23,3,0,0
BRDA:23,3,1,0
BRDA:29,4,0,0
BRDA:29,4,1,0
BRDA:29,5,0,0
BRDA:29,5,1,0
BRDA:35,6,0,0
BRDA:35,6,1,0
BRDA:35,7,0,0
BRDA:35,7,1,0
BRDA:41,8,0,0
BRDA:41,8,1,0
BRDA:41,9,0,0
BRDA:41,9,1,0
BRDA:13,10,0,0
BRDA:13,10,1,0
BRDA:13,11,0,0
BRDA:13,11,1,0
BRF:24
BRH:0
end_of_record
TN:
SF:src\workflows\workflows.module.ts
FNF:0
FNH:0
DA:1,0
DA:2,0
DA:3,0
DA:4,0
DA:5,0
DA:6,0
DA:7,0
DA:8,0
DA:9,0
DA:10,0
DA:11,0
DA:28,0
LF:12
LH:0
BRF:0
BRH:0
end_of_record
TN:
SF:src\workflows\workflows.service.ts
FN:19,(anonymous_2)
FN:30,(anonymous_3)
FN:62,(anonymous_4)
FN:72,(anonymous_5)
FN:138,(anonymous_6)
FN:149,(anonymous_7)
FN:180,(anonymous_8)
FN:207,(anonymous_9)
FNF:8
FNH:0
FNDA:0,(anonymous_2)
FNDA:0,(anonymous_3)
FNDA:0,(anonymous_4)
FNDA:0,(anonymous_5)
FNDA:0,(anonymous_6)
FNDA:0,(anonymous_7)
FNDA:0,(anonymous_8)
FNDA:0,(anonymous_9)
DA:1,1
DA:2,1
DA:3,1
DA:4,1
DA:5,1
DA:6,1
DA:7,1
DA:8,1
DA:9,1
DA:18,1
DA:20,0
DA:21,0
DA:22,0
DA:23,0
DA:24,0
DA:25,0
DA:26,0
DA:27,0
DA:31,0
DA:34,0
DA:37,0
DA:38,0
DA:48,0
DA:49,0
DA:57,0
DA:58,0
DA:59,0
DA:62,0
DA:67,0
DA:68,0
DA:69,0
DA:72,0
DA:77,0
DA:78,0
DA:79,0
DA:80,0
DA:81,0
DA:82,0
DA:83,0
DA:84,0
DA:85,0
DA:86,0
DA:89,0
DA:97,0
DA:98,0
DA:99,0
DA:107,0
DA:108,0
DA:116,0
DA:130,0
DA:139,0
DA:140,0
DA:142,0
DA:150,0
DA:151,0
DA:152,0
DA:158,0
DA:159,0
DA:160,0
DA:166,0
DA:167,0
DA:171,0
DA:182,0
DA:183,0
DA:184,0
DA:192,0
DA:193,0
DA:194,0
DA:201,0
DA:208,0
DA:209,0
DA:211,0
DA:221,0
DA:227,0
LF:74
LH:10
BRDA:37,0,0,0
BRDA:37,0,1,0
BRDA:37,1,0,0
BRDA:37,1,1,0
BRDA:37,1,2,0
BRDA:37,1,3,0
BRDA:37,1,4,0
BRDA:37,1,5,0
BRDA:48,2,0,0
BRDA:48,2,1,0
BRDA:57,3,0,0
BRDA:57,3,1,0
BRDA:67,4,0,0
BRDA:67,4,1,0
BRDA:77,5,0,0
BRDA:77,5,1,0
BRDA:97,6,0,0
BRDA:97,6,1,0
BRDA:133,7,0,0
BRDA:133,7,1,0
BRDA:151,8,0,0
BRDA:151,8,1,0
BRDA:159,9,0,0
BRDA:159,9,1,0
BRDA:167,10,0,0
BRDA:167,10,1,0
BRDA:167,11,0,0
BRDA:167,11,1,0
BRDA:183,12,0,0
BRDA:183,12,1,0
BRDA:193,13,0,0
BRDA:193,13,1,0
BRDA:209,14,0,0
BRDA:209,14,1,0
BRDA:224,15,0,0
BRDA:224,15,1,0
BRDA:231,16,0,0
BRDA:231,16,1,0
BRDA:20,17,0,1
BRDA:20,17,1,0
BRDA:20,18,0,1
BRDA:20,18,1,1
BRDA:20,19,0,1
BRDA:20,19,1,0
BRDA:20,20,0,1
BRDA:20,20,1,1
BRDA:21,21,0,1
BRDA:21,21,1,0
BRDA:21,22,0,1
BRDA:21,22,1,1
BRDA:22,23,0,1
BRDA:22,23,1,0
BRDA:22,24,0,1
BRDA:22,24,1,1
BRDA:23,25,0,1
BRDA:23,25,1,0
BRDA:23,26,0,1
BRDA:23,26,1,1
BRDA:24,27,0,1
BRDA:24,27,1,0
BRDA:24,28,0,1
BRDA:24,28,1,1
BRDA:25,29,0,1
BRDA:25,29,1,0
BRDA:25,30,0,1
BRDA:25,30,1,1
BRDA:26,31,0,1
BRDA:26,31,1,0
BRDA:26,32,0,1
BRDA:26,32,1,1
BRF:70
BRH:24
end_of_record
TN:
SF:src\workflows\dto\appointment-workflow.dto.ts
FNF:0
FNH:0
DA:1,0
DA:2,0
DA:4,0
DA:8,0
DA:12,0
LF:5
LH:0
BRF:0
BRH:0
end_of_record
TN:
SF:src\workflows\dto\doctor-availability-workflow.dto.ts
FNF:0
FNH:0
DA:1,0
DA:2,0
DA:4,0
DA:8,0
DA:12,0
LF:5
LH:0
BRF:0
BRH:0
end_of_record
TN:
SF:src\workflows\dto\escalation-workflow.dto.ts
FNF:0
FNH:0
DA:1,0
DA:2,0
DA:4,0
DA:8,0
DA:13,0
DA:18,0
LF:6
LH:0
BRF:0
BRH:0
end_of_record
TN:
SF:src\workflows\dto\knowledge-workflow.dto.ts
FNF:0
FNH:0
DA:1,0
DA:2,0
DA:4,0
DA:8,0
LF:4
LH:0
BRF:0
BRH:0
end_of_record
TN:
SF:src\workflows\dto\report-status-workflow.dto.ts
FNF:0
FNH:0
DA:1,0
DA:2,0
DA:4,0
DA:8,0
LF:4
LH:0
BRF:0
BRH:0
end_of_record
